<?xml version="1.0" encoding="utf-8"?>
<test-run id="0" testcasecount="14" result="Passed" total="14" passed="14" failed="0" inconclusive="0" skipped="0" asserts="1" portable-engine-version="3.3.0.0" start-time="2017-01-31 19:05:04Z" end-time="2017-01-31 19:05:05Z" duration="1.219155">
  <test-suite type="Assembly" id="1028" name="DotNetTestNSpecSpecs.DLL" fullname="D:/WS/NET/NSpec-framework/NSpec/sln/test/DotNetTestNSpecSpecs/bin/Release/net452/win7-x64/DotNetTestNSpecSpecs.DLL" runstate="Runnable" testcasecount="14" result="Passed" start-time="2017-01-31 19:05:04Z" end-time="2017-01-31 19:05:05Z" duration="0.756514" total="14" passed="14" failed="0" inconclusive="0" skipped="0" asserts="1">
    <environment framework-version="3.4.1.0" clr-version="4.0.30319.42000" os-version="Microsoft Windows NT 6.2.9200.0" platform="Win32NT" cwd="D:\WS\NET\NSpec-framework\NSpec" machine-name="JOSELLITE" user="giuseppe" user-domain="JOSELLITE" culture="it-IT" uiculture="it-IT" os-architecture="x64" />
    <settings>
      <setting name="WorkDirectory" value="D:\WS\NET\NSpec-framework\NSpec" />
      <setting name="NumberOfTestWorkers" value="2" />
    </settings>
    <properties>
      <property name="_PID" value="11004" />
      <property name="_APPDOMAIN" value="dotnet-test-nunit.exe" />
    </properties>
    <test-suite type="TestSuite" id="1029" name="DotNetTestNSpecSpecs" fullname="DotNetTestNSpecSpecs" runstate="Runnable" testcasecount="14" result="Passed" start-time="2017-01-31 19:05:04Z" end-time="2017-01-31 19:05:05Z" duration="0.734217" total="14" passed="14" failed="0" inconclusive="0" skipped="0" asserts="1">
      <test-suite type="TestSuite" id="1030" name="Parsing" fullname="DotNetTestNSpecSpecs.Parsing" runstate="Runnable" testcasecount="14" result="Passed" start-time="2017-01-31 19:05:04Z" end-time="2017-01-31 19:05:05Z" duration="0.731104" total="14" passed="14" failed="0" inconclusive="0" skipped="0" asserts="1">
        <test-suite type="TestFixture" id="1016" name="when_class_name_arg_missing" fullname="DotNetTestNSpecSpecs.Parsing.when_class_name_arg_missing" classname="DotNetTestNSpecSpecs.Parsing.when_class_name_arg_missing" runstate="Runnable" testcasecount="1" result="Passed" start-time="2017-01-31 19:05:04Z" end-time="2017-01-31 19:05:05Z" duration="0.340521" total="1" passed="1" failed="0" inconclusive="0" skipped="0" asserts="0">
          <properties>
            <property name="Category" value="NSpecArgumentParser" />
          </properties>
          <test-case id="1017" name="it_should_return_args_with_null_class_name" fullname="DotNetTestNSpecSpecs.Parsing.when_class_name_arg_missing.it_should_return_args_with_null_class_name" methodname="it_should_return_args_with_null_class_name" classname="DotNetTestNSpecSpecs.Parsing.when_class_name_arg_missing" runstate="Runnable" seed="495922104" result="Passed" start-time="2017-01-31 19:05:04Z" end-time="2017-01-31 19:05:05Z" duration="0.264594" asserts="0" />
        </test-suite>
        <test-suite type="TestFixture" id="1008" name="when_dotnet_test_and_nspec_args_found" fullname="DotNetTestNSpecSpecs.Parsing.when_dotnet_test_and_nspec_args_found" classname="DotNetTestNSpecSpecs.Parsing.when_dotnet_test_and_nspec_args_found" runstate="Runnable" testcasecount="1" result="Passed" start-time="2017-01-31 19:05:05Z" end-time="2017-01-31 19:05:05Z" duration="0.083208" total="1" passed="1" failed="0" inconclusive="0" skipped="0" asserts="0">
          <properties>
            <property name="Category" value="ArgumentParser" />
          </properties>
          <test-case id="1009" name="it_should_return_dotnet_test_and_nspec_args" fullname="DotNetTestNSpecSpecs.Parsing.when_dotnet_test_and_nspec_args_found.it_should_return_dotnet_test_and_nspec_args" methodname="it_should_return_dotnet_test_and_nspec_args" classname="DotNetTestNSpecSpecs.Parsing.when_dotnet_test_and_nspec_args_found" runstate="Runnable" seed="1086749529" result="Passed" start-time="2017-01-31 19:05:05Z" end-time="2017-01-31 19:05:05Z" duration="0.043963" asserts="0" />
        </test-suite>
        <test-suite type="TestFixture" id="1006" name="when_dotnet_test_arg_value_missing" fullname="DotNetTestNSpecSpecs.Parsing.when_dotnet_test_arg_value_missing" classname="DotNetTestNSpecSpecs.Parsing.when_dotnet_test_arg_value_missing" runstate="Runnable" testcasecount="1" result="Passed" start-time="2017-01-31 19:05:05Z" end-time="2017-01-31 19:05:05Z" duration="0.023026" total="1" passed="1" failed="0" inconclusive="0" skipped="0" asserts="1">
          <properties>
            <property name="Category" value="ArgumentParser" />
          </properties>
          <test-case id="1007" name="it_should_throw" fullname="DotNetTestNSpecSpecs.Parsing.when_dotnet_test_arg_value_missing.it_should_throw" methodname="it_should_throw" classname="DotNetTestNSpecSpecs.Parsing.when_dotnet_test_arg_value_missing" runstate="Runnable" seed="2019998163" result="Passed" start-time="2017-01-31 19:05:05Z" end-time="2017-01-31 19:05:05Z" duration="0.017916" asserts="1" />
        </test-suite>
        <test-suite type="TestFixture" id="1002" name="when_dotnet_test_project_arg_missing" fullname="DotNetTestNSpecSpecs.Parsing.when_dotnet_test_project_arg_missing" classname="DotNetTestNSpecSpecs.Parsing.when_dotnet_test_project_arg_missing" runstate="Runnable" testcasecount="1" result="Passed" start-time="2017-01-31 19:05:05Z" end-time="2017-01-31 19:05:05Z" duration="0.019301" total="1" passed="1" failed="0" inconclusive="0" skipped="0" asserts="0">
          <properties>
            <property name="Category" value="ArgumentParser" />
          </properties>
          <test-case id="1003" name="it_should_return_args_with_null_project" fullname="DotNetTestNSpecSpecs.Parsing.when_dotnet_test_project_arg_missing.it_should_return_args_with_null_project" methodname="it_should_return_args_with_null_project" classname="DotNetTestNSpecSpecs.Parsing.when_dotnet_test_project_arg_missing" runstate="Runnable" seed="1706261307" result="Passed" start-time="2017-01-31 19:05:05Z" end-time="2017-01-31 19:05:05Z" duration="0.004437" asserts="0" />
        </test-suite>
        <test-suite type="TestFixture" id="1020" name="when_failfast_arg_missing" fullname="DotNetTestNSpecSpecs.Parsing.when_failfast_arg_missing" classname="DotNetTestNSpecSpecs.Parsing.when_failfast_arg_missing" runstate="Runnable" testcasecount="1" result="Passed" start-time="2017-01-31 19:05:05Z" end-time="2017-01-31 19:05:05Z" duration="0.010394" total="1" passed="1" failed="0" inconclusive="0" skipped="0" asserts="0">
          <properties>
            <property name="Category" value="NSpecArgumentParser" />
          </properties>
          <test-case id="1021" name="it_should_return_args_with_failfast_false" fullname="DotNetTestNSpecSpecs.Parsing.when_failfast_arg_missing.it_should_return_args_with_failfast_false" methodname="it_should_return_args_with_failfast_false" classname="DotNetTestNSpecSpecs.Parsing.when_failfast_arg_missing" runstate="Runnable" seed="890116657" result="Passed" start-time="2017-01-31 19:05:05Z" end-time="2017-01-31 19:05:05Z" duration="0.004913" asserts="0" />
        </test-suite>
        <test-suite type="TestFixture" id="1022" name="when_formatter_arg_missing" fullname="DotNetTestNSpecSpecs.Parsing.when_formatter_arg_missing" classname="DotNetTestNSpecSpecs.Parsing.when_formatter_arg_missing" runstate="Runnable" testcasecount="1" result="Passed" start-time="2017-01-31 19:05:05Z" end-time="2017-01-31 19:05:05Z" duration="0.010988" total="1" passed="1" failed="0" inconclusive="0" skipped="0" asserts="0">
          <properties>
            <property name="Category" value="NSpecArgumentParser" />
          </properties>
          <test-case id="1023" name="it_should_return_args_with_null_formatter" fullname="DotNetTestNSpecSpecs.Parsing.when_formatter_arg_missing.it_should_return_args_with_null_formatter" methodname="it_should_return_args_with_null_formatter" classname="DotNetTestNSpecSpecs.Parsing.when_formatter_arg_missing" runstate="Runnable" seed="893746142" result="Passed" start-time="2017-01-31 19:05:05Z" end-time="2017-01-31 19:05:05Z" duration="0.004518" asserts="0" />
        </test-suite>
        <test-suite type="TestFixture" id="1024" name="when_formatter_options_arg_missing" fullname="DotNetTestNSpecSpecs.Parsing.when_formatter_options_arg_missing" classname="DotNetTestNSpecSpecs.Parsing.when_formatter_options_arg_missing" runstate="Runnable" testcasecount="1" result="Passed" start-time="2017-01-31 19:05:05Z" end-time="2017-01-31 19:05:05Z" duration="0.011728" total="1" passed="1" failed="0" inconclusive="0" skipped="0" asserts="0">
          <properties>
            <property name="Category" value="NSpecArgumentParser" />
          </properties>
          <test-case id="1025" name="it_should_return_args_with_empty_formatter_options" fullname="DotNetTestNSpecSpecs.Parsing.when_formatter_options_arg_missing.it_should_return_args_with_empty_formatter_options" methodname="it_should_return_args_with_empty_formatter_options" classname="DotNetTestNSpecSpecs.Parsing.when_formatter_options_arg_missing" runstate="Runnable" seed="1547508378" result="Passed" start-time="2017-01-31 19:05:05Z" end-time="2017-01-31 19:05:05Z" duration="0.006407" asserts="0" />
        </test-suite>
        <test-suite type="TestFixture" id="1010" name="when_no_nspec_args_found_after_separator" fullname="DotNetTestNSpecSpecs.Parsing.when_no_nspec_args_found_after_separator" classname="DotNetTestNSpecSpecs.Parsing.when_no_nspec_args_found_after_separator" runstate="Runnable" testcasecount="1" result="Passed" start-time="2017-01-31 19:05:05Z" end-time="2017-01-31 19:05:05Z" duration="0.015392" total="1" passed="1" failed="0" inconclusive="0" skipped="0" asserts="0">
          <properties>
            <property name="Category" value="ArgumentParser" />
          </properties>
          <test-case id="1011" name="it_should_return_dotnet_test_args_only" fullname="DotNetTestNSpecSpecs.Parsing.when_no_nspec_args_found_after_separator.it_should_return_dotnet_test_args_only" methodname="it_should_return_dotnet_test_args_only" classname="DotNetTestNSpecSpecs.Parsing.when_no_nspec_args_found_after_separator" runstate="Runnable" seed="549083551" result="Passed" start-time="2017-01-31 19:05:05Z" end-time="2017-01-31 19:05:05Z" duration="0.010911" asserts="0" />
        </test-suite>
        <test-suite type="TestFixture" id="1000" name="when_only_dotnet_test_args_found" fullname="DotNetTestNSpecSpecs.Parsing.when_only_dotnet_test_args_found" classname="DotNetTestNSpecSpecs.Parsing.when_only_dotnet_test_args_found" runstate="Runnable" testcasecount="1" result="Passed" start-time="2017-01-31 19:05:05Z" end-time="2017-01-31 19:05:05Z" duration="0.008500" total="1" passed="1" failed="0" inconclusive="0" skipped="0" asserts="0">
          <properties>
            <property name="Category" value="ArgumentParser" />
          </properties>
          <test-case id="1001" name="it_should_return_dotnet_test_args_only" fullname="DotNetTestNSpecSpecs.Parsing.when_only_dotnet_test_args_found.it_should_return_dotnet_test_args_only" methodname="it_should_return_dotnet_test_args_only" classname="DotNetTestNSpecSpecs.Parsing.when_only_dotnet_test_args_found" runstate="Runnable" seed="1590053695" result="Passed" start-time="2017-01-31 19:05:05Z" end-time="2017-01-31 19:05:05Z" duration="0.003566" asserts="0" />
        </test-suite>
        <test-suite type="TestFixture" id="1014" name="when_only_nspec_args_found" fullname="DotNetTestNSpecSpecs.Parsing.when_only_nspec_args_found" classname="DotNetTestNSpecSpecs.Parsing.when_only_nspec_args_found" runstate="Runnable" testcasecount="1" result="Passed" start-time="2017-01-31 19:05:05Z" end-time="2017-01-31 19:05:05Z" duration="0.020699" total="1" passed="1" failed="0" inconclusive="0" skipped="0" asserts="0">
          <properties>
            <property name="Category" value="NSpecArgumentParser" />
          </properties>
          <test-case id="1015" name="it_should_return_nspec_args_only" fullname="DotNetTestNSpecSpecs.Parsing.when_only_nspec_args_found.it_should_return_nspec_args_only" methodname="it_should_return_nspec_args_only" classname="DotNetTestNSpecSpecs.Parsing.when_only_nspec_args_found" runstate="Runnable" seed="1434369918" result="Passed" start-time="2017-01-31 19:05:05Z" end-time="2017-01-31 19:05:05Z" duration="0.006581" asserts="0" />
        </test-suite>
        <test-suite type="TestFixture" id="1004" name="when_some_dotnet_test_arg_missing" fullname="DotNetTestNSpecSpecs.Parsing.when_some_dotnet_test_arg_missing" classname="DotNetTestNSpecSpecs.Parsing.when_some_dotnet_test_arg_missing" runstate="Runnable" testcasecount="1" result="Passed" start-time="2017-01-31 19:05:05Z" end-time="2017-01-31 19:05:05Z" duration="0.009496" total="1" passed="1" failed="0" inconclusive="0" skipped="0" asserts="0">
          <properties>
            <property name="Category" value="ArgumentParser" />
          </properties>
          <test-case id="1005" name="it_should_return_found_args_only" fullname="DotNetTestNSpecSpecs.Parsing.when_some_dotnet_test_arg_missing.it_should_return_found_args_only" methodname="it_should_return_found_args_only" classname="DotNetTestNSpecSpecs.Parsing.when_some_dotnet_test_arg_missing" runstate="Runnable" seed="2012233970" result="Passed" start-time="2017-01-31 19:05:05Z" end-time="2017-01-31 19:05:05Z" duration="0.005547" asserts="0" />
        </test-suite>
        <test-suite type="TestFixture" id="1018" name="when_tags_arg_missing" fullname="DotNetTestNSpecSpecs.Parsing.when_tags_arg_missing" classname="DotNetTestNSpecSpecs.Parsing.when_tags_arg_missing" runstate="Runnable" testcasecount="1" result="Passed" start-time="2017-01-31 19:05:05Z" end-time="2017-01-31 19:05:05Z" duration="0.011022" total="1" passed="1" failed="0" inconclusive="0" skipped="0" asserts="0">
          <properties>
            <property name="Category" value="NSpecArgumentParser" />
          </properties>
          <test-case id="1019" name="it_should_return_args_with_empty_tags" fullname="DotNetTestNSpecSpecs.Parsing.when_tags_arg_missing.it_should_return_args_with_empty_tags" methodname="it_should_return_args_with_empty_tags" classname="DotNetTestNSpecSpecs.Parsing.when_tags_arg_missing" runstate="Runnable" seed="1230120234" result="Passed" start-time="2017-01-31 19:05:05Z" end-time="2017-01-31 19:05:05Z" duration="0.006794" asserts="0" />
        </test-suite>
        <test-suite type="TestFixture" id="1026" name="when_unknown_args_found_after_classname" fullname="DotNetTestNSpecSpecs.Parsing.when_unknown_args_found_after_classname" classname="DotNetTestNSpecSpecs.Parsing.when_unknown_args_found_after_classname" runstate="Runnable" testcasecount="1" result="Passed" start-time="2017-01-31 19:05:05Z" end-time="2017-01-31 19:05:05Z" duration="0.015520" total="1" passed="1" failed="0" inconclusive="0" skipped="0" asserts="0">
          <properties>
            <property name="Category" value="NSpecArgumentParser" />
          </properties>
          <test-case id="1027" name="it_should_return_nspec_and_unknown_args" fullname="DotNetTestNSpecSpecs.Parsing.when_unknown_args_found_after_classname.it_should_return_nspec_and_unknown_args" methodname="it_should_return_nspec_and_unknown_args" classname="DotNetTestNSpecSpecs.Parsing.when_unknown_args_found_after_classname" runstate="Runnable" seed="350009158" result="Passed" start-time="2017-01-31 19:05:05Z" end-time="2017-01-31 19:05:05Z" duration="0.004916" asserts="0" />
        </test-suite>
        <test-suite type="TestFixture" id="1012" name="when_unknown_args_found_before_separator" fullname="DotNetTestNSpecSpecs.Parsing.when_unknown_args_found_before_separator" classname="DotNetTestNSpecSpecs.Parsing.when_unknown_args_found_before_separator" runstate="Runnable" testcasecount="1" result="Passed" start-time="2017-01-31 19:05:05Z" end-time="2017-01-31 19:05:05Z" duration="0.012816" total="1" passed="1" failed="0" inconclusive="0" skipped="0" asserts="0">
          <properties>
            <property name="Category" value="ArgumentParser" />
          </properties>
          <test-case id="1013" name="it_should_return_dotnet_test_and_unknown_args" fullname="DotNetTestNSpecSpecs.Parsing.when_unknown_args_found_before_separator.it_should_return_dotnet_test_and_unknown_args" methodname="it_should_return_dotnet_test_and_unknown_args" classname="DotNetTestNSpecSpecs.Parsing.when_unknown_args_found_before_separator" runstate="Runnable" seed="933310632" result="Passed" start-time="2017-01-31 19:05:05Z" end-time="2017-01-31 19:05:05Z" duration="0.008958" asserts="0" />
        </test-suite>
      </test-suite>
    </test-suite>
  </test-suite>
</test-run>