<?xml version="1.0" encoding="utf-8"?>
<report xmlns:xsd="http://www.w3.org/2001/XMLSchema" xmlns:xsi="http://www.w3.org/2001/XMLSchema-instance" xmlns="http://www.gallio.org/">
  <testPackage shadowCopy="false" debug="false">
    <files>
      <file>C:\Development\NSpec\SampleSpecs\bin\Release\SampleSpecs.dll</file>
    </files>
    <hintDirectories />
    <excludedFrameworkIds />
    <properties />
  </testPackage>
  <testModel>
    <test id="c2722843734a7a54" name="Root" fullName="" isTestCase="false">
      <codeReference />
      <codeLocation />
      <metadata>
        <entry key="TestKind">
          <value>Root</value>
        </entry>
      </metadata>
      <children>
        <test id="f6bb5e8af9aed4a7" name="SampleSpecs" fullName="SampleSpecs" isTestCase="false">
          <codeReference assembly="SampleSpecs, Version=1.0.0.0, Culture=neutral, PublicKeyToken=null" />
          <codeLocation path="C:\Development\NSpec\SampleSpecs\bin\Release\SampleSpecs.DLL" />
          <metadata>
            <entry key="TestKind">
              <value>NUnit v2.5.4+ Assembly</value>
              <value>Assembly</value>
            </entry>
            <entry key="CodeBase">
              <value>C:\Development\NSpec\SampleSpecs\bin\Release\SampleSpecs.DLL</value>
            </entry>
            <entry key="Company">
              <value>Microsoft</value>
            </entry>
            <entry key="Copyright">
              <value>Copyright Â© Microsoft 2011</value>
            </entry>
            <entry key="FileVersion">
              <value>1.0.0.0</value>
            </entry>
            <entry key="Product">
              <value>SampleSpecs</value>
            </entry>
            <entry key="Title">
              <value>SampleSpecs</value>
            </entry>
            <entry key="Version">
              <value>1.0.0.0</value>
            </entry>
            <entry key="Framework">
              <value>NUnit v2.5.7.10213</value>
              <value>NSpec v0.9.50.0</value>
            </entry>
            <entry key="File">
              <value>C:\Development\NSpec\SampleSpecs\bin\Release\SampleSpecs.DLL</value>
            </entry>
          </metadata>
          <children>
            <test id="c6b8d6e65c97ded4" name="DebuggerShim" fullName="SampleSpecs/DebuggerShim" isTestCase="false">
              <codeReference assembly="SampleSpecs, Version=1.0.0.0, Culture=neutral, PublicKeyToken=null" namespace="" type="DebuggerShim" />
              <codeLocation path="C:\Development\NSpec\SampleSpecs\DebuggerShim.cs" />
              <metadata>
                <entry key="TestKind">
                  <value>Fixture</value>
                </entry>
              </metadata>
              <children>
                <test id="e571cfe3eec731a9" name="debug" fullName="SampleSpecs/DebuggerShim/debug" isTestCase="true">
                  <codeReference assembly="SampleSpecs, Version=1.0.0.0, Culture=neutral, PublicKeyToken=null" namespace="" type="DebuggerShim" member="debug" />
                  <codeLocation path="C:\Development\NSpec\SampleSpecs\DebuggerShim.cs" line="16" />
                  <metadata>
                    <entry key="TestKind">
                      <value>Test</value>
                    </entry>
                  </metadata>
                  <children />
                  <parameters />
                </test>
              </children>
              <parameters />
            </test>
            <test id="987e5897542f8d24" name="SampleSpecs" fullName="SampleSpecs/SampleSpecs" isTestCase="false">
              <codeReference assembly="SampleSpecs, Version=1.0.0.0, Culture=neutral, PublicKeyToken=null" />
              <codeLocation path="C:\Development\NSpec\SampleSpecs\bin\Release\SampleSpecs.DLL" />
              <metadata>
                <entry key="TestKind">
                  <value>Suite</value>
                </entry>
              </metadata>
              <children>
                <test id="965d06f0c2f6180a" name="Compare" fullName="SampleSpecs/SampleSpecs/Compare" isTestCase="false">
                  <codeReference assembly="SampleSpecs, Version=1.0.0.0, Culture=neutral, PublicKeyToken=null" />
                  <codeLocation path="C:\Development\NSpec\SampleSpecs\bin\Release\SampleSpecs.DLL" />
                  <metadata>
                    <entry key="TestKind">
                      <value>Suite</value>
                    </entry>
                  </metadata>
                  <children>
                    <test id="a60c7fda2e28f725" name="NUnit" fullName="SampleSpecs/SampleSpecs/Compare/NUnit" isTestCase="false">
                      <codeReference assembly="SampleSpecs, Version=1.0.0.0, Culture=neutral, PublicKeyToken=null" />
                      <codeLocation path="C:\Development\NSpec\SampleSpecs\bin\Release\SampleSpecs.DLL" />
                      <metadata>
                        <entry key="TestKind">
                          <value>Suite</value>
                        </entry>
                      </metadata>
                      <children>
                        <test id="4757f4fad9920f07" name="Describe_VendingMachine" fullName="SampleSpecs/SampleSpecs/Compare/NUnit/Describe_VendingMachine" isTestCase="false">
                          <codeReference assembly="SampleSpecs, Version=1.0.0.0, Culture=neutral, PublicKeyToken=null" />
                          <codeLocation path="C:\Development\NSpec\SampleSpecs\bin\Release\SampleSpecs.DLL" />
                          <metadata>
                            <entry key="TestKind">
                              <value>Suite</value>
                            </entry>
                          </metadata>
                          <children>
                            <test id="a1677b12c9c88ed9" name="given_a_registered_item_has_been_stocked" fullName="SampleSpecs/SampleSpecs/Compare/NUnit/Describe_VendingMachine/given_a_registered_item_has_been_stocked" isTestCase="false">
                              <codeReference assembly="SampleSpecs, Version=1.0.0.0, Culture=neutral, PublicKeyToken=null" namespace="SampleSpecs.Compare.NUnit.Describe_VendingMachine" type="SampleSpecs.Compare.NUnit.Describe_VendingMachine.given_a_registered_item_has_been_stocked" />
                              <codeLocation path="C:\Development\NSpec\SampleSpecs\Compare\NUnit\Describe_VendingMachine\given_a_registered_item_has_been_stocked.cs" />
                              <metadata>
                                <entry key="TestKind">
                                  <value>Fixture</value>
                                </entry>
                              </metadata>
                              <children>
                                <test id="84d0608426e369c7" name="given_A1_is_stocked_it_should_be_in_stock" fullName="SampleSpecs/SampleSpecs/Compare/NUnit/Describe_VendingMachine/given_a_registered_item_has_been_stocked/given_A1_is_stocked_it_should_be_in_stock" isTestCase="true">
                                  <codeReference assembly="SampleSpecs, Version=1.0.0.0, Culture=neutral, PublicKeyToken=null" namespace="SampleSpecs.Compare.NUnit.Describe_VendingMachine" type="SampleSpecs.Compare.NUnit.Describe_VendingMachine.given_a_registered_item_has_been_stocked" member="given_A1_is_stocked_it_should_be_in_stock" />
                                  <codeLocation path="C:\Development\NSpec\SampleSpecs\Compare\NUnit\Describe_VendingMachine\given_a_registered_item_has_been_stocked.cs" line="21" />
                                  <metadata>
                                    <entry key="TestKind">
                                      <value>Test</value>
                                    </entry>
                                  </metadata>
                                  <children />
                                  <parameters />
                                </test>
                              </children>
                              <parameters />
                            </test>
                            <test id="fb711bf35ceb4b5d" name="given_doritos_are_registerd_in_A1_for_50_cents" fullName="SampleSpecs/SampleSpecs/Compare/NUnit/Describe_VendingMachine/given_doritos_are_registerd_in_A1_for_50_cents" isTestCase="false">
                              <codeReference assembly="SampleSpecs, Version=1.0.0.0, Culture=neutral, PublicKeyToken=null" namespace="SampleSpecs.Compare.NUnit.Describe_VendingMachine" type="SampleSpecs.Compare.NUnit.Describe_VendingMachine.given_doritos_are_registerd_in_A1_for_50_cents" />
                              <codeLocation path="C:\Development\NSpec\SampleSpecs\Compare\NUnit\Describe_VendingMachine\given_doritos_are_registerd_in_A1_for_50_cents.cs" />
                              <metadata>
                                <entry key="TestKind">
                                  <value>Fixture</value>
                                </entry>
                              </metadata>
                              <children>
                                <test id="49f5b0f68d9000de" name="registering_cheetos_in_the_same_slot_should_throw_SlotAlreadyAssignedException" fullName="SampleSpecs/SampleSpecs/Compare/NUnit/Describe_VendingMachine/given_doritos_are_registerd_in_A1_for_50_cents/registering_cheetos_in_the_same_slot_should_throw_SlotAlreadyAssignedException" isTestCase="true">
                                  <codeReference assembly="SampleSpecs, Version=1.0.0.0, Culture=neutral, PublicKeyToken=null" namespace="SampleSpecs.Compare.NUnit.Describe_VendingMachine" type="SampleSpecs.Compare.NUnit.Describe_VendingMachine.given_doritos_are_registerd_in_A1_for_50_cents" member="registering_cheetos_in_the_same_slot_should_throw_SlotAlreadyAssignedException" />
                                  <codeLocation path="C:\Development\NSpec\SampleSpecs\Compare\NUnit\Describe_VendingMachine\given_doritos_are_registerd_in_A1_for_50_cents.cs" line="50" />
                                  <metadata>
                                    <entry key="TestKind">
                                      <value>Test</value>
                                    </entry>
                                  </metadata>
                                  <children />
                                  <parameters />
                                </test>
                                <test id="cd4a6023c8d0571c" name="should_be_1_item_in_the_vending_machine" fullName="SampleSpecs/SampleSpecs/Compare/NUnit/Describe_VendingMachine/given_doritos_are_registerd_in_A1_for_50_cents/should_be_1_item_in_the_vending_machine" isTestCase="true">
                                  <codeReference assembly="SampleSpecs, Version=1.0.0.0, Culture=neutral, PublicKeyToken=null" namespace="SampleSpecs.Compare.NUnit.Describe_VendingMachine" type="SampleSpecs.Compare.NUnit.Describe_VendingMachine.given_doritos_are_registerd_in_A1_for_50_cents" member="should_be_1_item_in_the_vending_machine" />
                                  <codeLocation path="C:\Development\NSpec\SampleSpecs\Compare\NUnit\Describe_VendingMachine\given_doritos_are_registerd_in_A1_for_50_cents.cs" line="26" />
                                  <metadata>
                                    <entry key="TestKind">
                                      <value>Test</value>
                                    </entry>
                                  </metadata>
                                  <children />
                                  <parameters />
                                </test>
                                <test id="b2f0843d508af582" name="should_not_be_InStock" fullName="SampleSpecs/SampleSpecs/Compare/NUnit/Describe_VendingMachine/given_doritos_are_registerd_in_A1_for_50_cents/should_not_be_InStock" isTestCase="true">
                                  <codeReference assembly="SampleSpecs, Version=1.0.0.0, Culture=neutral, PublicKeyToken=null" namespace="SampleSpecs.Compare.NUnit.Describe_VendingMachine" type="SampleSpecs.Compare.NUnit.Describe_VendingMachine.given_doritos_are_registerd_in_A1_for_50_cents" member="should_not_be_InStock" />
                                  <codeLocation path="C:\Development\NSpec\SampleSpecs\Compare\NUnit\Describe_VendingMachine\given_doritos_are_registerd_in_A1_for_50_cents.cs" line="20" />
                                  <metadata>
                                    <entry key="TestKind">
                                      <value>Test</value>
                                    </entry>
                                  </metadata>
                                  <children />
                                  <parameters />
                                </test>
                                <test id="9a81380010bab651" name="the_item_should_have_a_cost_of_50_cents" fullName="SampleSpecs/SampleSpecs/Compare/NUnit/Describe_VendingMachine/given_doritos_are_registerd_in_A1_for_50_cents/the_item_should_have_a_cost_of_50_cents" isTestCase="true">
                                  <codeReference assembly="SampleSpecs, Version=1.0.0.0, Culture=neutral, PublicKeyToken=null" namespace="SampleSpecs.Compare.NUnit.Describe_VendingMachine" type="SampleSpecs.Compare.NUnit.Describe_VendingMachine.given_doritos_are_registerd_in_A1_for_50_cents" member="the_item_should_have_a_cost_of_50_cents" />
                                  <codeLocation path="C:\Development\NSpec\SampleSpecs\Compare\NUnit\Describe_VendingMachine\given_doritos_are_registerd_in_A1_for_50_cents.cs" line="44" />
                                  <metadata>
                                    <entry key="TestKind">
                                      <value>Test</value>
                                    </entry>
                                  </metadata>
                                  <children />
                                  <parameters />
                                </test>
                                <test id="f1b78b88423491bd" name="the_item_should_have_a_slot_of_A1" fullName="SampleSpecs/SampleSpecs/Compare/NUnit/Describe_VendingMachine/given_doritos_are_registerd_in_A1_for_50_cents/the_item_should_have_a_slot_of_A1" isTestCase="true">
                                  <codeReference assembly="SampleSpecs, Version=1.0.0.0, Culture=neutral, PublicKeyToken=null" namespace="SampleSpecs.Compare.NUnit.Describe_VendingMachine" type="SampleSpecs.Compare.NUnit.Describe_VendingMachine.given_doritos_are_registerd_in_A1_for_50_cents" member="the_item_should_have_a_slot_of_A1" />
                                  <codeLocation path="C:\Development\NSpec\SampleSpecs\Compare\NUnit\Describe_VendingMachine\given_doritos_are_registerd_in_A1_for_50_cents.cs" line="38" />
                                  <metadata>
                                    <entry key="TestKind">
                                      <value>Test</value>
                                    </entry>
                                  </metadata>
                                  <children />
                                  <parameters />
                                </test>
                                <test id="a5a27d34393319b7" name="the_item_should_have_the_name_doritos" fullName="SampleSpecs/SampleSpecs/Compare/NUnit/Describe_VendingMachine/given_doritos_are_registerd_in_A1_for_50_cents/the_item_should_have_the_name_doritos" isTestCase="true">
                                  <codeReference assembly="SampleSpecs, Version=1.0.0.0, Culture=neutral, PublicKeyToken=null" namespace="SampleSpecs.Compare.NUnit.Describe_VendingMachine" type="SampleSpecs.Compare.NUnit.Describe_VendingMachine.given_doritos_are_registerd_in_A1_for_50_cents" member="the_item_should_have_the_name_doritos" />
                                  <codeLocation path="C:\Development\NSpec\SampleSpecs\Compare\NUnit\Describe_VendingMachine\given_doritos_are_registerd_in_A1_for_50_cents.cs" line="32" />
                                  <metadata>
                                    <entry key="TestKind">
                                      <value>Test</value>
                                    </entry>
                                  </metadata>
                                  <children />
                                  <parameters />
                                </test>
                              </children>
                              <parameters />
                            </test>
                            <test id="ca089110cb530485" name="given_nothing_has_been_registered" fullName="SampleSpecs/SampleSpecs/Compare/NUnit/Describe_VendingMachine/given_nothing_has_been_registered" isTestCase="false">
                              <codeReference assembly="SampleSpecs, Version=1.0.0.0, Culture=neutral, PublicKeyToken=null" namespace="SampleSpecs.Compare.NUnit.Describe_VendingMachine" type="SampleSpecs.Compare.NUnit.Describe_VendingMachine.given_nothing_has_been_registered" />
                              <codeLocation path="C:\Development\NSpec\SampleSpecs\Compare\NUnit\Describe_VendingMachine\given_nothing_has_been_registered.cs" />
                              <metadata>
                                <entry key="TestKind">
                                  <value>Fixture</value>
                                </entry>
                              </metadata>
                              <children>
                                <test id="b482afa0c51a02ed" name="when_stocking_a_slot_should_throw_NothingRegisteredException" fullName="SampleSpecs/SampleSpecs/Compare/NUnit/Describe_VendingMachine/given_nothing_has_been_registered/when_stocking_a_slot_should_throw_NothingRegisteredException" isTestCase="true">
                                  <codeReference assembly="SampleSpecs, Version=1.0.0.0, Culture=neutral, PublicKeyToken=null" namespace="SampleSpecs.Compare.NUnit.Describe_VendingMachine" type="SampleSpecs.Compare.NUnit.Describe_VendingMachine.given_nothing_has_been_registered" member="when_stocking_a_slot_should_throw_NothingRegisteredException" />
                                  <codeLocation path="C:\Development\NSpec\SampleSpecs\Compare\NUnit\Describe_VendingMachine\given_nothing_has_been_registered.cs" line="17" />
                                  <metadata>
                                    <entry key="TestKind">
                                      <value>Test</value>
                                    </entry>
                                  </metadata>
                                  <children />
                                  <parameters />
                                </test>
                              </children>
                              <parameters />
                            </test>
                            <test id="99f7b4a7e1d88535" name="given_previously_registered_items_are_cleared" fullName="SampleSpecs/SampleSpecs/Compare/NUnit/Describe_VendingMachine/given_previously_registered_items_are_cleared" isTestCase="false">
                              <codeReference assembly="SampleSpecs, Version=1.0.0.0, Culture=neutral, PublicKeyToken=null" namespace="SampleSpecs.Compare.NUnit.Describe_VendingMachine" type="SampleSpecs.Compare.NUnit.Describe_VendingMachine.given_previously_registered_items_are_cleared" />
                              <codeLocation path="C:\Development\NSpec\SampleSpecs\Compare\NUnit\Describe_VendingMachine\given_previously_registered_items_are_cleared.cs" />
                              <metadata>
                                <entry key="TestKind">
                                  <value>Fixture</value>
                                </entry>
                              </metadata>
                              <children>
                                <test id="4862a0156875a2fb" name="there_should_be_no_items_in_the_vending_machine" fullName="SampleSpecs/SampleSpecs/Compare/NUnit/Describe_VendingMachine/given_previously_registered_items_are_cleared/there_should_be_no_items_in_the_vending_machine" isTestCase="true">
                                  <codeReference assembly="SampleSpecs, Version=1.0.0.0, Culture=neutral, PublicKeyToken=null" namespace="SampleSpecs.Compare.NUnit.Describe_VendingMachine" type="SampleSpecs.Compare.NUnit.Describe_VendingMachine.given_previously_registered_items_are_cleared" member="there_should_be_no_items_in_the_vending_machine" />
                                  <codeLocation path="C:\Development\NSpec\SampleSpecs\Compare\NUnit\Describe_VendingMachine\given_previously_registered_items_are_cleared.cs" line="22" />
                                  <metadata>
                                    <entry key="TestKind">
                                      <value>Test</value>
                                    </entry>
                                  </metadata>
                                  <children />
                                  <parameters />
                                </test>
                              </children>
                              <parameters />
                            </test>
                            <test id="1564a3295e68fe8c" name="given_two_items_are_registered" fullName="SampleSpecs/SampleSpecs/Compare/NUnit/Describe_VendingMachine/given_two_items_are_registered" isTestCase="false">
                              <codeReference assembly="SampleSpecs, Version=1.0.0.0, Culture=neutral, PublicKeyToken=null" namespace="SampleSpecs.Compare.NUnit.Describe_VendingMachine" type="SampleSpecs.Compare.NUnit.Describe_VendingMachine.given_two_items_are_registered" />
                              <codeLocation path="C:\Development\NSpec\SampleSpecs\Compare\NUnit\Describe_VendingMachine\given_two_items_are_registered.cs" />
                              <metadata>
                                <entry key="TestKind">
                                  <value>Fixture</value>
                                </entry>
                              </metadata>
                              <children>
                                <test id="79b8a08b20c023ff" name="should_be_2_items_in_the_vending_machine" fullName="SampleSpecs/SampleSpecs/Compare/NUnit/Describe_VendingMachine/given_two_items_are_registered/should_be_2_items_in_the_vending_machine" isTestCase="true">
                                  <codeReference assembly="SampleSpecs, Version=1.0.0.0, Culture=neutral, PublicKeyToken=null" namespace="SampleSpecs.Compare.NUnit.Describe_VendingMachine" type="SampleSpecs.Compare.NUnit.Describe_VendingMachine.given_two_items_are_registered" member="should_be_2_items_in_the_vending_machine" />
                                  <codeLocation path="C:\Development\NSpec\SampleSpecs\Compare\NUnit\Describe_VendingMachine\given_two_items_are_registered.cs" line="22" />
                                  <metadata>
                                    <entry key="TestKind">
                                      <value>Test</value>
                                    </entry>
                                  </metadata>
                                  <children />
                                  <parameters />
                                </test>
                              </children>
                              <parameters />
                            </test>
                          </children>
                          <parameters />
                        </test>
                      </children>
                      <parameters />
                    </test>
                  </children>
                  <parameters />
                </test>
              </children>
              <parameters />
            </test>
            <test id="b6e6adcefc69e183" name="describe method level examples" fullName="SampleSpecs/describe method level examples" isTestCase="false">
              <codeReference />
              <codeLocation />
              <metadata>
                <entry key="TestKind">
                  <value>Fixture</value>
                </entry>
              </metadata>
              <children>
                <test id="73b91abc85eff82f" name="it should run methods that start with IT as an assertion" fullName="SampleSpecs/describe method level examples/it should run methods that start with IT as an assertion" isTestCase="true">
                  <codeReference />
                  <codeLocation />
                  <metadata>
                    <entry key="TestKind">
                      <value>Test</value>
                    </entry>
                  </metadata>
                  <children />
                  <parameters />
                </test>
                <test id="b4af432f5a3f49a9" name="specify that methods that start with SPECIFY should run as assertion" fullName="SampleSpecs/describe method level examples/specify that methods that start with SPECIFY should run as assertion" isTestCase="true">
                  <codeReference />
                  <codeLocation />
                  <metadata>
                    <entry key="TestKind">
                      <value>Test</value>
                    </entry>
                  </metadata>
                  <children />
                  <parameters />
                </test>
              </children>
              <parameters />
            </test>
            <test id="b25a3851f39d4962" name="action indexer approach" fullName="SampleSpecs/action indexer approach" isTestCase="false">
              <codeReference />
              <codeLocation />
              <metadata>
                <entry key="TestKind">
                  <value>Fixture</value>
                </entry>
              </metadata>
              <children>
                <test id="a2be5b79637fe7b" name="a user" fullName="SampleSpecs/action indexer approach/a user" isTestCase="false">
                  <codeReference />
                  <codeLocation />
                  <metadata>
                    <entry key="TestKind">
                      <value>Fixture</value>
                    </entry>
                  </metadata>
                  <children>
                    <test id="c58827a5fe623dfa" name="user Id should not be default" fullName="SampleSpecs/action indexer approach/a user/user Id should not be default" isTestCase="true">
                      <codeReference />
                      <codeLocation />
                      <metadata>
                        <entry key="TestKind">
                          <value>Test</value>
                        </entry>
                      </metadata>
                      <children />
                      <parameters />
                    </test>
                    <test id="40f2d7425093dfd" name="user Admin should be false" fullName="SampleSpecs/action indexer approach/a user/user Admin should be false" isTestCase="true">
                      <codeReference />
                      <codeLocation />
                      <metadata>
                        <entry key="TestKind">
                          <value>Test</value>
                        </entry>
                      </metadata>
                      <children />
                      <parameters />
                    </test>
                    <test id="fb2d343bb4b366e1" name="should work" fullName="SampleSpecs/action indexer approach/a user/should work" isTestCase="true">
                      <codeReference />
                      <codeLocation />
                      <metadata>
                        <entry key="TestKind">
                          <value>Test</value>
                        </entry>
                      </metadata>
                      <children />
                      <parameters />
                    </test>
                    <test id="33a9c6e909f99a0a" name="user is admin" fullName="SampleSpecs/action indexer approach/a user/user is admin" isTestCase="false">
                      <codeReference />
                      <codeLocation />
                      <metadata>
                        <entry key="TestKind">
                          <value>Fixture</value>
                        </entry>
                      </metadata>
                      <children>
                        <test id="b05e841389f95833" name="user Admin should be true" fullName="SampleSpecs/action indexer approach/a user/user is admin/user Admin should be true" isTestCase="true">
                          <codeReference />
                          <codeLocation />
                          <metadata>
                            <entry key="TestKind">
                              <value>Test</value>
                            </entry>
                          </metadata>
                          <children />
                          <parameters />
                        </test>
                        <test id="758550526d0d0eeb" name="user is terminated" fullName="SampleSpecs/action indexer approach/a user/user is admin/user is terminated" isTestCase="false">
                          <codeReference />
                          <codeLocation />
                          <metadata>
                            <entry key="TestKind">
                              <value>Fixture</value>
                            </entry>
                          </metadata>
                          <children>
                            <test id="8130c69f278a3535" name="user Terminated should be true" fullName="SampleSpecs/action indexer approach/a user/user is admin/user is terminated/user Terminated should be true" isTestCase="true">
                              <codeReference />
                              <codeLocation />
                              <metadata>
                                <entry key="TestKind">
                                  <value>Test</value>
                                </entry>
                              </metadata>
                              <children />
                              <parameters />
                            </test>
                          </children>
                          <parameters />
                        </test>
                      </children>
                      <parameters />
                    </test>
                  </children>
                  <parameters />
                </test>
              </children>
              <parameters />
            </test>
            <test id="76465f8412a5cf77" name="describe Math" fullName="SampleSpecs/describe Math" isTestCase="false">
              <codeReference />
              <codeLocation />
              <metadata>
                <entry key="TestKind">
                  <value>Fixture</value>
                </entry>
              </metadata>
              <children>
                <test id="6b192f052fd54cb1" name="verify strictly increasing numbers" fullName="SampleSpecs/describe Math/verify strictly increasing numbers" isTestCase="false">
                  <codeReference />
                  <codeLocation />
                  <metadata>
                    <entry key="TestKind">
                      <value>Fixture</value>
                    </entry>
                  </metadata>
                  <children>
                    <test id="2eea64dd5357faae" name="2 should be greater than 1" fullName="SampleSpecs/describe Math/verify strictly increasing numbers/2 should be greater than 1" isTestCase="true">
                      <codeReference />
                      <codeLocation />
                      <metadata>
                        <entry key="TestKind">
                          <value>Test</value>
                        </entry>
                      </metadata>
                      <children />
                      <parameters />
                    </test>
                    <test id="6cb09e676bf8e335" name="3 should be greater than 2" fullName="SampleSpecs/describe Math/verify strictly increasing numbers/3 should be greater than 2" isTestCase="true">
                      <codeReference />
                      <codeLocation />
                      <metadata>
                        <entry key="TestKind">
                          <value>Test</value>
                        </entry>
                      </metadata>
                      <children />
                      <parameters />
                    </test>
                    <test id="60ad9d7753c6a6c9" name="4 should be greater than 3" fullName="SampleSpecs/describe Math/verify strictly increasing numbers/4 should be greater than 3" isTestCase="true">
                      <codeReference />
                      <codeLocation />
                      <metadata>
                        <entry key="TestKind">
                          <value>Test</value>
                        </entry>
                      </metadata>
                      <children />
                      <parameters />
                    </test>
                    <test id="981ceea99ed5c7fd" name="5 should be greater than 4" fullName="SampleSpecs/describe Math/verify strictly increasing numbers/5 should be greater than 4" isTestCase="true">
                      <codeReference />
                      <codeLocation />
                      <metadata>
                        <entry key="TestKind">
                          <value>Test</value>
                        </entry>
                      </metadata>
                      <children />
                      <parameters />
                    </test>
                    <test id="ed85bd900694ff70" name="6 should be greater than 5" fullName="SampleSpecs/describe Math/verify strictly increasing numbers/6 should be greater than 5" isTestCase="true">
                      <codeReference />
                      <codeLocation />
                      <metadata>
                        <entry key="TestKind">
                          <value>Test</value>
                        </entry>
                      </metadata>
                      <children />
                      <parameters />
                    </test>
                    <test id="c23dde7bd684c865" name="7 should be greater than 6" fullName="SampleSpecs/describe Math/verify strictly increasing numbers/7 should be greater than 6" isTestCase="true">
                      <codeReference />
                      <codeLocation />
                      <metadata>
                        <entry key="TestKind">
                          <value>Test</value>
                        </entry>
                      </metadata>
                      <children />
                      <parameters />
                    </test>
                    <test id="986fd8d424f863c1" name="8 should be greater than 7" fullName="SampleSpecs/describe Math/verify strictly increasing numbers/8 should be greater than 7" isTestCase="true">
                      <codeReference />
                      <codeLocation />
                      <metadata>
                        <entry key="TestKind">
                          <value>Test</value>
                        </entry>
                      </metadata>
                      <children />
                      <parameters />
                    </test>
                    <test id="965a546ac0b17d60" name="9 should be greater than 8" fullName="SampleSpecs/describe Math/verify strictly increasing numbers/9 should be greater than 8" isTestCase="true">
                      <codeReference />
                      <codeLocation />
                      <metadata>
                        <entry key="TestKind">
                          <value>Test</value>
                        </entry>
                      </metadata>
                      <children />
                      <parameters />
                    </test>
                  </children>
                  <parameters />
                </test>
              </children>
              <parameters />
            </test>
            <test id="8659f5ac14dd600a" name="before each on the class level" fullName="SampleSpecs/before each on the class level" isTestCase="false">
              <codeReference />
              <codeLocation />
              <metadata>
                <entry key="TestKind">
                  <value>Fixture</value>
                </entry>
              </metadata>
              <children>
                <test id="c239105789c1d870" name="it should run before on class level" fullName="SampleSpecs/before each on the class level/it should run before on class level" isTestCase="true">
                  <codeReference />
                  <codeLocation />
                  <metadata>
                    <entry key="TestKind">
                      <value>Test</value>
                    </entry>
                  </metadata>
                  <children />
                  <parameters />
                </test>
              </children>
              <parameters />
            </test>
            <test id="acb822e52434c43a" name="given a subcontext that fails" fullName="SampleSpecs/given a subcontext that fails" isTestCase="false">
              <codeReference />
              <codeLocation />
              <metadata>
                <entry key="TestKind">
                  <value>Fixture</value>
                </entry>
              </metadata>
              <children>
                <test id="80577293c28628b2" name="when totaling failures" fullName="SampleSpecs/given a subcontext that fails/when totaling failures" isTestCase="false">
                  <codeReference />
                  <codeLocation />
                  <metadata>
                    <entry key="TestKind">
                      <value>Fixture</value>
                    </entry>
                  </metadata>
                  <children>
                    <test id="68023eaedc19bf2" name="should count this failure" fullName="SampleSpecs/given a subcontext that fails/when totaling failures/should count this failure" isTestCase="true">
                      <codeReference />
                      <codeLocation />
                      <metadata>
                        <entry key="TestKind">
                          <value>Test</value>
                        </entry>
                      </metadata>
                      <children />
                      <parameters />
                    </test>
                  </children>
                  <parameters />
                </test>
              </children>
              <parameters />
            </test>
            <test id="d0f8e8632dfb9acb" name="grandparents run first" fullName="SampleSpecs/grandparents run first" isTestCase="false">
              <codeReference />
              <codeLocation />
              <metadata>
                <entry key="TestKind">
                  <value>Fixture</value>
                </entry>
              </metadata>
              <children>
                <test id="24dd3a90ba2bb835" name="describe NSpec" fullName="SampleSpecs/grandparents run first/describe NSpec" isTestCase="false">
                  <codeReference />
                  <codeLocation />
                  <metadata>
                    <entry key="TestKind">
                      <value>Fixture</value>
                    </entry>
                  </metadata>
                  <children>
                    <test id="b53219bba8028ff9" name="something that works in rspec but not nspec" fullName="SampleSpecs/grandparents run first/describe NSpec/something that works in rspec but not nspec" isTestCase="false">
                      <codeReference />
                      <codeLocation />
                      <metadata>
                        <entry key="TestKind">
                          <value>Fixture</value>
                        </entry>
                      </metadata>
                      <children>
                        <test id="594c38f80d0b6b1b" name="sibling context" fullName="SampleSpecs/grandparents run first/describe NSpec/something that works in rspec but not nspec/sibling context" isTestCase="false">
                          <codeReference />
                          <codeLocation />
                          <metadata>
                            <entry key="TestKind">
                              <value>Fixture</value>
                            </entry>
                          </metadata>
                          <children>
                            <test id="2d1d4456b249148f" name="ints Count should be Convert 1" fullName="SampleSpecs/grandparents run first/describe NSpec/something that works in rspec but not nspec/sibling context/ints Count should be Convert 1" isTestCase="true">
                              <codeReference />
                              <codeLocation />
                              <metadata>
                                <entry key="TestKind">
                                  <value>Test</value>
                                </entry>
                              </metadata>
                              <children />
                              <parameters />
                            </test>
                          </children>
                          <parameters />
                        </test>
                        <test id="d4f19b19963f8bd1" name="another sibling context" fullName="SampleSpecs/grandparents run first/describe NSpec/something that works in rspec but not nspec/another sibling context" isTestCase="false">
                          <codeReference />
                          <codeLocation />
                          <metadata>
                            <entry key="TestKind">
                              <value>Fixture</value>
                            </entry>
                          </metadata>
                          <children>
                            <test id="24e943357f642451" name="ints Count should be Convert 1" fullName="SampleSpecs/grandparents run first/describe NSpec/something that works in rspec but not nspec/another sibling context/ints Count should be Convert 1" isTestCase="true">
                              <codeReference />
                              <codeLocation />
                              <metadata>
                                <entry key="TestKind">
                                  <value>Test</value>
                                </entry>
                              </metadata>
                              <children />
                              <parameters />
                            </test>
                          </children>
                          <parameters />
                        </test>
                      </children>
                      <parameters />
                    </test>
                  </children>
                  <parameters />
                </test>
              </children>
              <parameters />
            </test>
            <test id="42b47a81ea634eaf" name="my first spec" fullName="SampleSpecs/my first spec" isTestCase="false">
              <codeReference />
              <codeLocation />
              <metadata>
                <entry key="TestKind">
                  <value>Fixture</value>
                </entry>
              </metadata>
              <children>
                <test id="44ecf0b1f30a1d" name="given the world has not come to an end" fullName="SampleSpecs/my first spec/given the world has not come to an end" isTestCase="false">
                  <codeReference />
                  <codeLocation />
                  <metadata>
                    <entry key="TestKind">
                      <value>Fixture</value>
                    </entry>
                  </metadata>
                  <children>
                    <test id="2c09a028a76e6e97" name="Hello World should be Hello World" fullName="SampleSpecs/my first spec/given the world has not come to an end/Hello World should be Hello World" isTestCase="true">
                      <codeReference />
                      <codeLocation />
                      <metadata>
                        <entry key="TestKind">
                          <value>Test</value>
                        </entry>
                      </metadata>
                      <children />
                      <parameters />
                    </test>
                  </children>
                  <parameters />
                </test>
              </children>
              <parameters />
            </test>
            <test id="afbebcdf5497c0eb" name="describe pending" fullName="SampleSpecs/describe pending" isTestCase="false">
              <codeReference />
              <codeLocation />
              <metadata>
                <entry key="TestKind">
                  <value>Fixture</value>
                </entry>
              </metadata>
              <children>
                <test id="a7aaeacafcb5390f" name="when creating pending specifications" fullName="SampleSpecs/describe pending/when creating pending specifications" isTestCase="false">
                  <codeReference />
                  <codeLocation />
                  <metadata>
                    <entry key="TestKind">
                      <value>Fixture</value>
                    </entry>
                  </metadata>
                  <children>
                    <test id="2697bdf3747b0121" name="pending spec" fullName="SampleSpecs/describe pending/when creating pending specifications/pending spec" isTestCase="true">
                      <codeReference />
                      <codeLocation />
                      <metadata>
                        <entry key="TestKind">
                          <value>Test</value>
                        </entry>
                      </metadata>
                      <children />
                      <parameters />
                    </test>
                    <test id="82a90662d7fb7af5" name="&quot;&quot; should be &quot;something else&quot;" fullName="SampleSpecs/describe pending/when creating pending specifications/&quot;&quot; should be &quot;something else&quot;" isTestCase="true">
                      <codeReference />
                      <codeLocation />
                      <metadata>
                        <entry key="TestKind">
                          <value>Test</value>
                        </entry>
                      </metadata>
                      <children />
                      <parameters />
                    </test>
                  </children>
                  <parameters />
                </test>
              </children>
              <parameters />
            </test>
            <test id="e8a795d3b5775a66" name="describe TicTacToeGame" fullName="SampleSpecs/describe TicTacToeGame" isTestCase="false">
              <codeReference />
              <codeLocation />
              <metadata>
                <entry key="TestKind">
                  <value>Fixture</value>
                </entry>
              </metadata>
              <children>
                <test id="1afb45630f93d263" name="when players try to take the same square" fullName="SampleSpecs/describe TicTacToeGame/when players try to take the same square" isTestCase="false">
                  <codeReference />
                  <codeLocation />
                  <metadata>
                    <entry key="TestKind">
                      <value>Fixture</value>
                    </entry>
                  </metadata>
                  <children>
                    <test id="7670d55ba780dd90" name="should throw exception" fullName="SampleSpecs/describe TicTacToeGame/when players try to take the same square/should throw exception" isTestCase="true">
                      <codeReference />
                      <codeLocation />
                      <metadata>
                        <entry key="TestKind">
                          <value>Test</value>
                        </entry>
                      </metadata>
                      <children />
                      <parameters />
                    </test>
                  </children>
                  <parameters />
                </test>
                <test id="b88d657c464059ab" name="describe a finished TicTacToeGame" fullName="SampleSpecs/describe TicTacToeGame/describe a finished TicTacToeGame" isTestCase="false">
                  <codeReference />
                  <codeLocation />
                  <metadata>
                    <entry key="TestKind">
                      <value>Fixture</value>
                    </entry>
                  </metadata>
                  <children>
                    <test id="cf289d76706b419f" name="describe a draw" fullName="SampleSpecs/describe TicTacToeGame/describe a finished TicTacToeGame/describe a draw" isTestCase="false">
                      <codeReference />
                      <codeLocation />
                      <metadata>
                        <entry key="TestKind">
                          <value>Fixture</value>
                        </entry>
                      </metadata>
                      <children>
                        <test id="7d36395bcbdce5f6" name="all squares taken with no 3 in a row" fullName="SampleSpecs/describe TicTacToeGame/describe a finished TicTacToeGame/describe a draw/all squares taken with no 3 in a row" isTestCase="false">
                          <codeReference />
                          <codeLocation />
                          <metadata>
                            <entry key="TestKind">
                              <value>Fixture</value>
                            </entry>
                          </metadata>
                          <children>
                            <test id="d934049c12a5b3" name="game Finished should be true" fullName="SampleSpecs/describe TicTacToeGame/describe a finished TicTacToeGame/describe a draw/all squares taken with no 3 in a row/game Finished should be true" isTestCase="true">
                              <codeReference />
                              <codeLocation />
                              <metadata>
                                <entry key="TestKind">
                                  <value>Test</value>
                                </entry>
                              </metadata>
                              <children />
                              <parameters />
                            </test>
                            <test id="fe422ed0b750247c" name="game Draw should be true" fullName="SampleSpecs/describe TicTacToeGame/describe a finished TicTacToeGame/describe a draw/all squares taken with no 3 in a row/game Draw should be true" isTestCase="true">
                              <codeReference />
                              <codeLocation />
                              <metadata>
                                <entry key="TestKind">
                                  <value>Test</value>
                                </entry>
                              </metadata>
                              <children />
                              <parameters />
                            </test>
                          </children>
                          <parameters />
                        </test>
                      </children>
                      <parameters />
                    </test>
                    <test id="984e272fb83c0394" name="describe a winning game" fullName="SampleSpecs/describe TicTacToeGame/describe a finished TicTacToeGame/describe a winning game" isTestCase="false">
                      <codeReference />
                      <codeLocation />
                      <metadata>
                        <entry key="TestKind">
                          <value>Fixture</value>
                        </entry>
                      </metadata>
                      <children>
                        <test id="dee322dd09353e07" name="3 x's in column 0" fullName="SampleSpecs/describe TicTacToeGame/describe a finished TicTacToeGame/describe a winning game/3 x's in column 0" isTestCase="false">
                          <codeReference />
                          <codeLocation />
                          <metadata>
                            <entry key="TestKind">
                              <value>Fixture</value>
                            </entry>
                          </metadata>
                          <children>
                            <test id="9497f6c8239995e" name="game Finished should be true" fullName="SampleSpecs/describe TicTacToeGame/describe a finished TicTacToeGame/describe a winning game/3 x's in column 0/game Finished should be true" isTestCase="true">
                              <codeReference />
                              <codeLocation />
                              <metadata>
                                <entry key="TestKind">
                                  <value>Test</value>
                                </entry>
                              </metadata>
                              <children />
                              <parameters />
                            </test>
                            <test id="67a668d0c430c0e3" name="winner should be x" fullName="SampleSpecs/describe TicTacToeGame/describe a finished TicTacToeGame/describe a winning game/3 x's in column 0/winner should be x" isTestCase="true">
                              <codeReference />
                              <codeLocation />
                              <metadata>
                                <entry key="TestKind">
                                  <value>Test</value>
                                </entry>
                              </metadata>
                              <children />
                              <parameters />
                            </test>
                          </children>
                          <parameters />
                        </test>
                        <test id="e770cd56eb869cc0" name="3 x's in row 0" fullName="SampleSpecs/describe TicTacToeGame/describe a finished TicTacToeGame/describe a winning game/3 x's in row 0" isTestCase="false">
                          <codeReference />
                          <codeLocation />
                          <metadata>
                            <entry key="TestKind">
                              <value>Fixture</value>
                            </entry>
                          </metadata>
                          <children>
                            <test id="765b28f5ab7acc" name="game Finished should be true" fullName="SampleSpecs/describe TicTacToeGame/describe a finished TicTacToeGame/describe a winning game/3 x's in row 0/game Finished should be true" isTestCase="true">
                              <codeReference />
                              <codeLocation />
                              <metadata>
                                <entry key="TestKind">
                                  <value>Test</value>
                                </entry>
                              </metadata>
                              <children />
                              <parameters />
                            </test>
                            <test id="f5adfe809d3118ce" name="winner should be x" fullName="SampleSpecs/describe TicTacToeGame/describe a finished TicTacToeGame/describe a winning game/3 x's in row 0/winner should be x" isTestCase="true">
                              <codeReference />
                              <codeLocation />
                              <metadata>
                                <entry key="TestKind">
                                  <value>Test</value>
                                </entry>
                              </metadata>
                              <children />
                              <parameters />
                            </test>
                          </children>
                          <parameters />
                        </test>
                        <test id="baa75897008aaf35" name="3 o's in column 0" fullName="SampleSpecs/describe TicTacToeGame/describe a finished TicTacToeGame/describe a winning game/3 o's in column 0" isTestCase="false">
                          <codeReference />
                          <codeLocation />
                          <metadata>
                            <entry key="TestKind">
                              <value>Fixture</value>
                            </entry>
                          </metadata>
                          <children>
                            <test id="9ab4a2ba4bd72f55" name="game Finished should be true" fullName="SampleSpecs/describe TicTacToeGame/describe a finished TicTacToeGame/describe a winning game/3 o's in column 0/game Finished should be true" isTestCase="true">
                              <codeReference />
                              <codeLocation />
                              <metadata>
                                <entry key="TestKind">
                                  <value>Test</value>
                                </entry>
                              </metadata>
                              <children />
                              <parameters />
                            </test>
                            <test id="52f3b54cd5368bb" name="winner should be o" fullName="SampleSpecs/describe TicTacToeGame/describe a finished TicTacToeGame/describe a winning game/3 o's in column 0/winner should be o" isTestCase="true">
                              <codeReference />
                              <codeLocation />
                              <metadata>
                                <entry key="TestKind">
                                  <value>Test</value>
                                </entry>
                              </metadata>
                              <children />
                              <parameters />
                            </test>
                          </children>
                          <parameters />
                        </test>
                        <test id="f1dda2880f6b60e4" name="3 o's in row 0" fullName="SampleSpecs/describe TicTacToeGame/describe a finished TicTacToeGame/describe a winning game/3 o's in row 0" isTestCase="false">
                          <codeReference />
                          <codeLocation />
                          <metadata>
                            <entry key="TestKind">
                              <value>Fixture</value>
                            </entry>
                          </metadata>
                          <children>
                            <test id="7106034b8f1d27e1" name="game Finished should be true" fullName="SampleSpecs/describe TicTacToeGame/describe a finished TicTacToeGame/describe a winning game/3 o's in row 0/game Finished should be true" isTestCase="true">
                              <codeReference />
                              <codeLocation />
                              <metadata>
                                <entry key="TestKind">
                                  <value>Test</value>
                                </entry>
                              </metadata>
                              <children />
                              <parameters />
                            </test>
                            <test id="765e0c5befca386c" name="winner should be o" fullName="SampleSpecs/describe TicTacToeGame/describe a finished TicTacToeGame/describe a winning game/3 o's in row 0/winner should be o" isTestCase="true">
                              <codeReference />
                              <codeLocation />
                              <metadata>
                                <entry key="TestKind">
                                  <value>Test</value>
                                </entry>
                              </metadata>
                              <children />
                              <parameters />
                            </test>
                          </children>
                          <parameters />
                        </test>
                        <test id="d68536e9e32588e5" name="3 x's in column 1" fullName="SampleSpecs/describe TicTacToeGame/describe a finished TicTacToeGame/describe a winning game/3 x's in column 1" isTestCase="false">
                          <codeReference />
                          <codeLocation />
                          <metadata>
                            <entry key="TestKind">
                              <value>Fixture</value>
                            </entry>
                          </metadata>
                          <children>
                            <test id="f3db97451814f3fb" name="game Finished should be true" fullName="SampleSpecs/describe TicTacToeGame/describe a finished TicTacToeGame/describe a winning game/3 x's in column 1/game Finished should be true" isTestCase="true">
                              <codeReference />
                              <codeLocation />
                              <metadata>
                                <entry key="TestKind">
                                  <value>Test</value>
                                </entry>
                              </metadata>
                              <children />
                              <parameters />
                            </test>
                            <test id="a8ac60916005e3ae" name="winner should be x" fullName="SampleSpecs/describe TicTacToeGame/describe a finished TicTacToeGame/describe a winning game/3 x's in column 1/winner should be x" isTestCase="true">
                              <codeReference />
                              <codeLocation />
                              <metadata>
                                <entry key="TestKind">
                                  <value>Test</value>
                                </entry>
                              </metadata>
                              <children />
                              <parameters />
                            </test>
                          </children>
                          <parameters />
                        </test>
                        <test id="994b84fdc81396d4" name="3 x's in row 1" fullName="SampleSpecs/describe TicTacToeGame/describe a finished TicTacToeGame/describe a winning game/3 x's in row 1" isTestCase="false">
                          <codeReference />
                          <codeLocation />
                          <metadata>
                            <entry key="TestKind">
                              <value>Fixture</value>
                            </entry>
                          </metadata>
                          <children>
                            <test id="8523003c0d4a217d" name="game Finished should be true" fullName="SampleSpecs/describe TicTacToeGame/describe a finished TicTacToeGame/describe a winning game/3 x's in row 1/game Finished should be true" isTestCase="true">
                              <codeReference />
                              <codeLocation />
                              <metadata>
                                <entry key="TestKind">
                                  <value>Test</value>
                                </entry>
                              </metadata>
                              <children />
                              <parameters />
                            </test>
                            <test id="b7b6b720df8865bf" name="winner should be x" fullName="SampleSpecs/describe TicTacToeGame/describe a finished TicTacToeGame/describe a winning game/3 x's in row 1/winner should be x" isTestCase="true">
                              <codeReference />
                              <codeLocation />
                              <metadata>
                                <entry key="TestKind">
                                  <value>Test</value>
                                </entry>
                              </metadata>
                              <children />
                              <parameters />
                            </test>
                          </children>
                          <parameters />
                        </test>
                        <test id="5c7f393fee5a75d1" name="3 o's in column 1" fullName="SampleSpecs/describe TicTacToeGame/describe a finished TicTacToeGame/describe a winning game/3 o's in column 1" isTestCase="false">
                          <codeReference />
                          <codeLocation />
                          <metadata>
                            <entry key="TestKind">
                              <value>Fixture</value>
                            </entry>
                          </metadata>
                          <children>
                            <test id="583c20b768e53a29" name="game Finished should be true" fullName="SampleSpecs/describe TicTacToeGame/describe a finished TicTacToeGame/describe a winning game/3 o's in column 1/game Finished should be true" isTestCase="true">
                              <codeReference />
                              <codeLocation />
                              <metadata>
                                <entry key="TestKind">
                                  <value>Test</value>
                                </entry>
                              </metadata>
                              <children />
                              <parameters />
                            </test>
                            <test id="9e992d3a85883543" name="winner should be o" fullName="SampleSpecs/describe TicTacToeGame/describe a finished TicTacToeGame/describe a winning game/3 o's in column 1/winner should be o" isTestCase="true">
                              <codeReference />
                              <codeLocation />
                              <metadata>
                                <entry key="TestKind">
                                  <value>Test</value>
                                </entry>
                              </metadata>
                              <children />
                              <parameters />
                            </test>
                          </children>
                          <parameters />
                        </test>
                        <test id="c944246e40e80210" name="3 o's in row 1" fullName="SampleSpecs/describe TicTacToeGame/describe a finished TicTacToeGame/describe a winning game/3 o's in row 1" isTestCase="false">
                          <codeReference />
                          <codeLocation />
                          <metadata>
                            <entry key="TestKind">
                              <value>Fixture</value>
                            </entry>
                          </metadata>
                          <children>
                            <test id="e3c9eeaf48857e43" name="game Finished should be true" fullName="SampleSpecs/describe TicTacToeGame/describe a finished TicTacToeGame/describe a winning game/3 o's in row 1/game Finished should be true" isTestCase="true">
                              <codeReference />
                              <codeLocation />
                              <metadata>
                                <entry key="TestKind">
                                  <value>Test</value>
                                </entry>
                              </metadata>
                              <children />
                              <parameters />
                            </test>
                            <test id="56bde77bee67d7c" name="winner should be o" fullName="SampleSpecs/describe TicTacToeGame/describe a finished TicTacToeGame/describe a winning game/3 o's in row 1/winner should be o" isTestCase="true">
                              <codeReference />
                              <codeLocation />
                              <metadata>
                                <entry key="TestKind">
                                  <value>Test</value>
                                </entry>
                              </metadata>
                              <children />
                              <parameters />
                            </test>
                          </children>
                          <parameters />
                        </test>
                        <test id="5d46ad217b351ae8" name="3 x's in column 2" fullName="SampleSpecs/describe TicTacToeGame/describe a finished TicTacToeGame/describe a winning game/3 x's in column 2" isTestCase="false">
                          <codeReference />
                          <codeLocation />
                          <metadata>
                            <entry key="TestKind">
                              <value>Fixture</value>
                            </entry>
                          </metadata>
                          <children>
                            <test id="2f0b26370dc59f13" name="game Finished should be true" fullName="SampleSpecs/describe TicTacToeGame/describe a finished TicTacToeGame/describe a winning game/3 x's in column 2/game Finished should be true" isTestCase="true">
                              <codeReference />
                              <codeLocation />
                              <metadata>
                                <entry key="TestKind">
                                  <value>Test</value>
                                </entry>
                              </metadata>
                              <children />
                              <parameters />
                            </test>
                            <test id="ceb522c803cd7962" name="winner should be x" fullName="SampleSpecs/describe TicTacToeGame/describe a finished TicTacToeGame/describe a winning game/3 x's in column 2/winner should be x" isTestCase="true">
                              <codeReference />
                              <codeLocation />
                              <metadata>
                                <entry key="TestKind">
                                  <value>Test</value>
                                </entry>
                              </metadata>
                              <children />
                              <parameters />
                            </test>
                          </children>
                          <parameters />
                        </test>
                        <test id="7751773a35b9faf2" name="3 x's in row 2" fullName="SampleSpecs/describe TicTacToeGame/describe a finished TicTacToeGame/describe a winning game/3 x's in row 2" isTestCase="false">
                          <codeReference />
                          <codeLocation />
                          <metadata>
                            <entry key="TestKind">
                              <value>Fixture</value>
                            </entry>
                          </metadata>
                          <children>
                            <test id="809e9b769ad11ac1" name="game Finished should be true" fullName="SampleSpecs/describe TicTacToeGame/describe a finished TicTacToeGame/describe a winning game/3 x's in row 2/game Finished should be true" isTestCase="true">
                              <codeReference />
                              <codeLocation />
                              <metadata>
                                <entry key="TestKind">
                                  <value>Test</value>
                                </entry>
                              </metadata>
                              <children />
                              <parameters />
                            </test>
                            <test id="f783cf26f123318e" name="winner should be x" fullName="SampleSpecs/describe TicTacToeGame/describe a finished TicTacToeGame/describe a winning game/3 x's in row 2/winner should be x" isTestCase="true">
                              <codeReference />
                              <codeLocation />
                              <metadata>
                                <entry key="TestKind">
                                  <value>Test</value>
                                </entry>
                              </metadata>
                              <children />
                              <parameters />
                            </test>
                          </children>
                          <parameters />
                        </test>
                        <test id="e9dbb3da38734da8" name="3 o's in column 2" fullName="SampleSpecs/describe TicTacToeGame/describe a finished TicTacToeGame/describe a winning game/3 o's in column 2" isTestCase="false">
                          <codeReference />
                          <codeLocation />
                          <metadata>
                            <entry key="TestKind">
                              <value>Fixture</value>
                            </entry>
                          </metadata>
                          <children>
                            <test id="9e63483c9c8ec066" name="game Finished should be true" fullName="SampleSpecs/describe TicTacToeGame/describe a finished TicTacToeGame/describe a winning game/3 o's in column 2/game Finished should be true" isTestCase="true">
                              <codeReference />
                              <codeLocation />
                              <metadata>
                                <entry key="TestKind">
                                  <value>Test</value>
                                </entry>
                              </metadata>
                              <children />
                              <parameters />
                            </test>
                            <test id="1dfe5f6110587b83" name="winner should be o" fullName="SampleSpecs/describe TicTacToeGame/describe a finished TicTacToeGame/describe a winning game/3 o's in column 2/winner should be o" isTestCase="true">
                              <codeReference />
                              <codeLocation />
                              <metadata>
                                <entry key="TestKind">
                                  <value>Test</value>
                                </entry>
                              </metadata>
                              <children />
                              <parameters />
                            </test>
                          </children>
                          <parameters />
                        </test>
                        <test id="ed2a2f344e6651d4" name="3 o's in row 2" fullName="SampleSpecs/describe TicTacToeGame/describe a finished TicTacToeGame/describe a winning game/3 o's in row 2" isTestCase="false">
                          <codeReference />
                          <codeLocation />
                          <metadata>
                            <entry key="TestKind">
                              <value>Fixture</value>
                            </entry>
                          </metadata>
                          <children>
                            <test id="e607d902a000d2ef" name="game Finished should be true" fullName="SampleSpecs/describe TicTacToeGame/describe a finished TicTacToeGame/describe a winning game/3 o's in row 2/game Finished should be true" isTestCase="true">
                              <codeReference />
                              <codeLocation />
                              <metadata>
                                <entry key="TestKind">
                                  <value>Test</value>
                                </entry>
                              </metadata>
                              <children />
                              <parameters />
                            </test>
                            <test id="68d9175e0fd108f2" name="winner should be o" fullName="SampleSpecs/describe TicTacToeGame/describe a finished TicTacToeGame/describe a winning game/3 o's in row 2/winner should be o" isTestCase="true">
                              <codeReference />
                              <codeLocation />
                              <metadata>
                                <entry key="TestKind">
                                  <value>Test</value>
                                </entry>
                              </metadata>
                              <children />
                              <parameters />
                            </test>
                          </children>
                          <parameters />
                        </test>
                        <test id="a7559e523e937229" name="3 x's left to right" fullName="SampleSpecs/describe TicTacToeGame/describe a finished TicTacToeGame/describe a winning game/3 x's left to right" isTestCase="false">
                          <codeReference />
                          <codeLocation />
                          <metadata>
                            <entry key="TestKind">
                              <value>Fixture</value>
                            </entry>
                          </metadata>
                          <children>
                            <test id="568b54075e0addb8" name="game Finished should be true" fullName="SampleSpecs/describe TicTacToeGame/describe a finished TicTacToeGame/describe a winning game/3 x's left to right/game Finished should be true" isTestCase="true">
                              <codeReference />
                              <codeLocation />
                              <metadata>
                                <entry key="TestKind">
                                  <value>Test</value>
                                </entry>
                              </metadata>
                              <children />
                              <parameters />
                            </test>
                            <test id="af589e88bb2fde34" name="winner should be x" fullName="SampleSpecs/describe TicTacToeGame/describe a finished TicTacToeGame/describe a winning game/3 x's left to right/winner should be x" isTestCase="true">
                              <codeReference />
                              <codeLocation />
                              <metadata>
                                <entry key="TestKind">
                                  <value>Test</value>
                                </entry>
                              </metadata>
                              <children />
                              <parameters />
                            </test>
                          </children>
                          <parameters />
                        </test>
                        <test id="ab69eceff7360e3e" name="3 x's right to left" fullName="SampleSpecs/describe TicTacToeGame/describe a finished TicTacToeGame/describe a winning game/3 x's right to left" isTestCase="false">
                          <codeReference />
                          <codeLocation />
                          <metadata>
                            <entry key="TestKind">
                              <value>Fixture</value>
                            </entry>
                          </metadata>
                          <children>
                            <test id="787285fc12c9a115" name="game Finished should be true" fullName="SampleSpecs/describe TicTacToeGame/describe a finished TicTacToeGame/describe a winning game/3 x's right to left/game Finished should be true" isTestCase="true">
                              <codeReference />
                              <codeLocation />
                              <metadata>
                                <entry key="TestKind">
                                  <value>Test</value>
                                </entry>
                              </metadata>
                              <children />
                              <parameters />
                            </test>
                            <test id="70d271cde24b1e87" name="winner should be x" fullName="SampleSpecs/describe TicTacToeGame/describe a finished TicTacToeGame/describe a winning game/3 x's right to left/winner should be x" isTestCase="true">
                              <codeReference />
                              <codeLocation />
                              <metadata>
                                <entry key="TestKind">
                                  <value>Test</value>
                                </entry>
                              </metadata>
                              <children />
                              <parameters />
                            </test>
                          </children>
                          <parameters />
                        </test>
                        <test id="32a2194cf2ec9b04" name="3 o's left to right" fullName="SampleSpecs/describe TicTacToeGame/describe a finished TicTacToeGame/describe a winning game/3 o's left to right" isTestCase="false">
                          <codeReference />
                          <codeLocation />
                          <metadata>
                            <entry key="TestKind">
                              <value>Fixture</value>
                            </entry>
                          </metadata>
                          <children>
                            <test id="79b15ca6f8e843d9" name="game Finished should be true" fullName="SampleSpecs/describe TicTacToeGame/describe a finished TicTacToeGame/describe a winning game/3 o's left to right/game Finished should be true" isTestCase="true">
                              <codeReference />
                              <codeLocation />
                              <metadata>
                                <entry key="TestKind">
                                  <value>Test</value>
                                </entry>
                              </metadata>
                              <children />
                              <parameters />
                            </test>
                            <test id="588d4f718c0abf29" name="winner should be o" fullName="SampleSpecs/describe TicTacToeGame/describe a finished TicTacToeGame/describe a winning game/3 o's left to right/winner should be o" isTestCase="true">
                              <codeReference />
                              <codeLocation />
                              <metadata>
                                <entry key="TestKind">
                                  <value>Test</value>
                                </entry>
                              </metadata>
                              <children />
                              <parameters />
                            </test>
                          </children>
                          <parameters />
                        </test>
                        <test id="90157279df2304d0" name="3 o's right to left" fullName="SampleSpecs/describe TicTacToeGame/describe a finished TicTacToeGame/describe a winning game/3 o's right to left" isTestCase="false">
                          <codeReference />
                          <codeLocation />
                          <metadata>
                            <entry key="TestKind">
                              <value>Fixture</value>
                            </entry>
                          </metadata>
                          <children>
                            <test id="e9ec6e3519540034" name="game Finished should be true" fullName="SampleSpecs/describe TicTacToeGame/describe a finished TicTacToeGame/describe a winning game/3 o's right to left/game Finished should be true" isTestCase="true">
                              <codeReference />
                              <codeLocation />
                              <metadata>
                                <entry key="TestKind">
                                  <value>Test</value>
                                </entry>
                              </metadata>
                              <children />
                              <parameters />
                            </test>
                            <test id="34d0ee2bdcc3b477" name="winner should be o" fullName="SampleSpecs/describe TicTacToeGame/describe a finished TicTacToeGame/describe a winning game/3 o's right to left/winner should be o" isTestCase="true">
                              <codeReference />
                              <codeLocation />
                              <metadata>
                                <entry key="TestKind">
                                  <value>Test</value>
                                </entry>
                              </metadata>
                              <children />
                              <parameters />
                            </test>
                          </children>
                          <parameters />
                        </test>
                      </children>
                      <parameters />
                    </test>
                  </children>
                  <parameters />
                </test>
              </children>
              <parameters />
            </test>
            <test id="c4dcc52987263a59" name="multiple befores" fullName="SampleSpecs/multiple befores" isTestCase="false">
              <codeReference />
              <codeLocation />
              <metadata>
                <entry key="TestKind">
                  <value>Fixture</value>
                </entry>
              </metadata>
              <children>
                <test id="c3f91ea36c2ae1af" name="list manipulation" fullName="SampleSpecs/multiple befores/list manipulation" isTestCase="false">
                  <codeReference />
                  <codeLocation />
                  <metadata>
                    <entry key="TestKind">
                      <value>Fixture</value>
                    </entry>
                  </metadata>
                  <children>
                    <test id="cde1eb4f97830828" name="the ints collection should not be null" fullName="SampleSpecs/multiple befores/list manipulation/the ints collection should not be null" isTestCase="true">
                      <codeReference />
                      <codeLocation />
                      <metadata>
                        <entry key="TestKind">
                          <value>Test</value>
                        </entry>
                      </metadata>
                      <children />
                      <parameters />
                    </test>
                    <test id="8da18aae5dbe12c6" name="one item in list" fullName="SampleSpecs/multiple befores/list manipulation/one item in list" isTestCase="false">
                      <codeReference />
                      <codeLocation />
                      <metadata>
                        <entry key="TestKind">
                          <value>Fixture</value>
                        </entry>
                      </metadata>
                      <children>
                        <test id="8233d02e247a0000" name="should have 1 item in list" fullName="SampleSpecs/multiple befores/list manipulation/one item in list/should have 1 item in list" isTestCase="true">
                          <codeReference />
                          <codeLocation />
                          <metadata>
                            <entry key="TestKind">
                              <value>Test</value>
                            </entry>
                          </metadata>
                          <children />
                          <parameters />
                        </test>
                        <test id="eb55ad50191f51b2" name="should contain the number 99" fullName="SampleSpecs/multiple befores/list manipulation/one item in list/should contain the number 99" isTestCase="true">
                          <codeReference />
                          <codeLocation />
                          <metadata>
                            <entry key="TestKind">
                              <value>Test</value>
                            </entry>
                          </metadata>
                          <children />
                          <parameters />
                        </test>
                        <test id="58acf1bd06b5d035" name="another item in list" fullName="SampleSpecs/multiple befores/list manipulation/one item in list/another item in list" isTestCase="false">
                          <codeReference />
                          <codeLocation />
                          <metadata>
                            <entry key="TestKind">
                              <value>Fixture</value>
                            </entry>
                          </metadata>
                          <children>
                            <test id="1bdf63286a88ba56" name="should have 2 items in list" fullName="SampleSpecs/multiple befores/list manipulation/one item in list/another item in list/should have 2 items in list" isTestCase="true">
                              <codeReference />
                              <codeLocation />
                              <metadata>
                                <entry key="TestKind">
                                  <value>Test</value>
                                </entry>
                              </metadata>
                              <children />
                              <parameters />
                            </test>
                            <test id="334b4a6f5aba984e" name="should contain the number 26" fullName="SampleSpecs/multiple befores/list manipulation/one item in list/another item in list/should contain the number 26" isTestCase="true">
                              <codeReference />
                              <codeLocation />
                              <metadata>
                                <entry key="TestKind">
                                  <value>Test</value>
                                </entry>
                              </metadata>
                              <children />
                              <parameters />
                            </test>
                          </children>
                          <parameters />
                        </test>
                      </children>
                      <parameters />
                    </test>
                  </children>
                  <parameters />
                </test>
              </children>
              <parameters />
            </test>
            <test id="1ecf3ed31fb931d" name="describe batman sound effects as text" fullName="SampleSpecs/describe batman sound effects as text" isTestCase="false">
              <codeReference />
              <codeLocation />
              <metadata>
                <entry key="TestKind">
                  <value>Fixture</value>
                </entry>
              </metadata>
              <children>
                <test id="3ca02c5ddf49999" name="they are loud and emphatic" fullName="SampleSpecs/describe batman sound effects as text/they are loud and emphatic" isTestCase="false">
                  <codeReference />
                  <codeLocation />
                  <metadata>
                    <entry key="TestKind">
                      <value>Fixture</value>
                    </entry>
                  </metadata>
                  <children>
                    <test id="64710885c407c677" name="given bam" fullName="SampleSpecs/describe batman sound effects as text/they are loud and emphatic/given bam" isTestCase="false">
                      <codeReference />
                      <codeLocation />
                      <metadata>
                        <entry key="TestKind">
                          <value>Fixture</value>
                        </entry>
                      </metadata>
                      <children>
                        <test id="bb96756ecdc16449" name="should be BAM!!!" fullName="SampleSpecs/describe batman sound effects as text/they are loud and emphatic/given bam/should be BAM!!!" isTestCase="true">
                          <codeReference />
                          <codeLocation />
                          <metadata>
                            <entry key="TestKind">
                              <value>Test</value>
                            </entry>
                          </metadata>
                          <children />
                          <parameters />
                        </test>
                      </children>
                      <parameters />
                    </test>
                    <test id="49cfb43636093ed1" name="given whack" fullName="SampleSpecs/describe batman sound effects as text/they are loud and emphatic/given whack" isTestCase="false">
                      <codeReference />
                      <codeLocation />
                      <metadata>
                        <entry key="TestKind">
                          <value>Fixture</value>
                        </entry>
                      </metadata>
                      <children>
                        <test id="6e9960f02479c789" name="should be WHACK!!!" fullName="SampleSpecs/describe batman sound effects as text/they are loud and emphatic/given whack/should be WHACK!!!" isTestCase="true">
                          <codeReference />
                          <codeLocation />
                          <metadata>
                            <entry key="TestKind">
                              <value>Test</value>
                            </entry>
                          </metadata>
                          <children />
                          <parameters />
                        </test>
                      </children>
                      <parameters />
                    </test>
                  </children>
                  <parameters />
                </test>
              </children>
              <parameters />
            </test>
            <test id="ca3ca3bd057d73c5" name="describe PrimeFactors" fullName="SampleSpecs/describe PrimeFactors" isTestCase="false">
              <codeReference />
              <codeLocation />
              <metadata>
                <entry key="TestKind">
                  <value>Fixture</value>
                </entry>
              </metadata>
              <children>
                <test id="de573c4f7d9eee18" name="when determining prime factors" fullName="SampleSpecs/describe PrimeFactors/when determining prime factors" isTestCase="false">
                  <codeReference />
                  <codeLocation />
                  <metadata>
                    <entry key="TestKind">
                      <value>Fixture</value>
                    </entry>
                  </metadata>
                  <children>
                    <test id="9dd726b3a85f0aa4" name="0 should be []" fullName="SampleSpecs/describe PrimeFactors/when determining prime factors/0 should be []" isTestCase="true">
                      <codeReference />
                      <codeLocation />
                      <metadata>
                        <entry key="TestKind">
                          <value>Test</value>
                        </entry>
                      </metadata>
                      <children />
                      <parameters />
                    </test>
                    <test id="953b40926152e5fb" name="1 should be []" fullName="SampleSpecs/describe PrimeFactors/when determining prime factors/1 should be []" isTestCase="true">
                      <codeReference />
                      <codeLocation />
                      <metadata>
                        <entry key="TestKind">
                          <value>Test</value>
                        </entry>
                      </metadata>
                      <children />
                      <parameters />
                    </test>
                    <test id="7865794a4f981e44" name="2 should be [2]" fullName="SampleSpecs/describe PrimeFactors/when determining prime factors/2 should be [2]" isTestCase="true">
                      <codeReference />
                      <codeLocation />
                      <metadata>
                        <entry key="TestKind">
                          <value>Test</value>
                        </entry>
                      </metadata>
                      <children />
                      <parameters />
                    </test>
                    <test id="a59c36fb0dbe2531" name="3 should be [3]" fullName="SampleSpecs/describe PrimeFactors/when determining prime factors/3 should be [3]" isTestCase="true">
                      <codeReference />
                      <codeLocation />
                      <metadata>
                        <entry key="TestKind">
                          <value>Test</value>
                        </entry>
                      </metadata>
                      <children />
                      <parameters />
                    </test>
                    <test id="77f1092c3c51d161" name="4 should be [2,2]" fullName="SampleSpecs/describe PrimeFactors/when determining prime factors/4 should be [2,2]" isTestCase="true">
                      <codeReference />
                      <codeLocation />
                      <metadata>
                        <entry key="TestKind">
                          <value>Test</value>
                        </entry>
                      </metadata>
                      <children />
                      <parameters />
                    </test>
                    <test id="8954eb1c66c2bf35" name="5 should be [5]" fullName="SampleSpecs/describe PrimeFactors/when determining prime factors/5 should be [5]" isTestCase="true">
                      <codeReference />
                      <codeLocation />
                      <metadata>
                        <entry key="TestKind">
                          <value>Test</value>
                        </entry>
                      </metadata>
                      <children />
                      <parameters />
                    </test>
                    <test id="a876224567edb0bf" name="6 should be [2,3]" fullName="SampleSpecs/describe PrimeFactors/when determining prime factors/6 should be [2,3]" isTestCase="true">
                      <codeReference />
                      <codeLocation />
                      <metadata>
                        <entry key="TestKind">
                          <value>Test</value>
                        </entry>
                      </metadata>
                      <children />
                      <parameters />
                    </test>
                    <test id="7965957fbbaa96bf" name="7 should be [7]" fullName="SampleSpecs/describe PrimeFactors/when determining prime factors/7 should be [7]" isTestCase="true">
                      <codeReference />
                      <codeLocation />
                      <metadata>
                        <entry key="TestKind">
                          <value>Test</value>
                        </entry>
                      </metadata>
                      <children />
                      <parameters />
                    </test>
                    <test id="f26682a0413aaed9" name="8 should be [2,2,2]" fullName="SampleSpecs/describe PrimeFactors/when determining prime factors/8 should be [2,2,2]" isTestCase="true">
                      <codeReference />
                      <codeLocation />
                      <metadata>
                        <entry key="TestKind">
                          <value>Test</value>
                        </entry>
                      </metadata>
                      <children />
                      <parameters />
                    </test>
                    <test id="f825083fd7a3851a" name="9 should be [3,3]" fullName="SampleSpecs/describe PrimeFactors/when determining prime factors/9 should be [3,3]" isTestCase="true">
                      <codeReference />
                      <codeLocation />
                      <metadata>
                        <entry key="TestKind">
                          <value>Test</value>
                        </entry>
                      </metadata>
                      <children />
                      <parameters />
                    </test>
                  </children>
                  <parameters />
                </test>
              </children>
              <parameters />
            </test>
            <test id="fa1dabffea6bd994" name="app config detection" fullName="SampleSpecs/app config detection" isTestCase="false">
              <codeReference />
              <codeLocation />
              <metadata>
                <entry key="TestKind">
                  <value>Fixture</value>
                </entry>
              </metadata>
              <children>
                <test id="bb0c1e806826488f" name="it finds app config" fullName="SampleSpecs/app config detection/it finds app config" isTestCase="true">
                  <codeReference />
                  <codeLocation />
                  <metadata>
                    <entry key="TestKind">
                      <value>Test</value>
                    </entry>
                  </metadata>
                  <children />
                  <parameters />
                </test>
              </children>
              <parameters />
            </test>
            <test id="1099c2b2e4de30f8" name="describe class level" fullName="SampleSpecs/describe class level" isTestCase="false">
              <codeReference />
              <codeLocation />
              <metadata>
                <entry key="TestKind">
                  <value>Fixture</value>
                </entry>
              </metadata>
              <children>
                <test id="8803e74f7540450" name="specify given befores and acts run in the correct sequence" fullName="SampleSpecs/describe class level/specify given befores and acts run in the correct sequence" isTestCase="true">
                  <codeReference />
                  <codeLocation />
                  <metadata>
                    <entry key="TestKind">
                      <value>Test</value>
                    </entry>
                  </metadata>
                  <children />
                  <parameters />
                </test>
              </children>
              <parameters />
            </test>
            <test id="397e50d0f93efd44" name="describe shoulds" fullName="SampleSpecs/describe shoulds" isTestCase="false">
              <codeReference />
              <codeLocation />
              <metadata>
                <entry key="TestKind">
                  <value>Fixture</value>
                </entry>
              </metadata>
              <children>
                <test id="a11bac090a2168ab" name="given a non empty list" fullName="SampleSpecs/describe shoulds/given a non empty list" isTestCase="false">
                  <codeReference />
                  <codeLocation />
                  <metadata>
                    <entry key="TestKind">
                      <value>Fixture</value>
                    </entry>
                  </metadata>
                  <children>
                    <test id="32aa9cf3efe0ddc7" name="should not be empty" fullName="SampleSpecs/describe shoulds/given a non empty list/should not be empty" isTestCase="true">
                      <codeReference />
                      <codeLocation />
                      <metadata>
                        <entry key="TestKind">
                          <value>Test</value>
                        </entry>
                      </metadata>
                      <children />
                      <parameters />
                    </test>
                  </children>
                  <parameters />
                </test>
              </children>
              <parameters />
            </test>
            <test id="992c046eea060900" name="describe Extensions" fullName="SampleSpecs/describe Extensions" isTestCase="false">
              <codeReference />
              <codeLocation />
              <metadata>
                <entry key="TestKind">
                  <value>Fixture</value>
                </entry>
              </metadata>
              <children>
                <test id="344af36d16f4a591" name="when creating ranges" fullName="SampleSpecs/describe Extensions/when creating ranges" isTestCase="false">
                  <codeReference />
                  <codeLocation />
                  <metadata>
                    <entry key="TestKind">
                      <value>Fixture</value>
                    </entry>
                  </metadata>
                  <children>
                    <test id="ddd7f6915694a164" name="1.To(2) should be [1,2]" fullName="SampleSpecs/describe Extensions/when creating ranges/1.To(2) should be [1,2]" isTestCase="true">
                      <codeReference />
                      <codeLocation />
                      <metadata>
                        <entry key="TestKind">
                          <value>Test</value>
                        </entry>
                      </metadata>
                      <children />
                      <parameters />
                    </test>
                  </children>
                  <parameters />
                </test>
                <test id="c97391e388532e19" name="describe Flatten" fullName="SampleSpecs/describe Extensions/describe Flatten" isTestCase="false">
                  <codeReference />
                  <codeLocation />
                  <metadata>
                    <entry key="TestKind">
                      <value>Fixture</value>
                    </entry>
                  </metadata>
                  <children>
                    <test id="91dec9a53074eff7" name="[&quot;fifty&quot;,&quot;two&quot;] should be fiftytwo" fullName="SampleSpecs/describe Extensions/describe Flatten/[&quot;fifty&quot;,&quot;two&quot;] should be fiftytwo" isTestCase="true">
                      <codeReference />
                      <codeLocation />
                      <metadata>
                        <entry key="TestKind">
                          <value>Test</value>
                        </entry>
                      </metadata>
                      <children />
                      <parameters />
                    </test>
                  </children>
                  <parameters />
                </test>
              </children>
              <parameters />
            </test>
            <test id="2100b1fadf83dcb1" name="describe VendingMachine" fullName="SampleSpecs/describe VendingMachine" isTestCase="false">
              <codeReference />
              <codeLocation />
              <metadata>
                <entry key="TestKind">
                  <value>Fixture</value>
                </entry>
              </metadata>
              <children>
                <test id="98bafe13d923cc73" name="when stocking vending machine with chips" fullName="SampleSpecs/describe VendingMachine/when stocking vending machine with chips" isTestCase="false">
                  <codeReference />
                  <codeLocation />
                  <metadata>
                    <entry key="TestKind">
                      <value>Fixture</value>
                    </entry>
                  </metadata>
                  <children>
                    <test id="d427d14434453c19" name="should contain chips with count of 1" fullName="SampleSpecs/describe VendingMachine/when stocking vending machine with chips/should contain chips with count of 1" isTestCase="true">
                      <codeReference />
                      <codeLocation />
                      <metadata>
                        <entry key="TestKind">
                          <value>Test</value>
                        </entry>
                      </metadata>
                      <children />
                      <parameters />
                    </test>
                    <test id="596bde05186ab980" name="multiple chips added" fullName="SampleSpecs/describe VendingMachine/when stocking vending machine with chips/multiple chips added" isTestCase="false">
                      <codeReference />
                      <codeLocation />
                      <metadata>
                        <entry key="TestKind">
                          <value>Fixture</value>
                        </entry>
                      </metadata>
                      <children>
                        <test id="5da28d037499cb3c" name="should increment chip inventory with count of 2" fullName="SampleSpecs/describe VendingMachine/when stocking vending machine with chips/multiple chips added/should increment chip inventory with count of 2" isTestCase="true">
                          <codeReference />
                          <codeLocation />
                          <metadata>
                            <entry key="TestKind">
                              <value>Test</value>
                            </entry>
                          </metadata>
                          <children />
                          <parameters />
                        </test>
                      </children>
                      <parameters />
                    </test>
                  </children>
                  <parameters />
                </test>
                <test id="59cf0b1cf57b5f51" name="when buying an item" fullName="SampleSpecs/describe VendingMachine/when buying an item" isTestCase="false">
                  <codeReference />
                  <codeLocation />
                  <metadata>
                    <entry key="TestKind">
                      <value>Fixture</value>
                    </entry>
                  </metadata>
                  <children>
                    <test id="e5d1a65734a6eeae" name="vending maching has inventory" fullName="SampleSpecs/describe VendingMachine/when buying an item/vending maching has inventory" isTestCase="false">
                      <codeReference />
                      <codeLocation />
                      <metadata>
                        <entry key="TestKind">
                          <value>Fixture</value>
                        </entry>
                      </metadata>
                      <children>
                        <test id="eb232347020c6e22" name="should decrement inventory" fullName="SampleSpecs/describe VendingMachine/when buying an item/vending maching has inventory/should decrement inventory" isTestCase="true">
                          <codeReference />
                          <codeLocation />
                          <metadata>
                            <entry key="TestKind">
                              <value>Test</value>
                            </entry>
                          </metadata>
                          <children />
                          <parameters />
                        </test>
                        <test id="c44ca3fcecf3ac1d" name="should increment cash in machine" fullName="SampleSpecs/describe VendingMachine/when buying an item/vending maching has inventory/should increment cash in machine" isTestCase="true">
                          <codeReference />
                          <codeLocation />
                          <metadata>
                            <entry key="TestKind">
                              <value>Test</value>
                            </entry>
                          </metadata>
                          <children />
                          <parameters />
                        </test>
                      </children>
                      <parameters />
                    </test>
                  </children>
                  <parameters />
                </test>
              </children>
              <parameters />
            </test>
            <test id="52cd9a595cb91045" name="given the sequence starts with 1" fullName="SampleSpecs/given the sequence starts with 1" isTestCase="false">
              <codeReference />
              <codeLocation />
              <metadata>
                <entry key="TestKind">
                  <value>Fixture</value>
                </entry>
              </metadata>
              <children>
                <test id="c317817b095683b0" name="given the sequence continues with 2" fullName="SampleSpecs/given the sequence starts with 1/given the sequence continues with 2" isTestCase="false">
                  <codeReference />
                  <codeLocation />
                  <metadata>
                    <entry key="TestKind">
                      <value>Fixture</value>
                    </entry>
                  </metadata>
                  <children>
                    <test id="43a85024c469e08e" name="given the sequence continues with 3" fullName="SampleSpecs/given the sequence starts with 1/given the sequence continues with 2/given the sequence continues with 3" isTestCase="false">
                      <codeReference />
                      <codeLocation />
                      <metadata>
                        <entry key="TestKind">
                          <value>Fixture</value>
                        </entry>
                      </metadata>
                      <children>
                        <test id="266befe1225b3928" name="sequence should be &quot;123&quot;" fullName="SampleSpecs/given the sequence starts with 1/given the sequence continues with 2/given the sequence continues with 3/sequence should be &quot;123&quot;" isTestCase="true">
                          <codeReference />
                          <codeLocation />
                          <metadata>
                            <entry key="TestKind">
                              <value>Test</value>
                            </entry>
                          </metadata>
                          <children />
                          <parameters />
                        </test>
                      </children>
                      <parameters />
                    </test>
                  </children>
                  <parameters />
                </test>
              </children>
              <parameters />
            </test>
            <test id="c4d301807fc827db" name="describe helpers" fullName="SampleSpecs/describe helpers" isTestCase="false">
              <codeReference />
              <codeLocation />
              <metadata>
                <entry key="TestKind">
                  <value>Fixture</value>
                </entry>
              </metadata>
              <children>
                <test id="3761a71cee522706" name="when making tea" fullName="SampleSpecs/describe helpers/when making tea" isTestCase="false">
                  <codeReference />
                  <codeLocation />
                  <metadata>
                    <entry key="TestKind">
                      <value>Fixture</value>
                    </entry>
                  </metadata>
                  <children>
                    <test id="90d265f03de98d80" name="that is 210 degrees" fullName="SampleSpecs/describe helpers/when making tea/that is 210 degrees" isTestCase="false">
                      <codeReference />
                      <codeLocation />
                      <metadata>
                        <entry key="TestKind">
                          <value>Fixture</value>
                        </entry>
                      </metadata>
                      <children>
                        <test id="5a1693aefce14331" name="should be hot" fullName="SampleSpecs/describe helpers/when making tea/that is 210 degrees/should be hot" isTestCase="true">
                          <codeReference />
                          <codeLocation />
                          <metadata>
                            <entry key="TestKind">
                              <value>Test</value>
                            </entry>
                          </metadata>
                          <children />
                          <parameters />
                        </test>
                      </children>
                      <parameters />
                    </test>
                    <test id="d93107e6ea7f505e" name="that is 90 degrees" fullName="SampleSpecs/describe helpers/when making tea/that is 90 degrees" isTestCase="false">
                      <codeReference />
                      <codeLocation />
                      <metadata>
                        <entry key="TestKind">
                          <value>Fixture</value>
                        </entry>
                      </metadata>
                      <children>
                        <test id="fe33c294e509943" name="should be cold" fullName="SampleSpecs/describe helpers/when making tea/that is 90 degrees/should be cold" isTestCase="true">
                          <codeReference />
                          <codeLocation />
                          <metadata>
                            <entry key="TestKind">
                              <value>Test</value>
                            </entry>
                          </metadata>
                          <children />
                          <parameters />
                        </test>
                      </children>
                      <parameters />
                    </test>
                  </children>
                  <parameters />
                </test>
              </children>
              <parameters />
            </test>
            <test id="319ffd7c1d8f4476" name="describe expected exception" fullName="SampleSpecs/describe expected exception" isTestCase="false">
              <codeReference />
              <codeLocation />
              <metadata>
                <entry key="TestKind">
                  <value>Fixture</value>
                </entry>
              </metadata>
              <children>
                <test id="7801f0aa53fe9496" name="given a null string" fullName="SampleSpecs/describe expected exception/given a null string" isTestCase="false">
                  <codeReference />
                  <codeLocation />
                  <metadata>
                    <entry key="TestKind">
                      <value>Fixture</value>
                    </entry>
                  </metadata>
                  <children>
                    <test id="20f47985055a8e14" name="should throw null-ref" fullName="SampleSpecs/describe expected exception/given a null string/should throw null-ref" isTestCase="true">
                      <codeReference />
                      <codeLocation />
                      <metadata>
                        <entry key="TestKind">
                          <value>Test</value>
                        </entry>
                      </metadata>
                      <children />
                      <parameters />
                    </test>
                  </children>
                  <parameters />
                </test>
              </children>
              <parameters />
            </test>
            <test id="1f95fc63435360ec" name="describe car" fullName="SampleSpecs/describe car" isTestCase="false">
              <codeReference />
              <codeLocation />
              <metadata>
                <entry key="TestKind">
                  <value>Fixture</value>
                </entry>
              </metadata>
              <children>
                <test id="19e512b4597e6c03" name="describe fuel requirements" fullName="SampleSpecs/describe car/describe fuel requirements" isTestCase="false">
                  <codeReference />
                  <codeLocation />
                  <metadata>
                    <entry key="TestKind">
                      <value>Fixture</value>
                    </entry>
                  </metadata>
                  <children>
                    <test id="4ae68b5b659ea6a4" name="car has 10 gallon tank" fullName="SampleSpecs/describe car/describe fuel requirements/car has 10 gallon tank" isTestCase="false">
                      <codeReference />
                      <codeLocation />
                      <metadata>
                        <entry key="TestKind">
                          <value>Fixture</value>
                        </entry>
                      </metadata>
                      <children>
                        <test id="951cda68212965e4" name="tank is empty" fullName="SampleSpecs/describe car/describe fuel requirements/car has 10 gallon tank/tank is empty" isTestCase="false">
                          <codeReference />
                          <codeLocation />
                          <metadata>
                            <entry key="TestKind">
                              <value>Fixture</value>
                            </entry>
                          </metadata>
                          <children>
                            <test id="93ed88e4e81c4a1e" name="car IsOnEmpty should be true" fullName="SampleSpecs/describe car/describe fuel requirements/car has 10 gallon tank/tank is empty/car IsOnEmpty should be true" isTestCase="true">
                              <codeReference />
                              <codeLocation />
                              <metadata>
                                <entry key="TestKind">
                                  <value>Test</value>
                                </entry>
                              </metadata>
                              <children />
                              <parameters />
                            </test>
                          </children>
                          <parameters />
                        </test>
                        <test id="da9fca84b7f45783" name="turning car on" fullName="SampleSpecs/describe car/describe fuel requirements/car has 10 gallon tank/turning car on" isTestCase="false">
                          <codeReference />
                          <codeLocation />
                          <metadata>
                            <entry key="TestKind">
                              <value>Fixture</value>
                            </entry>
                          </metadata>
                          <children>
                            <test id="2f35dca6813cd680" name="car does not have gas" fullName="SampleSpecs/describe car/describe fuel requirements/car has 10 gallon tank/turning car on/car does not have gas" isTestCase="false">
                              <codeReference />
                              <codeLocation />
                              <metadata>
                                <entry key="TestKind">
                                  <value>Fixture</value>
                                </entry>
                              </metadata>
                              <children>
                                <test id="fa16f71753bdbdc6" name="car IsRunning should be false" fullName="SampleSpecs/describe car/describe fuel requirements/car has 10 gallon tank/turning car on/car does not have gas/car IsRunning should be false" isTestCase="true">
                                  <codeReference />
                                  <codeLocation />
                                  <metadata>
                                    <entry key="TestKind">
                                      <value>Test</value>
                                    </entry>
                                  </metadata>
                                  <children />
                                  <parameters />
                                </test>
                              </children>
                              <parameters />
                            </test>
                            <test id="c4077c8277bc9d4" name="car has gas" fullName="SampleSpecs/describe car/describe fuel requirements/car has 10 gallon tank/turning car on/car has gas" isTestCase="false">
                              <codeReference />
                              <codeLocation />
                              <metadata>
                                <entry key="TestKind">
                                  <value>Fixture</value>
                                </entry>
                              </metadata>
                              <children>
                                <test id="d07f45caf4e530d4" name="car IsRunning should be true" fullName="SampleSpecs/describe car/describe fuel requirements/car has 10 gallon tank/turning car on/car has gas/car IsRunning should be true" isTestCase="true">
                                  <codeReference />
                                  <codeLocation />
                                  <metadata>
                                    <entry key="TestKind">
                                      <value>Test</value>
                                    </entry>
                                  </metadata>
                                  <children />
                                  <parameters />
                                </test>
                              </children>
                              <parameters />
                            </test>
                          </children>
                          <parameters />
                        </test>
                        <test id="e70e84c78de40698" name="10% of gas is left" fullName="SampleSpecs/describe car/describe fuel requirements/car has 10 gallon tank/10% of gas is left" isTestCase="false">
                          <codeReference />
                          <codeLocation />
                          <metadata>
                            <entry key="TestKind">
                              <value>Fixture</value>
                            </entry>
                          </metadata>
                          <children>
                            <test id="ce62954f58d8f37e" name="car IsLowOnFuel should be true" fullName="SampleSpecs/describe car/describe fuel requirements/car has 10 gallon tank/10% of gas is left/car IsLowOnFuel should be true" isTestCase="true">
                              <codeReference />
                              <codeLocation />
                              <metadata>
                                <entry key="TestKind">
                                  <value>Test</value>
                                </entry>
                              </metadata>
                              <children />
                              <parameters />
                            </test>
                          </children>
                          <parameters />
                        </test>
                        <test id="b5311db948be6435" name="less than 10% of gas is left" fullName="SampleSpecs/describe car/describe fuel requirements/car has 10 gallon tank/less than 10% of gas is left" isTestCase="false">
                          <codeReference />
                          <codeLocation />
                          <metadata>
                            <entry key="TestKind">
                              <value>Fixture</value>
                            </entry>
                          </metadata>
                          <children>
                            <test id="88574ebebbc06385" name="car IsLowOnFuel should be true" fullName="SampleSpecs/describe car/describe fuel requirements/car has 10 gallon tank/less than 10% of gas is left/car IsLowOnFuel should be true" isTestCase="true">
                              <codeReference />
                              <codeLocation />
                              <metadata>
                                <entry key="TestKind">
                                  <value>Test</value>
                                </entry>
                              </metadata>
                              <children />
                              <parameters />
                            </test>
                          </children>
                          <parameters />
                        </test>
                        <test id="ffc367c179763906" name="more than 10% of gas is left" fullName="SampleSpecs/describe car/describe fuel requirements/car has 10 gallon tank/more than 10% of gas is left" isTestCase="false">
                          <codeReference />
                          <codeLocation />
                          <metadata>
                            <entry key="TestKind">
                              <value>Fixture</value>
                            </entry>
                          </metadata>
                          <children>
                            <test id="6ad42ac445db8bcb" name="car IsLowOnFuel should be false" fullName="SampleSpecs/describe car/describe fuel requirements/car has 10 gallon tank/more than 10% of gas is left/car IsLowOnFuel should be false" isTestCase="true">
                              <codeReference />
                              <codeLocation />
                              <metadata>
                                <entry key="TestKind">
                                  <value>Test</value>
                                </entry>
                              </metadata>
                              <children />
                              <parameters />
                            </test>
                          </children>
                          <parameters />
                        </test>
                      </children>
                      <parameters />
                    </test>
                  </children>
                  <parameters />
                </test>
                <test id="785fbb2c5d603dbe" name="describe compression ratio" fullName="SampleSpecs/describe car/describe compression ratio" isTestCase="false">
                  <codeReference />
                  <codeLocation />
                  <metadata>
                    <entry key="TestKind">
                      <value>Fixture</value>
                    </entry>
                  </metadata>
                  <children>
                    <test id="7f4837be69889627" name="car has compression ratio of 7 to 1" fullName="SampleSpecs/describe car/describe compression ratio/car has compression ratio of 7 to 1" isTestCase="false">
                      <codeReference />
                      <codeLocation />
                      <metadata>
                        <entry key="TestKind">
                          <value>Fixture</value>
                        </entry>
                      </metadata>
                      <children>
                        <test id="e2bbf0ad4d205a4f" name="should have octane requirement of 87" fullName="SampleSpecs/describe car/describe compression ratio/car has compression ratio of 7 to 1/should have octane requirement of 87" isTestCase="true">
                          <codeReference />
                          <codeLocation />
                          <metadata>
                            <entry key="TestKind">
                              <value>Test</value>
                            </entry>
                          </metadata>
                          <children />
                          <parameters />
                        </test>
                        <test id="46655015ab97b76a" name="should have brake thermal efficiency of 28%" fullName="SampleSpecs/describe car/describe compression ratio/car has compression ratio of 7 to 1/should have brake thermal efficiency of 28%" isTestCase="true">
                          <codeReference />
                          <codeLocation />
                          <metadata>
                            <entry key="TestKind">
                              <value>Test</value>
                            </entry>
                          </metadata>
                          <children />
                          <parameters />
                        </test>
                      </children>
                      <parameters />
                    </test>
                    <test id="c9e8df7e8311f6e6" name="car has compression ratio of 8 to 1" fullName="SampleSpecs/describe car/describe compression ratio/car has compression ratio of 8 to 1" isTestCase="false">
                      <codeReference />
                      <codeLocation />
                      <metadata>
                        <entry key="TestKind">
                          <value>Fixture</value>
                        </entry>
                      </metadata>
                      <children>
                        <test id="8607f6b714c29962" name="should have octane requirement of 92" fullName="SampleSpecs/describe car/describe compression ratio/car has compression ratio of 8 to 1/should have octane requirement of 92" isTestCase="true">
                          <codeReference />
                          <codeLocation />
                          <metadata>
                            <entry key="TestKind">
                              <value>Test</value>
                            </entry>
                          </metadata>
                          <children />
                          <parameters />
                        </test>
                        <test id="19d49dc478fdb023" name="should have brake thermal efficiency of 30%" fullName="SampleSpecs/describe car/describe compression ratio/car has compression ratio of 8 to 1/should have brake thermal efficiency of 30%" isTestCase="true">
                          <codeReference />
                          <codeLocation />
                          <metadata>
                            <entry key="TestKind">
                              <value>Test</value>
                            </entry>
                          </metadata>
                          <children />
                          <parameters />
                        </test>
                      </children>
                      <parameters />
                    </test>
                    <test id="630f0a0f97aae087" name="car has compression ratio of 9 to 1" fullName="SampleSpecs/describe car/describe compression ratio/car has compression ratio of 9 to 1" isTestCase="false">
                      <codeReference />
                      <codeLocation />
                      <metadata>
                        <entry key="TestKind">
                          <value>Fixture</value>
                        </entry>
                      </metadata>
                      <children>
                        <test id="b6a75b52485b3980" name="should have octane requirement of 96" fullName="SampleSpecs/describe car/describe compression ratio/car has compression ratio of 9 to 1/should have octane requirement of 96" isTestCase="true">
                          <codeReference />
                          <codeLocation />
                          <metadata>
                            <entry key="TestKind">
                              <value>Test</value>
                            </entry>
                          </metadata>
                          <children />
                          <parameters />
                        </test>
                        <test id="e0659ff3b0c0621f" name="should have brake thermal efficiency of 32%" fullName="SampleSpecs/describe car/describe compression ratio/car has compression ratio of 9 to 1/should have brake thermal efficiency of 32%" isTestCase="true">
                          <codeReference />
                          <codeLocation />
                          <metadata>
                            <entry key="TestKind">
                              <value>Test</value>
                            </entry>
                          </metadata>
                          <children />
                          <parameters />
                        </test>
                      </children>
                      <parameters />
                    </test>
                  </children>
                  <parameters />
                </test>
                <test id="4060774f02287d25" name="when driving car" fullName="SampleSpecs/describe car/when driving car" isTestCase="false">
                  <codeReference />
                  <codeLocation />
                  <metadata>
                    <entry key="TestKind">
                      <value>Fixture</value>
                    </entry>
                  </metadata>
                  <children>
                    <test id="1a6613ce0fbd4db9" name="should throw error if car isn't started" fullName="SampleSpecs/describe car/when driving car/should throw error if car isn't started" isTestCase="true">
                      <codeReference />
                      <codeLocation />
                      <metadata>
                        <entry key="TestKind">
                          <value>Test</value>
                        </entry>
                      </metadata>
                      <children />
                      <parameters />
                    </test>
                    <test id="58b1430724dd1359" name="with 10 gallon(s) of gas, mpg: 1, driving: 10 miles" fullName="SampleSpecs/describe car/when driving car/with 10 gallon(s) of gas, mpg: 1, driving: 10 miles" isTestCase="false">
                      <codeReference />
                      <codeLocation />
                      <metadata>
                        <entry key="TestKind">
                          <value>Fixture</value>
                        </entry>
                      </metadata>
                      <children>
                        <test id="a3208d6caf2e96cd" name="should have made it 10 miles" fullName="SampleSpecs/describe car/when driving car/with 10 gallon(s) of gas, mpg: 1, driving: 10 miles/should have made it 10 miles" isTestCase="true">
                          <codeReference />
                          <codeLocation />
                          <metadata>
                            <entry key="TestKind">
                              <value>Test</value>
                            </entry>
                          </metadata>
                          <children />
                          <parameters />
                        </test>
                        <test id="2eb87bb58a8c9e18" name="should have 0 gallons left in tank" fullName="SampleSpecs/describe car/when driving car/with 10 gallon(s) of gas, mpg: 1, driving: 10 miles/should have 0 gallons left in tank" isTestCase="true">
                          <codeReference />
                          <codeLocation />
                          <metadata>
                            <entry key="TestKind">
                              <value>Test</value>
                            </entry>
                          </metadata>
                          <children />
                          <parameters />
                        </test>
                        <test id="33c2b6e6f012831b" name="should not be running" fullName="SampleSpecs/describe car/when driving car/with 10 gallon(s) of gas, mpg: 1, driving: 10 miles/should not be running" isTestCase="true">
                          <codeReference />
                          <codeLocation />
                          <metadata>
                            <entry key="TestKind">
                              <value>Test</value>
                            </entry>
                          </metadata>
                          <children />
                          <parameters />
                        </test>
                        <test id="f76565f392825997" name="should have low fuel" fullName="SampleSpecs/describe car/when driving car/with 10 gallon(s) of gas, mpg: 1, driving: 10 miles/should have low fuel" isTestCase="true">
                          <codeReference />
                          <codeLocation />
                          <metadata>
                            <entry key="TestKind">
                              <value>Test</value>
                            </entry>
                          </metadata>
                          <children />
                          <parameters />
                        </test>
                      </children>
                      <parameters />
                    </test>
                    <test id="78d3ca2e0a77705b" name="with 10 gallon(s) of gas, mpg: 2, driving: 5 miles" fullName="SampleSpecs/describe car/when driving car/with 10 gallon(s) of gas, mpg: 2, driving: 5 miles" isTestCase="false">
                      <codeReference />
                      <codeLocation />
                      <metadata>
                        <entry key="TestKind">
                          <value>Fixture</value>
                        </entry>
                      </metadata>
                      <children>
                        <test id="d649dd57d908632" name="should have made it 5 miles" fullName="SampleSpecs/describe car/when driving car/with 10 gallon(s) of gas, mpg: 2, driving: 5 miles/should have made it 5 miles" isTestCase="true">
                          <codeReference />
                          <codeLocation />
                          <metadata>
                            <entry key="TestKind">
                              <value>Test</value>
                            </entry>
                          </metadata>
                          <children />
                          <parameters />
                        </test>
                        <test id="d5051e48a02b7ff6" name="should have 7.5 gallons left in tank" fullName="SampleSpecs/describe car/when driving car/with 10 gallon(s) of gas, mpg: 2, driving: 5 miles/should have 7.5 gallons left in tank" isTestCase="true">
                          <codeReference />
                          <codeLocation />
                          <metadata>
                            <entry key="TestKind">
                              <value>Test</value>
                            </entry>
                          </metadata>
                          <children />
                          <parameters />
                        </test>
                        <test id="536419fa43d2e1e" name="should be running" fullName="SampleSpecs/describe car/when driving car/with 10 gallon(s) of gas, mpg: 2, driving: 5 miles/should be running" isTestCase="true">
                          <codeReference />
                          <codeLocation />
                          <metadata>
                            <entry key="TestKind">
                              <value>Test</value>
                            </entry>
                          </metadata>
                          <children />
                          <parameters />
                        </test>
                        <test id="1b7089ed3e543b4d" name="should not have low fuel" fullName="SampleSpecs/describe car/when driving car/with 10 gallon(s) of gas, mpg: 2, driving: 5 miles/should not have low fuel" isTestCase="true">
                          <codeReference />
                          <codeLocation />
                          <metadata>
                            <entry key="TestKind">
                              <value>Test</value>
                            </entry>
                          </metadata>
                          <children />
                          <parameters />
                        </test>
                      </children>
                      <parameters />
                    </test>
                    <test id="deeb4911ab91a943" name="with 10 gallon(s) of gas, mpg: 10, driving: 10 miles" fullName="SampleSpecs/describe car/when driving car/with 10 gallon(s) of gas, mpg: 10, driving: 10 miles" isTestCase="false">
                      <codeReference />
                      <codeLocation />
                      <metadata>
                        <entry key="TestKind">
                          <value>Fixture</value>
                        </entry>
                      </metadata>
                      <children>
                        <test id="12e5d50e0e75144d" name="should have made it 10 miles" fullName="SampleSpecs/describe car/when driving car/with 10 gallon(s) of gas, mpg: 10, driving: 10 miles/should have made it 10 miles" isTestCase="true">
                          <codeReference />
                          <codeLocation />
                          <metadata>
                            <entry key="TestKind">
                              <value>Test</value>
                            </entry>
                          </metadata>
                          <children />
                          <parameters />
                        </test>
                        <test id="cb0614664e65a040" name="should have 9 gallons left in tank" fullName="SampleSpecs/describe car/when driving car/with 10 gallon(s) of gas, mpg: 10, driving: 10 miles/should have 9 gallons left in tank" isTestCase="true">
                          <codeReference />
                          <codeLocation />
                          <metadata>
                            <entry key="TestKind">
                              <value>Test</value>
                            </entry>
                          </metadata>
                          <children />
                          <parameters />
                        </test>
                        <test id="246d194a7e7dd6b4" name="should be running" fullName="SampleSpecs/describe car/when driving car/with 10 gallon(s) of gas, mpg: 10, driving: 10 miles/should be running" isTestCase="true">
                          <codeReference />
                          <codeLocation />
                          <metadata>
                            <entry key="TestKind">
                              <value>Test</value>
                            </entry>
                          </metadata>
                          <children />
                          <parameters />
                        </test>
                        <test id="b6009b691fbe20dc" name="should not have low fuel" fullName="SampleSpecs/describe car/when driving car/with 10 gallon(s) of gas, mpg: 10, driving: 10 miles/should not have low fuel" isTestCase="true">
                          <codeReference />
                          <codeLocation />
                          <metadata>
                            <entry key="TestKind">
                              <value>Test</value>
                            </entry>
                          </metadata>
                          <children />
                          <parameters />
                        </test>
                      </children>
                      <parameters />
                    </test>
                  </children>
                  <parameters />
                </test>
              </children>
              <parameters />
            </test>
            <test id="ed51bdbe3742233" name="VendingMachineSpec" fullName="SampleSpecs/VendingMachineSpec" isTestCase="false">
              <codeReference />
              <codeLocation />
              <metadata>
                <entry key="TestKind">
                  <value>Fixture</value>
                </entry>
              </metadata>
              <children>
                <test id="1319d473065c576d" name="given new vending machine" fullName="SampleSpecs/VendingMachineSpec/given new vending machine" isTestCase="false">
                  <codeReference />
                  <codeLocation />
                  <metadata>
                    <entry key="TestKind">
                      <value>Fixture</value>
                    </entry>
                  </metadata>
                  <children>
                    <test id="d082b65801a6d9a8" name="machine Items should be empty" fullName="SampleSpecs/VendingMachineSpec/given new vending machine/machine Items should be empty" isTestCase="true">
                      <codeReference />
                      <codeLocation />
                      <metadata>
                        <entry key="TestKind">
                          <value>Test</value>
                        </entry>
                      </metadata>
                      <children />
                      <parameters />
                    </test>
                    <test id="c2f89885821f8e60" name="getting item A1 should throw ItemNotRegistered" fullName="SampleSpecs/VendingMachineSpec/given new vending machine/getting item A1 should throw ItemNotRegistered" isTestCase="true">
                      <codeReference />
                      <codeLocation />
                      <metadata>
                        <entry key="TestKind">
                          <value>Test</value>
                        </entry>
                      </metadata>
                      <children />
                      <parameters />
                    </test>
                    <test id="5a2bbf5b351e2f92" name="given doritos are registered in A1 for 50 cents" fullName="SampleSpecs/VendingMachineSpec/given new vending machine/given doritos are registered in A1 for 50 cents" isTestCase="false">
                      <codeReference />
                      <codeLocation />
                      <metadata>
                        <entry key="TestKind">
                          <value>Fixture</value>
                        </entry>
                      </metadata>
                      <children>
                        <test id="93287732965626c8" name="machine Items Count should be Convert 1" fullName="SampleSpecs/VendingMachineSpec/given new vending machine/given doritos are registered in A1 for 50 cents/machine Items Count should be Convert 1" isTestCase="true">
                          <codeReference />
                          <codeLocation />
                          <metadata>
                            <entry key="TestKind">
                              <value>Test</value>
                            </entry>
                          </metadata>
                          <children />
                          <parameters />
                        </test>
                        <test id="a4889486f498cc39" name="machine Item A1 Name should be doritos" fullName="SampleSpecs/VendingMachineSpec/given new vending machine/given doritos are registered in A1 for 50 cents/machine Item A1 Name should be doritos" isTestCase="true">
                          <codeReference />
                          <codeLocation />
                          <metadata>
                            <entry key="TestKind">
                              <value>Test</value>
                            </entry>
                          </metadata>
                          <children />
                          <parameters />
                        </test>
                        <test id="67236236bfa31a0b" name="machine Item A1 Price should be Convert 0 5" fullName="SampleSpecs/VendingMachineSpec/given new vending machine/given doritos are registered in A1 for 50 cents/machine Item A1 Price should be Convert 0 5" isTestCase="true">
                          <codeReference />
                          <codeLocation />
                          <metadata>
                            <entry key="TestKind">
                              <value>Test</value>
                            </entry>
                          </metadata>
                          <children />
                          <parameters />
                        </test>
                        <test id="15536fc5289ae5e6" name="given a second item is registered" fullName="SampleSpecs/VendingMachineSpec/given new vending machine/given doritos are registered in A1 for 50 cents/given a second item is registered" isTestCase="false">
                          <codeReference />
                          <codeLocation />
                          <metadata>
                            <entry key="TestKind">
                              <value>Fixture</value>
                            </entry>
                          </metadata>
                          <children>
                            <test id="cb33a4a97696c2fa" name="machine Items Count should be Convert 2" fullName="SampleSpecs/VendingMachineSpec/given new vending machine/given doritos are registered in A1 for 50 cents/given a second item is registered/machine Items Count should be Convert 2" isTestCase="true">
                              <codeReference />
                              <codeLocation />
                              <metadata>
                                <entry key="TestKind">
                                  <value>Test</value>
                                </entry>
                              </metadata>
                              <children />
                              <parameters />
                            </test>
                          </children>
                          <parameters />
                        </test>
                      </children>
                      <parameters />
                    </test>
                  </children>
                  <parameters />
                </test>
              </children>
              <parameters />
            </test>
            <test id="9f486046f6ec452e" name="describe before" fullName="SampleSpecs/describe before" isTestCase="false">
              <codeReference />
              <codeLocation />
              <metadata>
                <entry key="TestKind">
                  <value>Fixture</value>
                </entry>
              </metadata>
              <children>
                <test id="21726483559058aa" name="they run before each example" fullName="SampleSpecs/describe before/they run before each example" isTestCase="false">
                  <codeReference />
                  <codeLocation />
                  <metadata>
                    <entry key="TestKind">
                      <value>Fixture</value>
                    </entry>
                  </metadata>
                  <children>
                    <test id="d2883a96a97c3fc7" name="number should be 2" fullName="SampleSpecs/describe before/they run before each example/number should be 2" isTestCase="true">
                      <codeReference />
                      <codeLocation />
                      <metadata>
                        <entry key="TestKind">
                          <value>Test</value>
                        </entry>
                      </metadata>
                      <children />
                      <parameters />
                    </test>
                    <test id="289fec88fbe0ec46" name="number should be 1" fullName="SampleSpecs/describe before/they run before each example/number should be 1" isTestCase="true">
                      <codeReference />
                      <codeLocation />
                      <metadata>
                        <entry key="TestKind">
                          <value>Test</value>
                        </entry>
                      </metadata>
                      <children />
                      <parameters />
                    </test>
                  </children>
                  <parameters />
                </test>
              </children>
              <parameters />
            </test>
            <test id="d83d28c301b8165b" name="describe contexts" fullName="SampleSpecs/describe contexts" isTestCase="false">
              <codeReference />
              <codeLocation />
              <metadata>
                <entry key="TestKind">
                  <value>Fixture</value>
                </entry>
              </metadata>
              <children>
                <test id="54a6c029c391ede" name="describe Account" fullName="SampleSpecs/describe contexts/describe Account" isTestCase="false">
                  <codeReference />
                  <codeLocation />
                  <metadata>
                    <entry key="TestKind">
                      <value>Fixture</value>
                    </entry>
                  </metadata>
                  <children>
                    <test id="d6ffc908eadd65bb" name="when withdrawing cash" fullName="SampleSpecs/describe contexts/describe Account/when withdrawing cash" isTestCase="false">
                      <codeReference />
                      <codeLocation />
                      <metadata>
                        <entry key="TestKind">
                          <value>Fixture</value>
                        </entry>
                      </metadata>
                      <children>
                        <test id="e17d6b49f4161f25" name="account is in credit" fullName="SampleSpecs/describe contexts/describe Account/when withdrawing cash/account is in credit" isTestCase="false">
                          <codeReference />
                          <codeLocation />
                          <metadata>
                            <entry key="TestKind">
                              <value>Fixture</value>
                            </entry>
                          </metadata>
                          <children>
                            <test id="868cb3d478e3d5d4" name="the Account dispenses cash" fullName="SampleSpecs/describe contexts/describe Account/when withdrawing cash/account is in credit/the Account dispenses cash" isTestCase="true">
                              <codeReference />
                              <codeLocation />
                              <metadata>
                                <entry key="TestKind">
                                  <value>Test</value>
                                </entry>
                              </metadata>
                              <children />
                              <parameters />
                            </test>
                          </children>
                          <parameters />
                        </test>
                        <test id="38502c46a3e3c579" name="account is overdrawn" fullName="SampleSpecs/describe contexts/describe Account/when withdrawing cash/account is overdrawn" isTestCase="false">
                          <codeReference />
                          <codeLocation />
                          <metadata>
                            <entry key="TestKind">
                              <value>Fixture</value>
                            </entry>
                          </metadata>
                          <children>
                            <test id="49fcb105de62b6ce" name="the Account does not dispense cash" fullName="SampleSpecs/describe contexts/describe Account/when withdrawing cash/account is overdrawn/the Account does not dispense cash" isTestCase="true">
                              <codeReference />
                              <codeLocation />
                              <metadata>
                                <entry key="TestKind">
                                  <value>Test</value>
                                </entry>
                              </metadata>
                              <children />
                              <parameters />
                            </test>
                          </children>
                          <parameters />
                        </test>
                      </children>
                      <parameters />
                    </test>
                  </children>
                  <parameters />
                </test>
              </children>
              <parameters />
            </test>
            <test id="2d2b8b7024a73b56" name="describe specifications" fullName="SampleSpecs/describe specifications" isTestCase="false">
              <codeReference />
              <codeLocation />
              <metadata>
                <entry key="TestKind">
                  <value>Fixture</value>
                </entry>
              </metadata>
              <children>
                <test id="281eea27fdfd2ae4" name="when creating specifications" fullName="SampleSpecs/describe specifications/when creating specifications" isTestCase="false">
                  <codeReference />
                  <codeLocation />
                  <metadata>
                    <entry key="TestKind">
                      <value>Fixture</value>
                    </entry>
                  </metadata>
                  <children>
                    <test id="1075e71a366e00c3" name="true should be false" fullName="SampleSpecs/describe specifications/when creating specifications/true should be false" isTestCase="true">
                      <codeReference />
                      <codeLocation />
                      <metadata>
                        <entry key="TestKind">
                          <value>Test</value>
                        </entry>
                      </metadata>
                      <children />
                      <parameters />
                    </test>
                    <test id="397b0951c9c6aec1" name="enumerable should be empty" fullName="SampleSpecs/describe specifications/when creating specifications/enumerable should be empty" isTestCase="true">
                      <codeReference />
                      <codeLocation />
                      <metadata>
                        <entry key="TestKind">
                          <value>Test</value>
                        </entry>
                      </metadata>
                      <children />
                      <parameters />
                    </test>
                    <test id="c5873f046288e320" name="enumerable should contain 1" fullName="SampleSpecs/describe specifications/when creating specifications/enumerable should contain 1" isTestCase="true">
                      <codeReference />
                      <codeLocation />
                      <metadata>
                        <entry key="TestKind">
                          <value>Test</value>
                        </entry>
                      </metadata>
                      <children />
                      <parameters />
                    </test>
                    <test id="70fdbab8053c85fa" name="enumerable should not contain 1" fullName="SampleSpecs/describe specifications/when creating specifications/enumerable should not contain 1" isTestCase="true">
                      <codeReference />
                      <codeLocation />
                      <metadata>
                        <entry key="TestKind">
                          <value>Test</value>
                        </entry>
                      </metadata>
                      <children />
                      <parameters />
                    </test>
                    <test id="d8827c2e5b3cf407" name="1 should be 2" fullName="SampleSpecs/describe specifications/when creating specifications/1 should be 2" isTestCase="true">
                      <codeReference />
                      <codeLocation />
                      <metadata>
                        <entry key="TestKind">
                          <value>Test</value>
                        </entry>
                      </metadata>
                      <children />
                      <parameters />
                    </test>
                    <test id="eaef06e266998f41" name="1 should be 1" fullName="SampleSpecs/describe specifications/when creating specifications/1 should be 1" isTestCase="true">
                      <codeReference />
                      <codeLocation />
                      <metadata>
                        <entry key="TestKind">
                          <value>Test</value>
                        </entry>
                      </metadata>
                      <children />
                      <parameters />
                    </test>
                    <test id="ca0ac5449d009d47" name="1 should not be 1" fullName="SampleSpecs/describe specifications/when creating specifications/1 should not be 1" isTestCase="true">
                      <codeReference />
                      <codeLocation />
                      <metadata>
                        <entry key="TestKind">
                          <value>Test</value>
                        </entry>
                      </metadata>
                      <children />
                      <parameters />
                    </test>
                    <test id="4e27a3b607e188b" name="1 should not be 2" fullName="SampleSpecs/describe specifications/when creating specifications/1 should not be 2" isTestCase="true">
                      <codeReference />
                      <codeLocation />
                      <metadata>
                        <entry key="TestKind">
                          <value>Test</value>
                        </entry>
                      </metadata>
                      <children />
                      <parameters />
                    </test>
                    <test id="66c10360dcc7cbc4" name="&quot;&quot; should not be null" fullName="SampleSpecs/describe specifications/when creating specifications/&quot;&quot; should not be null" isTestCase="true">
                      <codeReference />
                      <codeLocation />
                      <metadata>
                        <entry key="TestKind">
                          <value>Test</value>
                        </entry>
                      </metadata>
                      <children />
                      <parameters />
                    </test>
                    <test id="660a2e0efa7f0192" name="some object should not be null" fullName="SampleSpecs/describe specifications/when creating specifications/some object should not be null" isTestCase="true">
                      <codeReference />
                      <codeLocation />
                      <metadata>
                        <entry key="TestKind">
                          <value>Test</value>
                        </entry>
                      </metadata>
                      <children />
                      <parameters />
                    </test>
                    <test id="a9f1a078fb726f1d" name="ninja should not be pirate" fullName="SampleSpecs/describe specifications/when creating specifications/ninja should not be pirate" isTestCase="true">
                      <codeReference />
                      <codeLocation />
                      <metadata>
                        <entry key="TestKind">
                          <value>Test</value>
                        </entry>
                      </metadata>
                      <children />
                      <parameters />
                    </test>
                  </children>
                  <parameters />
                </test>
              </children>
              <parameters />
            </test>
            <test id="38907db7369778f5" name="prime kata" fullName="SampleSpecs/prime kata" isTestCase="false">
              <codeReference />
              <codeLocation />
              <metadata>
                <entry key="TestKind">
                  <value>Fixture</value>
                </entry>
              </metadata>
              <children>
                <test id="aa16732e2f98677f" name="prime factors" fullName="SampleSpecs/prime kata/prime factors" isTestCase="false">
                  <codeReference />
                  <codeLocation />
                  <metadata>
                    <entry key="TestKind">
                      <value>Fixture</value>
                    </entry>
                  </metadata>
                  <children>
                    <test id="f92c150dc0e5d77e" name="1 should be []" fullName="SampleSpecs/prime kata/prime factors/1 should be []" isTestCase="true">
                      <codeReference />
                      <codeLocation />
                      <metadata>
                        <entry key="TestKind">
                          <value>Test</value>
                        </entry>
                      </metadata>
                      <children />
                      <parameters />
                    </test>
                    <test id="d17d7e9a0ba9f1d3" name="2 should be [2]" fullName="SampleSpecs/prime kata/prime factors/2 should be [2]" isTestCase="true">
                      <codeReference />
                      <codeLocation />
                      <metadata>
                        <entry key="TestKind">
                          <value>Test</value>
                        </entry>
                      </metadata>
                      <children />
                      <parameters />
                    </test>
                    <test id="3d6f267251c072e0" name="3 should be [3]" fullName="SampleSpecs/prime kata/prime factors/3 should be [3]" isTestCase="true">
                      <codeReference />
                      <codeLocation />
                      <metadata>
                        <entry key="TestKind">
                          <value>Test</value>
                        </entry>
                      </metadata>
                      <children />
                      <parameters />
                    </test>
                    <test id="4464bbcf28ee0f7f" name="4 should be [2,2]" fullName="SampleSpecs/prime kata/prime factors/4 should be [2,2]" isTestCase="true">
                      <codeReference />
                      <codeLocation />
                      <metadata>
                        <entry key="TestKind">
                          <value>Test</value>
                        </entry>
                      </metadata>
                      <children />
                      <parameters />
                    </test>
                    <test id="eb2d8aa411f435cd" name="5 should be [5]" fullName="SampleSpecs/prime kata/prime factors/5 should be [5]" isTestCase="true">
                      <codeReference />
                      <codeLocation />
                      <metadata>
                        <entry key="TestKind">
                          <value>Test</value>
                        </entry>
                      </metadata>
                      <children />
                      <parameters />
                    </test>
                    <test id="a6bc55039e8e4964" name="6 should be [2,3]" fullName="SampleSpecs/prime kata/prime factors/6 should be [2,3]" isTestCase="true">
                      <codeReference />
                      <codeLocation />
                      <metadata>
                        <entry key="TestKind">
                          <value>Test</value>
                        </entry>
                      </metadata>
                      <children />
                      <parameters />
                    </test>
                    <test id="f89c725396ccb150" name="7 should be [7]" fullName="SampleSpecs/prime kata/prime factors/7 should be [7]" isTestCase="true">
                      <codeReference />
                      <codeLocation />
                      <metadata>
                        <entry key="TestKind">
                          <value>Test</value>
                        </entry>
                      </metadata>
                      <children />
                      <parameters />
                    </test>
                    <test id="9d556092cd1e2be6" name="8 should be [2,2,2]" fullName="SampleSpecs/prime kata/prime factors/8 should be [2,2,2]" isTestCase="true">
                      <codeReference />
                      <codeLocation />
                      <metadata>
                        <entry key="TestKind">
                          <value>Test</value>
                        </entry>
                      </metadata>
                      <children />
                      <parameters />
                    </test>
                    <test id="b18144258ab181f1" name="9 should be [3,3]" fullName="SampleSpecs/prime kata/prime factors/9 should be [3,3]" isTestCase="true">
                      <codeReference />
                      <codeLocation />
                      <metadata>
                        <entry key="TestKind">
                          <value>Test</value>
                        </entry>
                      </metadata>
                      <children />
                      <parameters />
                    </test>
                  </children>
                  <parameters />
                </test>
              </children>
              <parameters />
            </test>
            <test id="18a6c6097b7203bb" name="SomeSharedSpec" fullName="SampleSpecs/SomeSharedSpec" isTestCase="false">
              <codeReference />
              <codeLocation />
              <metadata>
                <entry key="TestKind">
                  <value>Fixture</value>
                </entry>
              </metadata>
              <children>
                <test id="7e18567dddae6176" name="when inherting from some shared spec" fullName="SampleSpecs/SomeSharedSpec/when inherting from some shared spec" isTestCase="false">
                  <codeReference />
                  <codeLocation />
                  <metadata>
                    <entry key="TestKind">
                      <value>Fixture</value>
                    </entry>
                  </metadata>
                  <children>
                    <test id="7ccdb451cb40c451" name="should still run tests" fullName="SampleSpecs/SomeSharedSpec/when inherting from some shared spec/should still run tests" isTestCase="false">
                      <codeReference />
                      <codeLocation />
                      <metadata>
                        <entry key="TestKind">
                          <value>Fixture</value>
                        </entry>
                      </metadata>
                      <children>
                        <test id="8dc77c1be6741153" name="Test should be Test" fullName="SampleSpecs/SomeSharedSpec/when inherting from some shared spec/should still run tests/Test should be Test" isTestCase="true">
                          <codeReference />
                          <codeLocation />
                          <metadata>
                            <entry key="TestKind">
                              <value>Test</value>
                            </entry>
                          </metadata>
                          <children />
                          <parameters />
                        </test>
                      </children>
                      <parameters />
                    </test>
                  </children>
                  <parameters />
                </test>
              </children>
              <parameters />
            </test>
          </children>
          <parameters />
        </test>
      </children>
      <parameters />
    </test>
    <annotations />
  </testModel>
  <testPackageRun startTime="2011-09-07T18:22:58.5925077-05:00" endTime="2011-09-07T18:23:04.5508485-05:00">
    <testStepRun startTime="2011-09-07T18:23:01.0886505-05:00" endTime="2011-09-07T18:23:04.5518485-05:00">
      <testStep id="617da796cbfe04be" name="Root" fullName="" testId="c2722843734a7a54" isPrimary="true" isTestCase="false" isDynamic="false">
        <codeReference />
        <codeLocation />
        <metadata>
          <entry key="TestKind">
            <value>Root</value>
          </entry>
        </metadata>
      </testStep>
      <children>
        <testStepRun startTime="2011-09-07T18:23:01.132653-05:00" endTime="2011-09-07T18:23:01.3716666-05:00">
          <testStep id="abe66b24cb2c7cb9" name="SampleSpecs" fullName="SampleSpecs" testId="f6bb5e8af9aed4a7" isPrimary="true" isTestCase="false" isDynamic="false">
            <codeReference assembly="SampleSpecs, Version=1.0.0.0, Culture=neutral, PublicKeyToken=null" />
            <codeLocation path="C:\Development\NSpec\SampleSpecs\bin\Release\SampleSpecs.DLL" />
            <metadata>
              <entry key="TestKind">
                <value>NUnit v2.5.4+ Assembly</value>
              </entry>
              <entry key="CodeBase">
                <value>C:\Development\NSpec\SampleSpecs\bin\Release\SampleSpecs.DLL</value>
              </entry>
              <entry key="Company">
                <value>Microsoft</value>
              </entry>
              <entry key="Copyright">
                <value>Copyright Â© Microsoft 2011</value>
              </entry>
              <entry key="FileVersion">
                <value>1.0.0.0</value>
              </entry>
              <entry key="Product">
                <value>SampleSpecs</value>
              </entry>
              <entry key="Title">
                <value>SampleSpecs</value>
              </entry>
              <entry key="Version">
                <value>1.0.0.0</value>
              </entry>
              <entry key="Framework">
                <value>NUnit v2.5.7.10213</value>
              </entry>
              <entry key="File">
                <value>C:\Development\NSpec\SampleSpecs\bin\Release\SampleSpecs.DLL</value>
              </entry>
            </metadata>
          </testStep>
          <children>
            <testStepRun startTime="2011-09-07T18:23:01.1356531-05:00" endTime="2011-09-07T18:23:01.2646605-05:00">
              <testStep id="d7b02ba1d0fe4c19" name="DebuggerShim" fullName="SampleSpecs/DebuggerShim" testId="c6b8d6e65c97ded4" isPrimary="true" isTestCase="false" isDynamic="false">
                <codeReference assembly="SampleSpecs, Version=1.0.0.0, Culture=neutral, PublicKeyToken=null" namespace="" type="DebuggerShim" />
                <codeLocation path="C:\Development\NSpec\SampleSpecs\DebuggerShim.cs" />
                <metadata>
                  <entry key="TestKind">
                    <value>Fixture</value>
                  </entry>
                </metadata>
              </testStep>
              <children>
                <testStepRun startTime="2011-09-07T18:23:01.1386533-05:00" endTime="2011-09-07T18:23:01.2426593-05:00">
                  <testStep id="a83c88e4b45acf7f" name="debug" fullName="SampleSpecs/DebuggerShim/debug" testId="e571cfe3eec731a9" isPrimary="true" isTestCase="true" isDynamic="false">
                    <codeReference assembly="SampleSpecs, Version=1.0.0.0, Culture=neutral, PublicKeyToken=null" namespace="" type="DebuggerShim" member="debug" />
                    <codeLocation path="C:\Development\NSpec\SampleSpecs\DebuggerShim.cs" line="16" />
                    <metadata>
                      <entry key="TestKind">
                        <value>Test</value>
                      </entry>
                    </metadata>
                  </testStep>
                  <children />
                  <result assertCount="0" duration="0.0942476">
                    <outcome status="passed" />
                  </result>
                  <testLog>
                    <streams>
                      <stream name="ConsoleOutput">
                        <body>
                          <contents>
                            <text><![CDATA[
0 Examples, 0 Failed, 0 Pending
]]></text>
                          </contents>
                        </body>
                      </stream>
                    </streams>
                    <attachments />
                  </testLog>
                </testStepRun>
              </children>
              <result assertCount="0" duration="0.1073567">
                <outcome status="passed" />
              </result>
              <testLog>
                <streams />
                <attachments />
              </testLog>
            </testStepRun>
            <testStepRun startTime="2011-09-07T18:23:01.2716609-05:00" endTime="2011-09-07T18:23:01.3706666-05:00">
              <testStep id="54bf7e8ca1bc151f" name="SampleSpecs" fullName="SampleSpecs/SampleSpecs" testId="987e5897542f8d24" isPrimary="true" isTestCase="false" isDynamic="false">
                <codeReference assembly="SampleSpecs, Version=1.0.0.0, Culture=neutral, PublicKeyToken=null" />
                <codeLocation path="C:\Development\NSpec\SampleSpecs\bin\Release\SampleSpecs.DLL" />
                <metadata>
                  <entry key="TestKind">
                    <value>Suite</value>
                  </entry>
                </metadata>
              </testStep>
              <children>
                <testStepRun startTime="2011-09-07T18:23:01.2826616-05:00" endTime="2011-09-07T18:23:01.3686665-05:00">
                  <testStep id="333f2d4bf0ad1649" name="Compare" fullName="SampleSpecs/SampleSpecs/Compare" testId="965d06f0c2f6180a" isPrimary="true" isTestCase="false" isDynamic="false">
                    <codeReference assembly="SampleSpecs, Version=1.0.0.0, Culture=neutral, PublicKeyToken=null" />
                    <codeLocation path="C:\Development\NSpec\SampleSpecs\bin\Release\SampleSpecs.DLL" />
                    <metadata>
                      <entry key="TestKind">
                        <value>Suite</value>
                      </entry>
                    </metadata>
                  </testStep>
                  <children>
                    <testStepRun startTime="2011-09-07T18:23:01.2856617-05:00" endTime="2011-09-07T18:23:01.3676664-05:00">
                      <testStep id="c13090c0ee1a1923" name="NUnit" fullName="SampleSpecs/SampleSpecs/Compare/NUnit" testId="a60c7fda2e28f725" isPrimary="true" isTestCase="false" isDynamic="false">
                        <codeReference assembly="SampleSpecs, Version=1.0.0.0, Culture=neutral, PublicKeyToken=null" />
                        <codeLocation path="C:\Development\NSpec\SampleSpecs\bin\Release\SampleSpecs.DLL" />
                        <metadata>
                          <entry key="TestKind">
                            <value>Suite</value>
                          </entry>
                        </metadata>
                      </testStep>
                      <children>
                        <testStepRun startTime="2011-09-07T18:23:01.2886619-05:00" endTime="2011-09-07T18:23:01.3656663-05:00">
                          <testStep id="b8ceba246970c760" name="Describe_VendingMachine" fullName="SampleSpecs/SampleSpecs/Compare/NUnit/Describe_VendingMachine" testId="4757f4fad9920f07" isPrimary="true" isTestCase="false" isDynamic="false">
                            <codeReference assembly="SampleSpecs, Version=1.0.0.0, Culture=neutral, PublicKeyToken=null" />
                            <codeLocation path="C:\Development\NSpec\SampleSpecs\bin\Release\SampleSpecs.DLL" />
                            <metadata>
                              <entry key="TestKind">
                                <value>Suite</value>
                              </entry>
                            </metadata>
                          </testStep>
                          <children>
                            <testStepRun startTime="2011-09-07T18:23:01.2916621-05:00" endTime="2011-09-07T18:23:01.3026627-05:00">
                              <testStep id="5b7b2c8f7b8cdda2" name="given_a_registered_item_has_been_stocked" fullName="SampleSpecs/SampleSpecs/Compare/NUnit/Describe_VendingMachine/given_a_registered_item_has_been_stocked" testId="a1677b12c9c88ed9" isPrimary="true" isTestCase="false" isDynamic="false">
                                <codeReference assembly="SampleSpecs, Version=1.0.0.0, Culture=neutral, PublicKeyToken=null" namespace="SampleSpecs.Compare.NUnit.Describe_VendingMachine" type="SampleSpecs.Compare.NUnit.Describe_VendingMachine.given_a_registered_item_has_been_stocked" />
                                <codeLocation path="C:\Development\NSpec\SampleSpecs\Compare\NUnit\Describe_VendingMachine\given_a_registered_item_has_been_stocked.cs" />
                                <metadata>
                                  <entry key="TestKind">
                                    <value>Fixture</value>
                                  </entry>
                                </metadata>
                              </testStep>
                              <children>
                                <testStepRun startTime="2011-09-07T18:23:01.2946622-05:00" endTime="2011-09-07T18:23:01.2976624-05:00">
                                  <testStep id="b2b6993d76999c04" name="given_A1_is_stocked_it_should_be_in_stock" fullName="SampleSpecs/SampleSpecs/Compare/NUnit/Describe_VendingMachine/given_a_registered_item_has_been_stocked/given_A1_is_stocked_it_should_be_in_stock" testId="84d0608426e369c7" isPrimary="true" isTestCase="true" isDynamic="false">
                                    <codeReference assembly="SampleSpecs, Version=1.0.0.0, Culture=neutral, PublicKeyToken=null" namespace="SampleSpecs.Compare.NUnit.Describe_VendingMachine" type="SampleSpecs.Compare.NUnit.Describe_VendingMachine.given_a_registered_item_has_been_stocked" member="given_A1_is_stocked_it_should_be_in_stock" />
                                    <codeLocation path="C:\Development\NSpec\SampleSpecs\Compare\NUnit\Describe_VendingMachine\given_a_registered_item_has_been_stocked.cs" line="21" />
                                    <metadata>
                                      <entry key="TestKind">
                                        <value>Test</value>
                                      </entry>
                                    </metadata>
                                  </testStep>
                                  <children />
                                  <result assertCount="1" duration="0.0101062">
                                    <outcome status="passed" />
                                  </result>
                                  <testLog>
                                    <streams />
                                    <attachments />
                                  </testLog>
                                </testStepRun>
                              </children>
                              <result assertCount="1" duration="0.0147519">
                                <outcome status="passed" />
                              </result>
                              <testLog>
                                <streams />
                                <attachments />
                              </testLog>
                            </testStepRun>
                            <testStepRun startTime="2011-09-07T18:23:01.3106632-05:00" endTime="2011-09-07T18:23:01.342665-05:00">
                              <testStep id="7349f06a62fe5d01" name="given_doritos_are_registerd_in_A1_for_50_cents" fullName="SampleSpecs/SampleSpecs/Compare/NUnit/Describe_VendingMachine/given_doritos_are_registerd_in_A1_for_50_cents" testId="fb711bf35ceb4b5d" isPrimary="true" isTestCase="false" isDynamic="false">
                                <codeReference assembly="SampleSpecs, Version=1.0.0.0, Culture=neutral, PublicKeyToken=null" namespace="SampleSpecs.Compare.NUnit.Describe_VendingMachine" type="SampleSpecs.Compare.NUnit.Describe_VendingMachine.given_doritos_are_registerd_in_A1_for_50_cents" />
                                <codeLocation path="C:\Development\NSpec\SampleSpecs\Compare\NUnit\Describe_VendingMachine\given_doritos_are_registerd_in_A1_for_50_cents.cs" />
                                <metadata>
                                  <entry key="TestKind">
                                    <value>Fixture</value>
                                  </entry>
                                </metadata>
                              </testStep>
                              <children>
                                <testStepRun startTime="2011-09-07T18:23:01.3136633-05:00" endTime="2011-09-07T18:23:01.3166635-05:00">
                                  <testStep id="1ee5a9f01429abb9" name="registering_cheetos_in_the_same_slot_should_throw_SlotAlreadyAssignedException" fullName="SampleSpecs/SampleSpecs/Compare/NUnit/Describe_VendingMachine/given_doritos_are_registerd_in_A1_for_50_cents/registering_cheetos_in_the_same_slot_should_throw_SlotAlreadyAssignedException" testId="49f5b0f68d9000de" isPrimary="true" isTestCase="true" isDynamic="false">
                                    <codeReference assembly="SampleSpecs, Version=1.0.0.0, Culture=neutral, PublicKeyToken=null" namespace="SampleSpecs.Compare.NUnit.Describe_VendingMachine" type="SampleSpecs.Compare.NUnit.Describe_VendingMachine.given_doritos_are_registerd_in_A1_for_50_cents" member="registering_cheetos_in_the_same_slot_should_throw_SlotAlreadyAssignedException" />
                                    <codeLocation path="C:\Development\NSpec\SampleSpecs\Compare\NUnit\Describe_VendingMachine\given_doritos_are_registerd_in_A1_for_50_cents.cs" line="50" />
                                    <metadata>
                                      <entry key="TestKind">
                                        <value>Test</value>
                                      </entry>
                                    </metadata>
                                  </testStep>
                                  <children />
                                  <result assertCount="0" duration="0.007695">
                                    <outcome status="passed" />
                                  </result>
                                  <testLog>
                                    <streams />
                                    <attachments />
                                  </testLog>
                                </testStepRun>
                                <testStepRun startTime="2011-09-07T18:23:01.3186636-05:00" endTime="2011-09-07T18:23:01.3216638-05:00">
                                  <testStep id="392b1dc184ed2ec9" name="should_be_1_item_in_the_vending_machine" fullName="SampleSpecs/SampleSpecs/Compare/NUnit/Describe_VendingMachine/given_doritos_are_registerd_in_A1_for_50_cents/should_be_1_item_in_the_vending_machine" testId="cd4a6023c8d0571c" isPrimary="true" isTestCase="true" isDynamic="false">
                                    <codeReference assembly="SampleSpecs, Version=1.0.0.0, Culture=neutral, PublicKeyToken=null" namespace="SampleSpecs.Compare.NUnit.Describe_VendingMachine" type="SampleSpecs.Compare.NUnit.Describe_VendingMachine.given_doritos_are_registerd_in_A1_for_50_cents" member="should_be_1_item_in_the_vending_machine" />
                                    <codeLocation path="C:\Development\NSpec\SampleSpecs\Compare\NUnit\Describe_VendingMachine\given_doritos_are_registerd_in_A1_for_50_cents.cs" line="26" />
                                    <metadata>
                                      <entry key="TestKind">
                                        <value>Test</value>
                                      </entry>
                                    </metadata>
                                  </testStep>
                                  <children />
                                  <result assertCount="1" duration="0.015065299999999998">
                                    <outcome status="passed" />
                                  </result>
                                  <testLog>
                                    <streams />
                                    <attachments />
                                  </testLog>
                                </testStepRun>
                                <testStepRun startTime="2011-09-07T18:23:01.3226638-05:00" endTime="2011-09-07T18:23:01.3276641-05:00">
                                  <testStep id="92e226dfa0b7c0c2" name="should_not_be_InStock" fullName="SampleSpecs/SampleSpecs/Compare/NUnit/Describe_VendingMachine/given_doritos_are_registerd_in_A1_for_50_cents/should_not_be_InStock" testId="b2f0843d508af582" isPrimary="true" isTestCase="true" isDynamic="false">
                                    <codeReference assembly="SampleSpecs, Version=1.0.0.0, Culture=neutral, PublicKeyToken=null" namespace="SampleSpecs.Compare.NUnit.Describe_VendingMachine" type="SampleSpecs.Compare.NUnit.Describe_VendingMachine.given_doritos_are_registerd_in_A1_for_50_cents" member="should_not_be_InStock" />
                                    <codeLocation path="C:\Development\NSpec\SampleSpecs\Compare\NUnit\Describe_VendingMachine\given_doritos_are_registerd_in_A1_for_50_cents.cs" line="20" />
                                    <metadata>
                                      <entry key="TestKind">
                                        <value>Test</value>
                                      </entry>
                                    </metadata>
                                  </testStep>
                                  <children />
                                  <result assertCount="1" duration="0.0015285">
                                    <outcome status="passed" />
                                  </result>
                                  <testLog>
                                    <streams />
                                    <attachments />
                                  </testLog>
                                </testStepRun>
                                <testStepRun startTime="2011-09-07T18:23:01.3286642-05:00" endTime="2011-09-07T18:23:01.3316644-05:00">
                                  <testStep id="4a1286a26bd98999" name="the_item_should_have_a_cost_of_50_cents" fullName="SampleSpecs/SampleSpecs/Compare/NUnit/Describe_VendingMachine/given_doritos_are_registerd_in_A1_for_50_cents/the_item_should_have_a_cost_of_50_cents" testId="9a81380010bab651" isPrimary="true" isTestCase="true" isDynamic="false">
                                    <codeReference assembly="SampleSpecs, Version=1.0.0.0, Culture=neutral, PublicKeyToken=null" namespace="SampleSpecs.Compare.NUnit.Describe_VendingMachine" type="SampleSpecs.Compare.NUnit.Describe_VendingMachine.given_doritos_are_registerd_in_A1_for_50_cents" member="the_item_should_have_a_cost_of_50_cents" />
                                    <codeLocation path="C:\Development\NSpec\SampleSpecs\Compare\NUnit\Describe_VendingMachine\given_doritos_are_registerd_in_A1_for_50_cents.cs" line="44" />
                                    <metadata>
                                      <entry key="TestKind">
                                        <value>Test</value>
                                      </entry>
                                    </metadata>
                                  </testStep>
                                  <children />
                                  <result assertCount="1" duration="0.0052238">
                                    <outcome status="passed" />
                                  </result>
                                  <testLog>
                                    <streams />
                                    <attachments />
                                  </testLog>
                                </testStepRun>
                                <testStepRun startTime="2011-09-07T18:23:01.3326644-05:00" endTime="2011-09-07T18:23:01.3356646-05:00">
                                  <testStep id="d74df09188ef96d1" name="the_item_should_have_a_slot_of_A1" fullName="SampleSpecs/SampleSpecs/Compare/NUnit/Describe_VendingMachine/given_doritos_are_registerd_in_A1_for_50_cents/the_item_should_have_a_slot_of_A1" testId="f1b78b88423491bd" isPrimary="true" isTestCase="true" isDynamic="false">
                                    <codeReference assembly="SampleSpecs, Version=1.0.0.0, Culture=neutral, PublicKeyToken=null" namespace="SampleSpecs.Compare.NUnit.Describe_VendingMachine" type="SampleSpecs.Compare.NUnit.Describe_VendingMachine.given_doritos_are_registerd_in_A1_for_50_cents" member="the_item_should_have_a_slot_of_A1" />
                                    <codeLocation path="C:\Development\NSpec\SampleSpecs\Compare\NUnit\Describe_VendingMachine\given_doritos_are_registerd_in_A1_for_50_cents.cs" line="38" />
                                    <metadata>
                                      <entry key="TestKind">
                                        <value>Test</value>
                                      </entry>
                                    </metadata>
                                  </testStep>
                                  <children />
                                  <result assertCount="1" duration="0.0022814">
                                    <outcome status="passed" />
                                  </result>
                                  <testLog>
                                    <streams />
                                    <attachments />
                                  </testLog>
                                </testStepRun>
                                <testStepRun startTime="2011-09-07T18:23:01.3366646-05:00" endTime="2011-09-07T18:23:01.3406649-05:00">
                                  <testStep id="6fc7aae4b4fff703" name="the_item_should_have_the_name_doritos" fullName="SampleSpecs/SampleSpecs/Compare/NUnit/Describe_VendingMachine/given_doritos_are_registerd_in_A1_for_50_cents/the_item_should_have_the_name_doritos" testId="a5a27d34393319b7" isPrimary="true" isTestCase="true" isDynamic="false">
                                    <codeReference assembly="SampleSpecs, Version=1.0.0.0, Culture=neutral, PublicKeyToken=null" namespace="SampleSpecs.Compare.NUnit.Describe_VendingMachine" type="SampleSpecs.Compare.NUnit.Describe_VendingMachine.given_doritos_are_registerd_in_A1_for_50_cents" member="the_item_should_have_the_name_doritos" />
                                    <codeLocation path="C:\Development\NSpec\SampleSpecs\Compare\NUnit\Describe_VendingMachine\given_doritos_are_registerd_in_A1_for_50_cents.cs" line="32" />
                                    <metadata>
                                      <entry key="TestKind">
                                        <value>Test</value>
                                      </entry>
                                    </metadata>
                                  </testStep>
                                  <children />
                                  <result assertCount="1" duration="0.0012967999999999999">
                                    <outcome status="passed" />
                                  </result>
                                  <testLog>
                                    <streams />
                                    <attachments />
                                  </testLog>
                                </testStepRun>
                              </children>
                              <result assertCount="5" duration="0.040977799999999995">
                                <outcome status="passed" />
                              </result>
                              <testLog>
                                <streams />
                                <attachments />
                              </testLog>
                            </testStepRun>
                            <testStepRun startTime="2011-09-07T18:23:01.343665-05:00" endTime="2011-09-07T18:23:01.3486653-05:00">
                              <testStep id="aef0e671b4832a27" name="given_nothing_has_been_registered" fullName="SampleSpecs/SampleSpecs/Compare/NUnit/Describe_VendingMachine/given_nothing_has_been_registered" testId="ca089110cb530485" isPrimary="true" isTestCase="false" isDynamic="false">
                                <codeReference assembly="SampleSpecs, Version=1.0.0.0, Culture=neutral, PublicKeyToken=null" namespace="SampleSpecs.Compare.NUnit.Describe_VendingMachine" type="SampleSpecs.Compare.NUnit.Describe_VendingMachine.given_nothing_has_been_registered" />
                                <codeLocation path="C:\Development\NSpec\SampleSpecs\Compare\NUnit\Describe_VendingMachine\given_nothing_has_been_registered.cs" />
                                <metadata>
                                  <entry key="TestKind">
                                    <value>Fixture</value>
                                  </entry>
                                </metadata>
                              </testStep>
                              <children>
                                <testStepRun startTime="2011-09-07T18:23:01.3456652-05:00" endTime="2011-09-07T18:23:01.3476653-05:00">
                                  <testStep id="9d84362bc2845082" name="when_stocking_a_slot_should_throw_NothingRegisteredException" fullName="SampleSpecs/SampleSpecs/Compare/NUnit/Describe_VendingMachine/given_nothing_has_been_registered/when_stocking_a_slot_should_throw_NothingRegisteredException" testId="b482afa0c51a02ed" isPrimary="true" isTestCase="true" isDynamic="false">
                                    <codeReference assembly="SampleSpecs, Version=1.0.0.0, Culture=neutral, PublicKeyToken=null" namespace="SampleSpecs.Compare.NUnit.Describe_VendingMachine" type="SampleSpecs.Compare.NUnit.Describe_VendingMachine.given_nothing_has_been_registered" member="when_stocking_a_slot_should_throw_NothingRegisteredException" />
                                    <codeLocation path="C:\Development\NSpec\SampleSpecs\Compare\NUnit\Describe_VendingMachine\given_nothing_has_been_registered.cs" line="17" />
                                    <metadata>
                                      <entry key="TestKind">
                                        <value>Test</value>
                                      </entry>
                                    </metadata>
                                  </testStep>
                                  <children />
                                  <result assertCount="0" duration="0.0012221">
                                    <outcome status="passed" />
                                  </result>
                                  <testLog>
                                    <streams />
                                    <attachments />
                                  </testLog>
                                </testStepRun>
                              </children>
                              <result assertCount="0" duration="0.011924599999999999">
                                <outcome status="passed" />
                              </result>
                              <testLog>
                                <streams />
                                <attachments />
                              </testLog>
                            </testStepRun>
                            <testStepRun startTime="2011-09-07T18:23:01.3496654-05:00" endTime="2011-09-07T18:23:01.3576658-05:00">
                              <testStep id="70e09fdeb1b2c411" name="given_previously_registered_items_are_cleared" fullName="SampleSpecs/SampleSpecs/Compare/NUnit/Describe_VendingMachine/given_previously_registered_items_are_cleared" testId="99f7b4a7e1d88535" isPrimary="true" isTestCase="false" isDynamic="false">
                                <codeReference assembly="SampleSpecs, Version=1.0.0.0, Culture=neutral, PublicKeyToken=null" namespace="SampleSpecs.Compare.NUnit.Describe_VendingMachine" type="SampleSpecs.Compare.NUnit.Describe_VendingMachine.given_previously_registered_items_are_cleared" />
                                <codeLocation path="C:\Development\NSpec\SampleSpecs\Compare\NUnit\Describe_VendingMachine\given_previously_registered_items_are_cleared.cs" />
                                <metadata>
                                  <entry key="TestKind">
                                    <value>Fixture</value>
                                  </entry>
                                </metadata>
                              </testStep>
                              <children>
                                <testStepRun startTime="2011-09-07T18:23:01.3516655-05:00" endTime="2011-09-07T18:23:01.3546657-05:00">
                                  <testStep id="92413d27038b44fe" name="there_should_be_no_items_in_the_vending_machine" fullName="SampleSpecs/SampleSpecs/Compare/NUnit/Describe_VendingMachine/given_previously_registered_items_are_cleared/there_should_be_no_items_in_the_vending_machine" testId="4862a0156875a2fb" isPrimary="true" isTestCase="true" isDynamic="false">
                                    <codeReference assembly="SampleSpecs, Version=1.0.0.0, Culture=neutral, PublicKeyToken=null" namespace="SampleSpecs.Compare.NUnit.Describe_VendingMachine" type="SampleSpecs.Compare.NUnit.Describe_VendingMachine.given_previously_registered_items_are_cleared" member="there_should_be_no_items_in_the_vending_machine" />
                                    <codeLocation path="C:\Development\NSpec\SampleSpecs\Compare\NUnit\Describe_VendingMachine\given_previously_registered_items_are_cleared.cs" line="22" />
                                    <metadata>
                                      <entry key="TestKind">
                                        <value>Test</value>
                                      </entry>
                                    </metadata>
                                  </testStep>
                                  <children />
                                  <result assertCount="1" duration="0.0023534">
                                    <outcome status="passed" />
                                  </result>
                                  <testLog>
                                    <streams />
                                    <attachments />
                                  </testLog>
                                </testStepRun>
                              </children>
                              <result assertCount="1" duration="0.0042696">
                                <outcome status="passed" />
                              </result>
                              <testLog>
                                <streams />
                                <attachments />
                              </testLog>
                            </testStepRun>
                            <testStepRun startTime="2011-09-07T18:23:01.359666-05:00" endTime="2011-09-07T18:23:01.3646662-05:00">
                              <testStep id="842beb6051df6d15" name="given_two_items_are_registered" fullName="SampleSpecs/SampleSpecs/Compare/NUnit/Describe_VendingMachine/given_two_items_are_registered" testId="1564a3295e68fe8c" isPrimary="true" isTestCase="false" isDynamic="false">
                                <codeReference assembly="SampleSpecs, Version=1.0.0.0, Culture=neutral, PublicKeyToken=null" namespace="SampleSpecs.Compare.NUnit.Describe_VendingMachine" type="SampleSpecs.Compare.NUnit.Describe_VendingMachine.given_two_items_are_registered" />
                                <codeLocation path="C:\Development\NSpec\SampleSpecs\Compare\NUnit\Describe_VendingMachine\given_two_items_are_registered.cs" />
                                <metadata>
                                  <entry key="TestKind">
                                    <value>Fixture</value>
                                  </entry>
                                </metadata>
                              </testStep>
                              <children>
                                <testStepRun startTime="2011-09-07T18:23:01.3616661-05:00" endTime="2011-09-07T18:23:01.3636662-05:00">
                                  <testStep id="5f2edbe5ee657419" name="should_be_2_items_in_the_vending_machine" fullName="SampleSpecs/SampleSpecs/Compare/NUnit/Describe_VendingMachine/given_two_items_are_registered/should_be_2_items_in_the_vending_machine" testId="79b8a08b20c023ff" isPrimary="true" isTestCase="true" isDynamic="false">
                                    <codeReference assembly="SampleSpecs, Version=1.0.0.0, Culture=neutral, PublicKeyToken=null" namespace="SampleSpecs.Compare.NUnit.Describe_VendingMachine" type="SampleSpecs.Compare.NUnit.Describe_VendingMachine.given_two_items_are_registered" member="should_be_2_items_in_the_vending_machine" />
                                    <codeLocation path="C:\Development\NSpec\SampleSpecs\Compare\NUnit\Describe_VendingMachine\given_two_items_are_registered.cs" line="22" />
                                    <metadata>
                                      <entry key="TestKind">
                                        <value>Test</value>
                                      </entry>
                                    </metadata>
                                  </testStep>
                                  <children />
                                  <result assertCount="1" duration="0.0019722999999999997">
                                    <outcome status="passed" />
                                  </result>
                                  <testLog>
                                    <streams />
                                    <attachments />
                                  </testLog>
                                </testStepRun>
                              </children>
                              <result assertCount="1" duration="0.0043222999999999994">
                                <outcome status="passed" />
                              </result>
                              <testLog>
                                <streams />
                                <attachments />
                              </testLog>
                            </testStepRun>
                          </children>
                          <result assertCount="8" duration="0.0823976">
                            <outcome status="passed" />
                          </result>
                          <testLog>
                            <streams />
                            <attachments />
                          </testLog>
                        </testStepRun>
                      </children>
                      <result assertCount="8" duration="0.086497499999999991">
                        <outcome status="passed" />
                      </result>
                      <testLog>
                        <streams />
                        <attachments />
                      </testLog>
                    </testStepRun>
                  </children>
                  <result assertCount="8" duration="0.0881661">
                    <outcome status="passed" />
                  </result>
                  <testLog>
                    <streams />
                    <attachments />
                  </testLog>
                </testStepRun>
              </children>
              <result assertCount="8" duration="0.0896843">
                <outcome status="passed" />
              </result>
              <testLog>
                <streams />
                <attachments />
              </testLog>
            </testStepRun>
          </children>
          <result assertCount="8" duration="0.2006994">
            <outcome status="passed" />
          </result>
          <testLog>
            <streams />
            <attachments />
          </testLog>
        </testStepRun>
        <testStepRun startTime="2011-09-07T18:23:03.6787986-05:00" endTime="2011-09-07T18:23:04.5168465-05:00">
          <testStep id="49da207d052b307" name="SampleSpecs" fullName="SampleSpecs" testId="f6bb5e8af9aed4a7" isPrimary="true" isTestCase="false" isDynamic="false">
            <codeReference assembly="SampleSpecs, Version=1.0.0.0, Culture=neutral, PublicKeyToken=null" />
            <codeLocation path="C:\Development\NSpec\SampleSpecs\bin\Release\SampleSpecs.DLL" />
            <metadata>
              <entry key="TestKind">
                <value>Assembly</value>
              </entry>
              <entry key="CodeBase">
                <value>C:\Development\NSpec\SampleSpecs\bin\Release\SampleSpecs.DLL</value>
              </entry>
              <entry key="Company">
                <value>Microsoft</value>
              </entry>
              <entry key="Copyright">
                <value>Copyright Â© Microsoft 2011</value>
              </entry>
              <entry key="FileVersion">
                <value>1.0.0.0</value>
              </entry>
              <entry key="Product">
                <value>SampleSpecs</value>
              </entry>
              <entry key="Title">
                <value>SampleSpecs</value>
              </entry>
              <entry key="Version">
                <value>1.0.0.0</value>
              </entry>
              <entry key="Framework">
                <value>NSpec v0.9.50.0</value>
              </entry>
              <entry key="File">
                <value>C:\Development\NSpec\SampleSpecs\bin\Release\SampleSpecs.DLL</value>
              </entry>
            </metadata>
          </testStep>
          <children>
            <testStepRun startTime="2011-09-07T18:23:03.6797987-05:00" endTime="2011-09-07T18:23:03.6907993-05:00">
              <testStep id="a03775f3115e2fb6" name="action indexer approach" fullName="SampleSpecs/action indexer approach" testId="b25a3851f39d4962" isPrimary="true" isTestCase="false" isDynamic="false">
                <codeReference />
                <codeLocation />
                <metadata>
                  <entry key="TestKind">
                    <value>Fixture</value>
                  </entry>
                </metadata>
              </testStep>
              <children>
                <testStepRun startTime="2011-09-07T18:23:03.6797987-05:00" endTime="2011-09-07T18:23:03.6907993-05:00">
                  <testStep id="16a25758b5e02265" name="a user" fullName="SampleSpecs/action indexer approach/a user" testId="a2be5b79637fe7b" isPrimary="true" isTestCase="false" isDynamic="false">
                    <codeReference />
                    <codeLocation />
                    <metadata>
                      <entry key="TestKind">
                        <value>Fixture</value>
                      </entry>
                    </metadata>
                  </testStep>
                  <children>
                    <testStepRun startTime="2011-09-07T18:23:03.6807987-05:00" endTime="2011-09-07T18:23:03.6817988-05:00">
                      <testStep id="2637bae1ca100f46" name="should work" fullName="SampleSpecs/action indexer approach/a user/should work" testId="fb2d343bb4b366e1" isPrimary="true" isTestCase="true" isDynamic="false">
                        <codeReference />
                        <codeLocation />
                        <metadata>
                          <entry key="TestKind">
                            <value>Test</value>
                          </entry>
                        </metadata>
                      </testStep>
                      <children />
                      <result assertCount="0" duration="0.0118888">
                        <outcome status="passed" />
                      </result>
                      <testLog>
                        <streams />
                        <attachments />
                      </testLog>
                    </testStepRun>
                    <testStepRun startTime="2011-09-07T18:23:03.6817988-05:00" endTime="2011-09-07T18:23:03.6827988-05:00">
                      <testStep id="484c5fd5b82f564d" name="user Admin should be false" fullName="SampleSpecs/action indexer approach/a user/user Admin should be false" testId="40f2d7425093dfd" isPrimary="true" isTestCase="true" isDynamic="false">
                        <codeReference />
                        <codeLocation />
                        <metadata>
                          <entry key="TestKind">
                            <value>Test</value>
                          </entry>
                        </metadata>
                      </testStep>
                      <children />
                      <result assertCount="0" duration="0.0027814">
                        <outcome status="passed" />
                      </result>
                      <testLog>
                        <streams />
                        <attachments />
                      </testLog>
                    </testStepRun>
                    <testStepRun startTime="2011-09-07T18:23:03.6837989-05:00" endTime="2011-09-07T18:23:03.6837989-05:00">
                      <testStep id="fe72ba0eb5e4efa6" name="user Id should not be default" fullName="SampleSpecs/action indexer approach/a user/user Id should not be default" testId="c58827a5fe623dfa" isPrimary="true" isTestCase="true" isDynamic="false">
                        <codeReference />
                        <codeLocation />
                        <metadata>
                          <entry key="TestKind">
                            <value>Test</value>
                          </entry>
                        </metadata>
                      </testStep>
                      <children />
                      <result assertCount="0" duration="0.019615499999999998">
                        <outcome status="passed" />
                      </result>
                      <testLog>
                        <streams />
                        <attachments />
                      </testLog>
                    </testStepRun>
                    <testStepRun startTime="2011-09-07T18:23:03.685799-05:00" endTime="2011-09-07T18:23:03.6907993-05:00">
                      <testStep id="d56fa0e75715b945" name="user is admin" fullName="SampleSpecs/action indexer approach/a user/user is admin" testId="33a9c6e909f99a0a" isPrimary="true" isTestCase="false" isDynamic="false">
                        <codeReference />
                        <codeLocation />
                        <metadata>
                          <entry key="TestKind">
                            <value>Fixture</value>
                          </entry>
                        </metadata>
                      </testStep>
                      <children>
                        <testStepRun startTime="2011-09-07T18:23:03.6867991-05:00" endTime="2011-09-07T18:23:03.6877991-05:00">
                          <testStep id="9bf5962180900529" name="user Admin should be true" fullName="SampleSpecs/action indexer approach/a user/user is admin/user Admin should be true" testId="b05e841389f95833" isPrimary="true" isTestCase="true" isDynamic="false">
                            <codeReference />
                            <codeLocation />
                            <metadata>
                              <entry key="TestKind">
                                <value>Test</value>
                              </entry>
                            </metadata>
                          </testStep>
                          <children />
                          <result assertCount="0" duration="0.00035749999999999996">
                            <outcome status="passed" />
                          </result>
                          <testLog>
                            <streams />
                            <attachments />
                          </testLog>
                        </testStepRun>
                        <testStepRun startTime="2011-09-07T18:23:03.6877991-05:00" endTime="2011-09-07T18:23:03.6897992-05:00">
                          <testStep id="a9f8a508724d14" name="user is terminated" fullName="SampleSpecs/action indexer approach/a user/user is admin/user is terminated" testId="758550526d0d0eeb" isPrimary="true" isTestCase="false" isDynamic="false">
                            <codeReference />
                            <codeLocation />
                            <metadata>
                              <entry key="TestKind">
                                <value>Fixture</value>
                              </entry>
                            </metadata>
                          </testStep>
                          <children>
                            <testStepRun startTime="2011-09-07T18:23:03.6887992-05:00" endTime="2011-09-07T18:23:03.6897992-05:00">
                              <testStep id="2d33bb95ad032ae8" name="user Terminated should be true" fullName="SampleSpecs/action indexer approach/a user/user is admin/user is terminated/user Terminated should be true" testId="8130c69f278a3535" isPrimary="true" isTestCase="true" isDynamic="false">
                                <codeReference />
                                <codeLocation />
                                <metadata>
                                  <entry key="TestKind">
                                    <value>Test</value>
                                  </entry>
                                </metadata>
                              </testStep>
                              <children />
                              <result assertCount="0" duration="0.0002756">
                                <outcome status="passed" />
                              </result>
                              <testLog>
                                <streams />
                                <attachments />
                              </testLog>
                            </testStepRun>
                          </children>
                          <result assertCount="0" duration="0.00030439999999999997">
                            <outcome status="passed" />
                          </result>
                          <testLog>
                            <streams />
                            <attachments />
                          </testLog>
                        </testStepRun>
                      </children>
                      <result assertCount="0" duration="0.0006959">
                        <outcome status="passed" />
                      </result>
                      <testLog>
                        <streams />
                        <attachments />
                      </testLog>
                    </testStepRun>
                  </children>
                  <result assertCount="0" duration="0.0370958">
                    <outcome status="passed" />
                  </result>
                  <testLog>
                    <streams />
                    <attachments />
                  </testLog>
                </testStepRun>
              </children>
              <result assertCount="0" duration="0.0376863">
                <outcome status="passed" />
              </result>
              <testLog>
                <streams />
                <attachments />
              </testLog>
            </testStepRun>
            <testStepRun startTime="2011-09-07T18:23:03.6917993-05:00" endTime="2011-09-07T18:23:03.6937995-05:00">
              <testStep id="6da46213055cb84b" name="app config detection" fullName="SampleSpecs/app config detection" testId="fa1dabffea6bd994" isPrimary="true" isTestCase="false" isDynamic="false">
                <codeReference />
                <codeLocation />
                <metadata>
                  <entry key="TestKind">
                    <value>Fixture</value>
                  </entry>
                </metadata>
              </testStep>
              <children>
                <testStepRun startTime="2011-09-07T18:23:03.6927994-05:00" endTime="2011-09-07T18:23:03.6927994-05:00">
                  <testStep id="f91fc71af9587a87" name="it finds app config" fullName="SampleSpecs/app config detection/it finds app config" testId="bb0c1e806826488f" isPrimary="true" isTestCase="true" isDynamic="false">
                    <codeReference />
                    <codeLocation />
                    <metadata>
                      <entry key="TestKind">
                        <value>Test</value>
                      </entry>
                    </metadata>
                  </testStep>
                  <children />
                  <result assertCount="0" duration="0.023488199999999997">
                    <outcome status="passed" />
                  </result>
                  <testLog>
                    <streams />
                    <attachments />
                  </testLog>
                </testStepRun>
              </children>
              <result assertCount="0" duration="0.023508599999999998">
                <outcome status="passed" />
              </result>
              <testLog>
                <streams />
                <attachments />
              </testLog>
            </testStepRun>
            <testStepRun startTime="2011-09-07T18:23:03.6937995-05:00" endTime="2011-09-07T18:23:03.7038-05:00">
              <testStep id="cd8a550ecc3ccff" name="before each on the class level" fullName="SampleSpecs/before each on the class level" testId="8659f5ac14dd600a" isPrimary="true" isTestCase="false" isDynamic="false">
                <codeReference />
                <codeLocation />
                <metadata>
                  <entry key="TestKind">
                    <value>Fixture</value>
                  </entry>
                </metadata>
              </testStep>
              <children>
                <testStepRun startTime="2011-09-07T18:23:03.6947995-05:00" endTime="2011-09-07T18:23:03.7038-05:00">
                  <testStep id="765bb0b95e77a0" name="it should run before on class level" fullName="SampleSpecs/before each on the class level/it should run before on class level" testId="c239105789c1d870" isPrimary="true" isTestCase="true" isDynamic="false">
                    <codeReference />
                    <codeLocation />
                    <metadata>
                      <entry key="TestKind">
                        <value>Test</value>
                      </entry>
                    </metadata>
                  </testStep>
                  <children />
                  <result assertCount="0" duration="0.0074429">
                    <outcome status="passed" />
                  </result>
                  <testLog>
                    <streams />
                    <attachments />
                  </testLog>
                </testStepRun>
              </children>
              <result assertCount="0" duration="0.0074879">
                <outcome status="passed" />
              </result>
              <testLog>
                <streams />
                <attachments />
              </testLog>
            </testStepRun>
            <testStepRun startTime="2011-09-07T18:23:03.7048001-05:00" endTime="2011-09-07T18:23:03.7108004-05:00">
              <testStep id="1c29a2890b0b4965" name="describe batman sound effects as text" fullName="SampleSpecs/describe batman sound effects as text" testId="1ecf3ed31fb931d" isPrimary="true" isTestCase="false" isDynamic="false">
                <codeReference />
                <codeLocation />
                <metadata>
                  <entry key="TestKind">
                    <value>Fixture</value>
                  </entry>
                </metadata>
              </testStep>
              <children>
                <testStepRun startTime="2011-09-07T18:23:03.7048001-05:00" endTime="2011-09-07T18:23:03.7108004-05:00">
                  <testStep id="3e9eb4e2e941a6c8" name="they are loud and emphatic" fullName="SampleSpecs/describe batman sound effects as text/they are loud and emphatic" testId="3ca02c5ddf49999" isPrimary="true" isTestCase="false" isDynamic="false">
                    <codeReference />
                    <codeLocation />
                    <metadata>
                      <entry key="TestKind">
                        <value>Fixture</value>
                      </entry>
                    </metadata>
                  </testStep>
                  <children>
                    <testStepRun startTime="2011-09-07T18:23:03.7058001-05:00" endTime="2011-09-07T18:23:03.7078003-05:00">
                      <testStep id="a38ad88dd8b4e808" name="given bam" fullName="SampleSpecs/describe batman sound effects as text/they are loud and emphatic/given bam" testId="64710885c407c677" isPrimary="true" isTestCase="false" isDynamic="false">
                        <codeReference />
                        <codeLocation />
                        <metadata>
                          <entry key="TestKind">
                            <value>Fixture</value>
                          </entry>
                        </metadata>
                      </testStep>
                      <children>
                        <testStepRun startTime="2011-09-07T18:23:03.7068002-05:00" endTime="2011-09-07T18:23:03.7078003-05:00">
                          <testStep id="d6177bc59e340e38" name="should be BAM!!!" fullName="SampleSpecs/describe batman sound effects as text/they are loud and emphatic/given bam/should be BAM!!!" testId="bb96756ecdc16449" isPrimary="true" isTestCase="true" isDynamic="false">
                            <codeReference />
                            <codeLocation />
                            <metadata>
                              <entry key="TestKind">
                                <value>Test</value>
                              </entry>
                            </metadata>
                          </testStep>
                          <children />
                          <result assertCount="0" duration="0.0012032">
                            <outcome status="passed" />
                          </result>
                          <testLog>
                            <streams />
                            <attachments />
                          </testLog>
                        </testStepRun>
                      </children>
                      <result assertCount="0" duration="0.0012152">
                        <outcome status="passed" />
                      </result>
                      <testLog>
                        <streams />
                        <attachments />
                      </testLog>
                    </testStepRun>
                    <testStepRun startTime="2011-09-07T18:23:03.7088003-05:00" endTime="2011-09-07T18:23:03.7098004-05:00">
                      <testStep id="850abefa2b2507ea" name="given whack" fullName="SampleSpecs/describe batman sound effects as text/they are loud and emphatic/given whack" testId="49cfb43636093ed1" isPrimary="true" isTestCase="false" isDynamic="false">
                        <codeReference />
                        <codeLocation />
                        <metadata>
                          <entry key="TestKind">
                            <value>Fixture</value>
                          </entry>
                        </metadata>
                      </testStep>
                      <children>
                        <testStepRun startTime="2011-09-07T18:23:03.7088003-05:00" endTime="2011-09-07T18:23:03.7098004-05:00">
                          <testStep id="3c861a71930a1ac5" name="should be WHACK!!!" fullName="SampleSpecs/describe batman sound effects as text/they are loud and emphatic/given whack/should be WHACK!!!" testId="6e9960f02479c789" isPrimary="true" isTestCase="true" isDynamic="false">
                            <codeReference />
                            <codeLocation />
                            <metadata>
                              <entry key="TestKind">
                                <value>Test</value>
                              </entry>
                            </metadata>
                          </testStep>
                          <children />
                          <result assertCount="0" duration="0.0003722">
                            <outcome status="passed" />
                          </result>
                          <testLog>
                            <streams />
                            <attachments />
                          </testLog>
                        </testStepRun>
                      </children>
                      <result assertCount="0" duration="0.00038409999999999996">
                        <outcome status="passed" />
                      </result>
                      <testLog>
                        <streams />
                        <attachments />
                      </testLog>
                    </testStepRun>
                  </children>
                  <result assertCount="0" duration="0.001617">
                    <outcome status="passed" />
                  </result>
                  <testLog>
                    <streams />
                    <attachments />
                  </testLog>
                </testStepRun>
              </children>
              <result assertCount="0" duration="0.0016297">
                <outcome status="passed" />
              </result>
              <testLog>
                <streams />
                <attachments />
              </testLog>
            </testStepRun>
            <testStepRun startTime="2011-09-07T18:23:03.7118005-05:00" endTime="2011-09-07T18:23:03.7718039-05:00">
              <testStep id="f36d4e18b7fa24a1" name="describe before" fullName="SampleSpecs/describe before" testId="9f486046f6ec452e" isPrimary="true" isTestCase="false" isDynamic="false">
                <codeReference />
                <codeLocation />
                <metadata>
                  <entry key="TestKind">
                    <value>Fixture</value>
                  </entry>
                </metadata>
              </testStep>
              <children>
                <testStepRun startTime="2011-09-07T18:23:03.7128005-05:00" endTime="2011-09-07T18:23:03.7718039-05:00">
                  <testStep id="3c60b3ffa4726178" name="they run before each example" fullName="SampleSpecs/describe before/they run before each example" testId="21726483559058aa" isPrimary="true" isTestCase="false" isDynamic="false">
                    <codeReference />
                    <codeLocation />
                    <metadata>
                      <entry key="TestKind">
                        <value>Fixture</value>
                      </entry>
                    </metadata>
                  </testStep>
                  <children>
                    <testStepRun startTime="2011-09-07T18:23:03.7128005-05:00" endTime="2011-09-07T18:23:03.7138006-05:00">
                      <testStep id="689400f24f73abf2" name="number should be 1" fullName="SampleSpecs/describe before/they run before each example/number should be 1" testId="289fec88fbe0ec46" isPrimary="true" isTestCase="true" isDynamic="false">
                        <codeReference />
                        <codeLocation />
                        <metadata>
                          <entry key="TestKind">
                            <value>Test</value>
                          </entry>
                        </metadata>
                      </testStep>
                      <children />
                      <result assertCount="0" duration="0.0009634">
                        <outcome status="passed" />
                      </result>
                      <testLog>
                        <streams />
                        <attachments />
                      </testLog>
                    </testStepRun>
                    <testStepRun startTime="2011-09-07T18:23:03.7148007-05:00" endTime="2011-09-07T18:23:03.7718039-05:00">
                      <testStep id="1b0fcad6d2a24a78" name="number should be 2" fullName="SampleSpecs/describe before/they run before each example/number should be 2" testId="d2883a96a97c3fc7" isPrimary="true" isTestCase="true" isDynamic="false">
                        <codeReference />
                        <codeLocation />
                        <metadata>
                          <entry key="TestKind">
                            <value>Test</value>
                          </entry>
                        </metadata>
                      </testStep>
                      <children />
                      <result assertCount="0" duration="0.0003321">
                        <outcome status="passed" />
                      </result>
                      <testLog>
                        <streams />
                        <attachments />
                      </testLog>
                    </testStepRun>
                  </children>
                  <result assertCount="0" duration="0.0013206">
                    <outcome status="passed" />
                  </result>
                  <testLog>
                    <streams />
                    <attachments />
                  </testLog>
                </testStepRun>
              </children>
              <result assertCount="0" duration="0.0013345">
                <outcome status="passed" />
              </result>
              <testLog>
                <streams />
                <attachments />
              </testLog>
            </testStepRun>
            <testStepRun startTime="2011-09-07T18:23:03.772804-05:00" endTime="2011-09-07T18:23:03.825807-05:00">
              <testStep id="767cdce35590db9c" name="describe car" fullName="SampleSpecs/describe car" testId="1f95fc63435360ec" isPrimary="true" isTestCase="false" isDynamic="false">
                <codeReference />
                <codeLocation />
                <metadata>
                  <entry key="TestKind">
                    <value>Fixture</value>
                  </entry>
                </metadata>
              </testStep>
              <children>
                <testStepRun startTime="2011-09-07T18:23:03.773804-05:00" endTime="2011-09-07T18:23:03.7858047-05:00">
                  <testStep id="11d5e634c089aac9" name="describe compression ratio" fullName="SampleSpecs/describe car/describe compression ratio" testId="785fbb2c5d603dbe" isPrimary="true" isTestCase="false" isDynamic="false">
                    <codeReference />
                    <codeLocation />
                    <metadata>
                      <entry key="TestKind">
                        <value>Fixture</value>
                      </entry>
                    </metadata>
                  </testStep>
                  <children>
                    <testStepRun startTime="2011-09-07T18:23:03.773804-05:00" endTime="2011-09-07T18:23:03.7758042-05:00">
                      <testStep id="18099fc294805e6" name="car has compression ratio of 7 to 1" fullName="SampleSpecs/describe car/describe compression ratio/car has compression ratio of 7 to 1" testId="7f4837be69889627" isPrimary="true" isTestCase="false" isDynamic="false">
                        <codeReference />
                        <codeLocation />
                        <metadata>
                          <entry key="TestKind">
                            <value>Fixture</value>
                          </entry>
                        </metadata>
                      </testStep>
                      <children>
                        <testStepRun startTime="2011-09-07T18:23:03.7748041-05:00" endTime="2011-09-07T18:23:03.7748041-05:00">
                          <testStep id="e6ea4b834ebc8d9f" name="should have brake thermal efficiency of 28%" fullName="SampleSpecs/describe car/describe compression ratio/car has compression ratio of 7 to 1/should have brake thermal efficiency of 28%" testId="46655015ab97b76a" isPrimary="true" isTestCase="true" isDynamic="false">
                            <codeReference />
                            <codeLocation />
                            <metadata>
                              <entry key="TestKind">
                                <value>Test</value>
                              </entry>
                            </metadata>
                          </testStep>
                          <children />
                          <result assertCount="0" duration="0.0047418999999999994">
                            <outcome status="passed" />
                          </result>
                          <testLog>
                            <streams />
                            <attachments />
                          </testLog>
                        </testStepRun>
                        <testStepRun startTime="2011-09-07T18:23:03.7758042-05:00" endTime="2011-09-07T18:23:03.7758042-05:00">
                          <testStep id="78a6a9c9a17a6bd0" name="should have octane requirement of 87" fullName="SampleSpecs/describe car/describe compression ratio/car has compression ratio of 7 to 1/should have octane requirement of 87" testId="e2bbf0ad4d205a4f" isPrimary="true" isTestCase="true" isDynamic="false">
                            <codeReference />
                            <codeLocation />
                            <metadata>
                              <entry key="TestKind">
                                <value>Test</value>
                              </entry>
                            </metadata>
                          </testStep>
                          <children />
                          <result assertCount="0" duration="0.0005689">
                            <outcome status="passed" />
                          </result>
                          <testLog>
                            <streams />
                            <attachments />
                          </testLog>
                        </testStepRun>
                      </children>
                      <result assertCount="0" duration="0.005357">
                        <outcome status="passed" />
                      </result>
                      <testLog>
                        <streams />
                        <attachments />
                      </testLog>
                    </testStepRun>
                    <testStepRun startTime="2011-09-07T18:23:03.7768042-05:00" endTime="2011-09-07T18:23:03.7808044-05:00">
                      <testStep id="9068d569c9651078" name="car has compression ratio of 8 to 1" fullName="SampleSpecs/describe car/describe compression ratio/car has compression ratio of 8 to 1" testId="c9e8df7e8311f6e6" isPrimary="true" isTestCase="false" isDynamic="false">
                        <codeReference />
                        <codeLocation />
                        <metadata>
                          <entry key="TestKind">
                            <value>Fixture</value>
                          </entry>
                        </metadata>
                      </testStep>
                      <children>
                        <testStepRun startTime="2011-09-07T18:23:03.7778043-05:00" endTime="2011-09-07T18:23:03.7778043-05:00">
                          <testStep id="4af81bae9db2283f" name="should have brake thermal efficiency of 30%" fullName="SampleSpecs/describe car/describe compression ratio/car has compression ratio of 8 to 1/should have brake thermal efficiency of 30%" testId="19d49dc478fdb023" isPrimary="true" isTestCase="true" isDynamic="false">
                            <codeReference />
                            <codeLocation />
                            <metadata>
                              <entry key="TestKind">
                                <value>Test</value>
                              </entry>
                            </metadata>
                          </testStep>
                          <children />
                          <result assertCount="0" duration="1.92E-05">
                            <outcome status="passed" />
                          </result>
                          <testLog>
                            <streams />
                            <attachments />
                          </testLog>
                        </testStepRun>
                        <testStepRun startTime="2011-09-07T18:23:03.7788043-05:00" endTime="2011-09-07T18:23:03.7788043-05:00">
                          <testStep id="63d008ad617127fd" name="should have octane requirement of 92" fullName="SampleSpecs/describe car/describe compression ratio/car has compression ratio of 8 to 1/should have octane requirement of 92" testId="8607f6b714c29962" isPrimary="true" isTestCase="true" isDynamic="false">
                            <codeReference />
                            <codeLocation />
                            <metadata>
                              <entry key="TestKind">
                                <value>Test</value>
                              </entry>
                            </metadata>
                          </testStep>
                          <children />
                          <result assertCount="0" duration="1.42E-05">
                            <outcome status="passed" />
                          </result>
                          <testLog>
                            <streams />
                            <attachments />
                          </testLog>
                        </testStepRun>
                      </children>
                      <result assertCount="0" duration="6.7699999999999992E-05">
                        <outcome status="passed" />
                      </result>
                      <testLog>
                        <streams />
                        <attachments />
                      </testLog>
                    </testStepRun>
                    <testStepRun startTime="2011-09-07T18:23:03.7828046-05:00" endTime="2011-09-07T18:23:03.7858047-05:00">
                      <testStep id="dfb870005bb1a2c8" name="car has compression ratio of 9 to 1" fullName="SampleSpecs/describe car/describe compression ratio/car has compression ratio of 9 to 1" testId="630f0a0f97aae087" isPrimary="true" isTestCase="false" isDynamic="false">
                        <codeReference />
                        <codeLocation />
                        <metadata>
                          <entry key="TestKind">
                            <value>Fixture</value>
                          </entry>
                        </metadata>
                      </testStep>
                      <children>
                        <testStepRun startTime="2011-09-07T18:23:03.7828046-05:00" endTime="2011-09-07T18:23:03.7838046-05:00">
                          <testStep id="51d31c1ea28ba662" name="should have brake thermal efficiency of 32%" fullName="SampleSpecs/describe car/describe compression ratio/car has compression ratio of 9 to 1/should have brake thermal efficiency of 32%" testId="e0659ff3b0c0621f" isPrimary="true" isTestCase="true" isDynamic="false">
                            <codeReference />
                            <codeLocation />
                            <metadata>
                              <entry key="TestKind">
                                <value>Test</value>
                              </entry>
                            </metadata>
                          </testStep>
                          <children />
                          <result assertCount="0" duration="1.2699999999999999E-05">
                            <outcome status="passed" />
                          </result>
                          <testLog>
                            <streams />
                            <attachments />
                          </testLog>
                        </testStepRun>
                        <testStepRun startTime="2011-09-07T18:23:03.7848047-05:00" endTime="2011-09-07T18:23:03.7848047-05:00">
                          <testStep id="1795beeb8f92d9b5" name="should have octane requirement of 96" fullName="SampleSpecs/describe car/describe compression ratio/car has compression ratio of 9 to 1/should have octane requirement of 96" testId="b6a75b52485b3980" isPrimary="true" isTestCase="true" isDynamic="false">
                            <codeReference />
                            <codeLocation />
                            <metadata>
                              <entry key="TestKind">
                                <value>Test</value>
                              </entry>
                            </metadata>
                          </testStep>
                          <children />
                          <result assertCount="0" duration="1.42E-05">
                            <outcome status="passed" />
                          </result>
                          <testLog>
                            <streams />
                            <attachments />
                          </testLog>
                        </testStepRun>
                      </children>
                      <result assertCount="0" duration="5.35E-05">
                        <outcome status="passed" />
                      </result>
                      <testLog>
                        <streams />
                        <attachments />
                      </testLog>
                    </testStepRun>
                  </children>
                  <result assertCount="0" duration="0.0055166999999999994">
                    <outcome status="passed" />
                  </result>
                  <testLog>
                    <streams />
                    <attachments />
                  </testLog>
                </testStepRun>
                <testStepRun startTime="2011-09-07T18:23:03.7868048-05:00" endTime="2011-09-07T18:23:03.8028057-05:00">
                  <testStep id="c99973eb010da6ba" name="describe fuel requirements" fullName="SampleSpecs/describe car/describe fuel requirements" testId="19e512b4597e6c03" isPrimary="true" isTestCase="false" isDynamic="false">
                    <codeReference />
                    <codeLocation />
                    <metadata>
                      <entry key="TestKind">
                        <value>Fixture</value>
                      </entry>
                    </metadata>
                  </testStep>
                  <children>
                    <testStepRun startTime="2011-09-07T18:23:03.7868048-05:00" endTime="2011-09-07T18:23:03.8028057-05:00">
                      <testStep id="58383c8a7f62ca8d" name="car has 10 gallon tank" fullName="SampleSpecs/describe car/describe fuel requirements/car has 10 gallon tank" testId="4ae68b5b659ea6a4" isPrimary="true" isTestCase="false" isDynamic="false">
                        <codeReference />
                        <codeLocation />
                        <metadata>
                          <entry key="TestKind">
                            <value>Fixture</value>
                          </entry>
                        </metadata>
                      </testStep>
                      <children>
                        <testStepRun startTime="2011-09-07T18:23:03.7878048-05:00" endTime="2011-09-07T18:23:03.789805-05:00">
                          <testStep id="6dfe717a1b8de472" name="10% of gas is left" fullName="SampleSpecs/describe car/describe fuel requirements/car has 10 gallon tank/10% of gas is left" testId="e70e84c78de40698" isPrimary="true" isTestCase="false" isDynamic="false">
                            <codeReference />
                            <codeLocation />
                            <metadata>
                              <entry key="TestKind">
                                <value>Fixture</value>
                              </entry>
                            </metadata>
                          </testStep>
                          <children>
                            <testStepRun startTime="2011-09-07T18:23:03.7888049-05:00" endTime="2011-09-07T18:23:03.7888049-05:00">
                              <testStep id="d40666184e098da3" name="car IsLowOnFuel should be true" fullName="SampleSpecs/describe car/describe fuel requirements/car has 10 gallon tank/10% of gas is left/car IsLowOnFuel should be true" testId="ce62954f58d8f37e" isPrimary="true" isTestCase="true" isDynamic="false">
                                <codeReference />
                                <codeLocation />
                                <metadata>
                                  <entry key="TestKind">
                                    <value>Test</value>
                                  </entry>
                                </metadata>
                              </testStep>
                              <children />
                              <result assertCount="0" duration="0.0013126">
                                <outcome status="passed" />
                              </result>
                              <testLog>
                                <streams />
                                <attachments />
                              </testLog>
                            </testStepRun>
                          </children>
                          <result assertCount="0" duration="0.0013326">
                            <outcome status="passed" />
                          </result>
                          <testLog>
                            <streams />
                            <attachments />
                          </testLog>
                        </testStepRun>
                        <testStepRun startTime="2011-09-07T18:23:03.789805-05:00" endTime="2011-09-07T18:23:03.7918051-05:00">
                          <testStep id="4961f1375e0211d6" name="less than 10% of gas is left" fullName="SampleSpecs/describe car/describe fuel requirements/car has 10 gallon tank/less than 10% of gas is left" testId="b5311db948be6435" isPrimary="true" isTestCase="false" isDynamic="false">
                            <codeReference />
                            <codeLocation />
                            <metadata>
                              <entry key="TestKind">
                                <value>Fixture</value>
                              </entry>
                            </metadata>
                          </testStep>
                          <children>
                            <testStepRun startTime="2011-09-07T18:23:03.790805-05:00" endTime="2011-09-07T18:23:03.790805-05:00">
                              <testStep id="efaca4a043dead10" name="car IsLowOnFuel should be true" fullName="SampleSpecs/describe car/describe fuel requirements/car has 10 gallon tank/less than 10% of gas is left/car IsLowOnFuel should be true" testId="88574ebebbc06385" isPrimary="true" isTestCase="true" isDynamic="false">
                                <codeReference />
                                <codeLocation />
                                <metadata>
                                  <entry key="TestKind">
                                    <value>Test</value>
                                  </entry>
                                </metadata>
                              </testStep>
                              <children />
                              <result assertCount="0" duration="0.0002386">
                                <outcome status="passed" />
                              </result>
                              <testLog>
                                <streams />
                                <attachments />
                              </testLog>
                            </testStepRun>
                          </children>
                          <result assertCount="0" duration="0.0002636">
                            <outcome status="passed" />
                          </result>
                          <testLog>
                            <streams />
                            <attachments />
                          </testLog>
                        </testStepRun>
                        <testStepRun startTime="2011-09-07T18:23:03.7918051-05:00" endTime="2011-09-07T18:23:03.7938052-05:00">
                          <testStep id="26f3e76daebaad27" name="more than 10% of gas is left" fullName="SampleSpecs/describe car/describe fuel requirements/car has 10 gallon tank/more than 10% of gas is left" testId="ffc367c179763906" isPrimary="true" isTestCase="false" isDynamic="false">
                            <codeReference />
                            <codeLocation />
                            <metadata>
                              <entry key="TestKind">
                                <value>Fixture</value>
                              </entry>
                            </metadata>
                          </testStep>
                          <children>
                            <testStepRun startTime="2011-09-07T18:23:03.7928051-05:00" endTime="2011-09-07T18:23:03.7938052-05:00">
                              <testStep id="9990ca9d71a06640" name="car IsLowOnFuel should be false" fullName="SampleSpecs/describe car/describe fuel requirements/car has 10 gallon tank/more than 10% of gas is left/car IsLowOnFuel should be false" testId="6ad42ac445db8bcb" isPrimary="true" isTestCase="true" isDynamic="false">
                                <codeReference />
                                <codeLocation />
                                <metadata>
                                  <entry key="TestKind">
                                    <value>Test</value>
                                  </entry>
                                </metadata>
                              </testStep>
                              <children />
                              <result assertCount="0" duration="0.0002521">
                                <outcome status="passed" />
                              </result>
                              <testLog>
                                <streams />
                                <attachments />
                              </testLog>
                            </testStepRun>
                          </children>
                          <result assertCount="0" duration="0.0002771">
                            <outcome status="passed" />
                          </result>
                          <testLog>
                            <streams />
                            <attachments />
                          </testLog>
                        </testStepRun>
                        <testStepRun startTime="2011-09-07T18:23:03.7948052-05:00" endTime="2011-09-07T18:23:03.7958053-05:00">
                          <testStep id="d34f64a27bfe0d6a" name="tank is empty" fullName="SampleSpecs/describe car/describe fuel requirements/car has 10 gallon tank/tank is empty" testId="951cda68212965e4" isPrimary="true" isTestCase="false" isDynamic="false">
                            <codeReference />
                            <codeLocation />
                            <metadata>
                              <entry key="TestKind">
                                <value>Fixture</value>
                              </entry>
                            </metadata>
                          </testStep>
                          <children>
                            <testStepRun startTime="2011-09-07T18:23:03.7948052-05:00" endTime="2011-09-07T18:23:03.7958053-05:00">
                              <testStep id="708a83913b5d06b5" name="car IsOnEmpty should be true" fullName="SampleSpecs/describe car/describe fuel requirements/car has 10 gallon tank/tank is empty/car IsOnEmpty should be true" testId="93ed88e4e81c4a1e" isPrimary="true" isTestCase="true" isDynamic="false">
                                <codeReference />
                                <codeLocation />
                                <metadata>
                                  <entry key="TestKind">
                                    <value>Test</value>
                                  </entry>
                                </metadata>
                              </testStep>
                              <children />
                              <result assertCount="0" duration="0.0003379">
                                <outcome status="passed" />
                              </result>
                              <testLog>
                                <streams />
                                <attachments />
                              </testLog>
                            </testStepRun>
                          </children>
                          <result assertCount="0" duration="0.000361">
                            <outcome status="passed" />
                          </result>
                          <testLog>
                            <streams />
                            <attachments />
                          </testLog>
                        </testStepRun>
                        <testStepRun startTime="2011-09-07T18:23:03.7968054-05:00" endTime="2011-09-07T18:23:03.8018056-05:00">
                          <testStep id="5ff51412606aab6b" name="turning car on" fullName="SampleSpecs/describe car/describe fuel requirements/car has 10 gallon tank/turning car on" testId="da9fca84b7f45783" isPrimary="true" isTestCase="false" isDynamic="false">
                            <codeReference />
                            <codeLocation />
                            <metadata>
                              <entry key="TestKind">
                                <value>Fixture</value>
                              </entry>
                            </metadata>
                          </testStep>
                          <children>
                            <testStepRun startTime="2011-09-07T18:23:03.7978054-05:00" endTime="2011-09-07T18:23:03.7988055-05:00">
                              <testStep id="9f1c955d59413af4" name="car does not have gas" fullName="SampleSpecs/describe car/describe fuel requirements/car has 10 gallon tank/turning car on/car does not have gas" testId="2f35dca6813cd680" isPrimary="true" isTestCase="false" isDynamic="false">
                                <codeReference />
                                <codeLocation />
                                <metadata>
                                  <entry key="TestKind">
                                    <value>Fixture</value>
                                  </entry>
                                </metadata>
                              </testStep>
                              <children>
                                <testStepRun startTime="2011-09-07T18:23:03.7978054-05:00" endTime="2011-09-07T18:23:03.7988055-05:00">
                                  <testStep id="f0a3b6caa0f39337" name="car IsRunning should be false" fullName="SampleSpecs/describe car/describe fuel requirements/car has 10 gallon tank/turning car on/car does not have gas/car IsRunning should be false" testId="fa16f71753bdbdc6" isPrimary="true" isTestCase="true" isDynamic="false">
                                    <codeReference />
                                    <codeLocation />
                                    <metadata>
                                      <entry key="TestKind">
                                        <value>Test</value>
                                      </entry>
                                    </metadata>
                                  </testStep>
                                  <children />
                                  <result assertCount="0" duration="0.00034679999999999997">
                                    <outcome status="passed" />
                                  </result>
                                  <testLog>
                                    <streams />
                                    <attachments />
                                  </testLog>
                                </testStepRun>
                              </children>
                              <result assertCount="0" duration="0.0003703">
                                <outcome status="passed" />
                              </result>
                              <testLog>
                                <streams />
                                <attachments />
                              </testLog>
                            </testStepRun>
                            <testStepRun startTime="2011-09-07T18:23:03.7998055-05:00" endTime="2011-09-07T18:23:03.8018056-05:00">
                              <testStep id="a8e3c354e24b5722" name="car has gas" fullName="SampleSpecs/describe car/describe fuel requirements/car has 10 gallon tank/turning car on/car has gas" testId="c4077c8277bc9d4" isPrimary="true" isTestCase="false" isDynamic="false">
                                <codeReference />
                                <codeLocation />
                                <metadata>
                                  <entry key="TestKind">
                                    <value>Fixture</value>
                                  </entry>
                                </metadata>
                              </testStep>
                              <children>
                                <testStepRun startTime="2011-09-07T18:23:03.8008056-05:00" endTime="2011-09-07T18:23:03.8008056-05:00">
                                  <testStep id="36df025b225d29c9" name="car IsRunning should be true" fullName="SampleSpecs/describe car/describe fuel requirements/car has 10 gallon tank/turning car on/car has gas/car IsRunning should be true" testId="d07f45caf4e530d4" isPrimary="true" isTestCase="true" isDynamic="false">
                                    <codeReference />
                                    <codeLocation />
                                    <metadata>
                                      <entry key="TestKind">
                                        <value>Test</value>
                                      </entry>
                                    </metadata>
                                  </testStep>
                                  <children />
                                  <result assertCount="0" duration="0.0002274">
                                    <outcome status="passed" />
                                  </result>
                                  <testLog>
                                    <streams />
                                    <attachments />
                                  </testLog>
                                </testStepRun>
                              </children>
                              <result assertCount="0" duration="0.0002517">
                                <outcome status="passed" />
                              </result>
                              <testLog>
                                <streams />
                                <attachments />
                              </testLog>
                            </testStepRun>
                          </children>
                          <result assertCount="0" duration="0.00065279999999999993">
                            <outcome status="passed" />
                          </result>
                          <testLog>
                            <streams />
                            <attachments />
                          </testLog>
                        </testStepRun>
                      </children>
                      <result assertCount="0" duration="0.0029546999999999998">
                        <outcome status="passed" />
                      </result>
                      <testLog>
                        <streams />
                        <attachments />
                      </testLog>
                    </testStepRun>
                  </children>
                  <result assertCount="0" duration="0.0029727">
                    <outcome status="passed" />
                  </result>
                  <testLog>
                    <streams />
                    <attachments />
                  </testLog>
                </testStepRun>
                <testStepRun startTime="2011-09-07T18:23:03.8038058-05:00" endTime="2011-09-07T18:23:03.825807-05:00">
                  <testStep id="2026f0736a51d45" name="when driving car" fullName="SampleSpecs/describe car/when driving car" testId="4060774f02287d25" isPrimary="true" isTestCase="false" isDynamic="false">
                    <codeReference />
                    <codeLocation />
                    <metadata>
                      <entry key="TestKind">
                        <value>Fixture</value>
                      </entry>
                    </metadata>
                  </testStep>
                  <children>
                    <testStepRun startTime="2011-09-07T18:23:03.8038058-05:00" endTime="2011-09-07T18:23:03.8068059-05:00">
                      <testStep id="d06a53f88d77d266" name="should throw error if car isn't started" fullName="SampleSpecs/describe car/when driving car/should throw error if car isn't started" testId="1a6613ce0fbd4db9" isPrimary="true" isTestCase="true" isDynamic="false">
                        <codeReference />
                        <codeLocation />
                        <metadata>
                          <entry key="TestKind">
                            <value>Test</value>
                          </entry>
                        </metadata>
                      </testStep>
                      <children />
                      <result assertCount="0" duration="0.0035516999999999996">
                        <outcome status="passed" />
                      </result>
                      <testLog>
                        <streams />
                        <attachments />
                      </testLog>
                    </testStepRun>
                    <testStepRun startTime="2011-09-07T18:23:03.807806-05:00" endTime="2011-09-07T18:23:03.8128063-05:00">
                      <testStep id="a781ca746d18a7fe" name="with 10 gallon(s) of gas, mpg: 1, driving: 10 miles" fullName="SampleSpecs/describe car/when driving car/with 10 gallon(s) of gas, mpg: 1, driving: 10 miles" testId="58b1430724dd1359" isPrimary="true" isTestCase="false" isDynamic="false">
                        <codeReference />
                        <codeLocation />
                        <metadata>
                          <entry key="TestKind">
                            <value>Fixture</value>
                          </entry>
                        </metadata>
                      </testStep>
                      <children>
                        <testStepRun startTime="2011-09-07T18:23:03.808806-05:00" endTime="2011-09-07T18:23:03.808806-05:00">
                          <testStep id="d53f3ca8e9726d01" name="should have 0 gallons left in tank" fullName="SampleSpecs/describe car/when driving car/with 10 gallon(s) of gas, mpg: 1, driving: 10 miles/should have 0 gallons left in tank" testId="2eb87bb58a8c9e18" isPrimary="true" isTestCase="true" isDynamic="false">
                            <codeReference />
                            <codeLocation />
                            <metadata>
                              <entry key="TestKind">
                                <value>Test</value>
                              </entry>
                            </metadata>
                          </testStep>
                          <children />
                          <result assertCount="0" duration="0.0015088999999999999">
                            <outcome status="passed" />
                          </result>
                          <testLog>
                            <streams />
                            <attachments />
                          </testLog>
                        </testStepRun>
                        <testStepRun startTime="2011-09-07T18:23:03.8098061-05:00" endTime="2011-09-07T18:23:03.8098061-05:00">
                          <testStep id="f8477fe51f621d3b" name="should have low fuel" fullName="SampleSpecs/describe car/when driving car/with 10 gallon(s) of gas, mpg: 1, driving: 10 miles/should have low fuel" testId="f76565f392825997" isPrimary="true" isTestCase="true" isDynamic="false">
                            <codeReference />
                            <codeLocation />
                            <metadata>
                              <entry key="TestKind">
                                <value>Test</value>
                              </entry>
                            </metadata>
                          </testStep>
                          <children />
                          <result assertCount="0" duration="0.0004811">
                            <outcome status="passed" />
                          </result>
                          <testLog>
                            <streams />
                            <attachments />
                          </testLog>
                        </testStepRun>
                        <testStepRun startTime="2011-09-07T18:23:03.8108062-05:00" endTime="2011-09-07T18:23:03.8108062-05:00">
                          <testStep id="fef00ddf384764fe" name="should have made it 10 miles" fullName="SampleSpecs/describe car/when driving car/with 10 gallon(s) of gas, mpg: 1, driving: 10 miles/should have made it 10 miles" testId="a3208d6caf2e96cd" isPrimary="true" isTestCase="true" isDynamic="false">
                            <codeReference />
                            <codeLocation />
                            <metadata>
                              <entry key="TestKind">
                                <value>Test</value>
                              </entry>
                            </metadata>
                          </testStep>
                          <children />
                          <result assertCount="0" duration="0.0004742">
                            <outcome status="passed" />
                          </result>
                          <testLog>
                            <streams />
                            <attachments />
                          </testLog>
                        </testStepRun>
                        <testStepRun startTime="2011-09-07T18:23:03.8118062-05:00" endTime="2011-09-07T18:23:03.8118062-05:00">
                          <testStep id="60aec4575b6ab308" name="should not be running" fullName="SampleSpecs/describe car/when driving car/with 10 gallon(s) of gas, mpg: 1, driving: 10 miles/should not be running" testId="33c2b6e6f012831b" isPrimary="true" isTestCase="true" isDynamic="false">
                            <codeReference />
                            <codeLocation />
                            <metadata>
                              <entry key="TestKind">
                                <value>Test</value>
                              </entry>
                            </metadata>
                          </testStep>
                          <children />
                          <result assertCount="0" duration="0.0004788">
                            <outcome status="passed" />
                          </result>
                          <testLog>
                            <streams />
                            <attachments />
                          </testLog>
                        </testStepRun>
                      </children>
                      <result assertCount="0" duration="0.0030131999999999997">
                        <outcome status="passed" />
                      </result>
                      <testLog>
                        <streams />
                        <attachments />
                      </testLog>
                    </testStepRun>
                    <testStepRun startTime="2011-09-07T18:23:03.8128063-05:00" endTime="2011-09-07T18:23:03.8178066-05:00">
                      <testStep id="b9ca2f490808420d" name="with 10 gallon(s) of gas, mpg: 10, driving: 10 miles" fullName="SampleSpecs/describe car/when driving car/with 10 gallon(s) of gas, mpg: 10, driving: 10 miles" testId="deeb4911ab91a943" isPrimary="true" isTestCase="false" isDynamic="false">
                        <codeReference />
                        <codeLocation />
                        <metadata>
                          <entry key="TestKind">
                            <value>Fixture</value>
                          </entry>
                        </metadata>
                      </testStep>
                      <children>
                        <testStepRun startTime="2011-09-07T18:23:03.8138063-05:00" endTime="2011-09-07T18:23:03.8138063-05:00">
                          <testStep id="115a49cc08aa35d0" name="should be running" fullName="SampleSpecs/describe car/when driving car/with 10 gallon(s) of gas, mpg: 10, driving: 10 miles/should be running" testId="246d194a7e7dd6b4" isPrimary="true" isTestCase="true" isDynamic="false">
                            <codeReference />
                            <codeLocation />
                            <metadata>
                              <entry key="TestKind">
                                <value>Test</value>
                              </entry>
                            </metadata>
                          </testStep>
                          <children />
                          <result assertCount="0" duration="1.77E-05">
                            <outcome status="passed" />
                          </result>
                          <testLog>
                            <streams />
                            <attachments />
                          </testLog>
                        </testStepRun>
                        <testStepRun startTime="2011-09-07T18:23:03.8148064-05:00" endTime="2011-09-07T18:23:03.8148064-05:00">
                          <testStep id="cff34da671892705" name="should have 9 gallons left in tank" fullName="SampleSpecs/describe car/when driving car/with 10 gallon(s) of gas, mpg: 10, driving: 10 miles/should have 9 gallons left in tank" testId="cb0614664e65a040" isPrimary="true" isTestCase="true" isDynamic="false">
                            <codeReference />
                            <codeLocation />
                            <metadata>
                              <entry key="TestKind">
                                <value>Test</value>
                              </entry>
                            </metadata>
                          </testStep>
                          <children />
                          <result assertCount="0" duration="1.4599999999999999E-05">
                            <outcome status="passed" />
                          </result>
                          <testLog>
                            <streams />
                            <attachments />
                          </testLog>
                        </testStepRun>
                        <testStepRun startTime="2011-09-07T18:23:03.8158064-05:00" endTime="2011-09-07T18:23:03.8158064-05:00">
                          <testStep id="b8c18701abcefeb6" name="should have made it 10 miles" fullName="SampleSpecs/describe car/when driving car/with 10 gallon(s) of gas, mpg: 10, driving: 10 miles/should have made it 10 miles" testId="12e5d50e0e75144d" isPrimary="true" isTestCase="true" isDynamic="false">
                            <codeReference />
                            <codeLocation />
                            <metadata>
                              <entry key="TestKind">
                                <value>Test</value>
                              </entry>
                            </metadata>
                          </testStep>
                          <children />
                          <result assertCount="0" duration="1.2299999999999999E-05">
                            <outcome status="passed" />
                          </result>
                          <testLog>
                            <streams />
                            <attachments />
                          </testLog>
                        </testStepRun>
                        <testStepRun startTime="2011-09-07T18:23:03.8168065-05:00" endTime="2011-09-07T18:23:03.8168065-05:00">
                          <testStep id="c951a25f6ea55705" name="should not have low fuel" fullName="SampleSpecs/describe car/when driving car/with 10 gallon(s) of gas, mpg: 10, driving: 10 miles/should not have low fuel" testId="b6009b691fbe20dc" isPrimary="true" isTestCase="true" isDynamic="false">
                            <codeReference />
                            <codeLocation />
                            <metadata>
                              <entry key="TestKind">
                                <value>Test</value>
                              </entry>
                            </metadata>
                          </testStep>
                          <children />
                          <result assertCount="0" duration="1.07E-05">
                            <outcome status="passed" />
                          </result>
                          <testLog>
                            <streams />
                            <attachments />
                          </testLog>
                        </testStepRun>
                      </children>
                      <result assertCount="0" duration="0.00010499999999999999">
                        <outcome status="passed" />
                      </result>
                      <testLog>
                        <streams />
                        <attachments />
                      </testLog>
                    </testStepRun>
                    <testStepRun startTime="2011-09-07T18:23:03.8188066-05:00" endTime="2011-09-07T18:23:03.824807-05:00">
                      <testStep id="2074e54df3179491" name="with 10 gallon(s) of gas, mpg: 2, driving: 5 miles" fullName="SampleSpecs/describe car/when driving car/with 10 gallon(s) of gas, mpg: 2, driving: 5 miles" testId="78d3ca2e0a77705b" isPrimary="true" isTestCase="false" isDynamic="false">
                        <codeReference />
                        <codeLocation />
                        <metadata>
                          <entry key="TestKind">
                            <value>Fixture</value>
                          </entry>
                        </metadata>
                      </testStep>
                      <children>
                        <testStepRun startTime="2011-09-07T18:23:03.8188066-05:00" endTime="2011-09-07T18:23:03.8198067-05:00">
                          <testStep id="234deac038f34cf7" name="should be running" fullName="SampleSpecs/describe car/when driving car/with 10 gallon(s) of gas, mpg: 2, driving: 5 miles/should be running" testId="536419fa43d2e1e" isPrimary="true" isTestCase="true" isDynamic="false">
                            <codeReference />
                            <codeLocation />
                            <metadata>
                              <entry key="TestKind">
                                <value>Test</value>
                              </entry>
                            </metadata>
                          </testStep>
                          <children />
                          <result assertCount="0" duration="1.03E-05">
                            <outcome status="passed" />
                          </result>
                          <testLog>
                            <streams />
                            <attachments />
                          </testLog>
                        </testStepRun>
                        <testStepRun startTime="2011-09-07T18:23:03.8208067-05:00" endTime="2011-09-07T18:23:03.8208067-05:00">
                          <testStep id="d16c21bdfa76b3f7" name="should have 7.5 gallons left in tank" fullName="SampleSpecs/describe car/when driving car/with 10 gallon(s) of gas, mpg: 2, driving: 5 miles/should have 7.5 gallons left in tank" testId="d5051e48a02b7ff6" isPrimary="true" isTestCase="true" isDynamic="false">
                            <codeReference />
                            <codeLocation />
                            <metadata>
                              <entry key="TestKind">
                                <value>Test</value>
                              </entry>
                            </metadata>
                          </testStep>
                          <children />
                          <result assertCount="0" duration="1.2699999999999999E-05">
                            <outcome status="passed" />
                          </result>
                          <testLog>
                            <streams />
                            <attachments />
                          </testLog>
                        </testStepRun>
                        <testStepRun startTime="2011-09-07T18:23:03.8218068-05:00" endTime="2011-09-07T18:23:03.8238069-05:00">
                          <testStep id="aa847fe0db147261" name="should have made it 5 miles" fullName="SampleSpecs/describe car/when driving car/with 10 gallon(s) of gas, mpg: 2, driving: 5 miles/should have made it 5 miles" testId="d649dd57d908632" isPrimary="true" isTestCase="true" isDynamic="false">
                            <codeReference />
                            <codeLocation />
                            <metadata>
                              <entry key="TestKind">
                                <value>Test</value>
                              </entry>
                            </metadata>
                          </testStep>
                          <children />
                          <result assertCount="0" duration="1.03E-05">
                            <outcome status="passed" />
                          </result>
                          <testLog>
                            <streams />
                            <attachments />
                          </testLog>
                        </testStepRun>
                        <testStepRun startTime="2011-09-07T18:23:03.8238069-05:00" endTime="2011-09-07T18:23:03.824807-05:00">
                          <testStep id="bdac3abc126eada8" name="should not have low fuel" fullName="SampleSpecs/describe car/when driving car/with 10 gallon(s) of gas, mpg: 2, driving: 5 miles/should not have low fuel" testId="1b7089ed3e543b4d" isPrimary="true" isTestCase="true" isDynamic="false">
                            <codeReference />
                            <codeLocation />
                            <metadata>
                              <entry key="TestKind">
                                <value>Test</value>
                              </entry>
                            </metadata>
                          </testStep>
                          <children />
                          <result assertCount="0" duration="9.9999999999999991E-06">
                            <outcome status="passed" />
                          </result>
                          <testLog>
                            <streams />
                            <attachments />
                          </testLog>
                        </testStepRun>
                      </children>
                      <result assertCount="0" duration="8.04E-05">
                        <outcome status="passed" />
                      </result>
                      <testLog>
                        <streams />
                        <attachments />
                      </testLog>
                    </testStepRun>
                  </children>
                  <result assertCount="0" duration="0.0068169999999999993">
                    <outcome status="passed" />
                  </result>
                  <testLog>
                    <streams />
                    <attachments />
                  </testLog>
                </testStepRun>
              </children>
              <result assertCount="0" duration="0.0153478">
                <outcome status="passed" />
              </result>
              <testLog>
                <streams />
                <attachments />
              </testLog>
            </testStepRun>
            <testStepRun startTime="2011-09-07T18:23:03.8268071-05:00" endTime="2011-09-07T18:23:03.8288072-05:00">
              <testStep id="1caccacde2acf58e" name="describe class level" fullName="SampleSpecs/describe class level" testId="1099c2b2e4de30f8" isPrimary="true" isTestCase="false" isDynamic="false">
                <codeReference />
                <codeLocation />
                <metadata>
                  <entry key="TestKind">
                    <value>Fixture</value>
                  </entry>
                </metadata>
              </testStep>
              <children>
                <testStepRun startTime="2011-09-07T18:23:03.8278071-05:00" endTime="2011-09-07T18:23:03.8278071-05:00">
                  <testStep id="5e8cf99732758843" name="specify given befores and acts run in the correct sequence" fullName="SampleSpecs/describe class level/specify given befores and acts run in the correct sequence" testId="8803e74f7540450" isPrimary="true" isTestCase="true" isDynamic="false">
                    <codeReference />
                    <codeLocation />
                    <metadata>
                      <entry key="TestKind">
                        <value>Test</value>
                      </entry>
                    </metadata>
                  </testStep>
                  <children />
                  <result assertCount="0" duration="0.0015650999999999998">
                    <outcome status="passed" />
                  </result>
                  <testLog>
                    <streams />
                    <attachments />
                  </testLog>
                </testStepRun>
              </children>
              <result assertCount="0" duration="0.0015823999999999999">
                <outcome status="passed" />
              </result>
              <testLog>
                <streams />
                <attachments />
              </testLog>
            </testStepRun>
            <testStepRun startTime="2011-09-07T18:23:03.8288072-05:00" endTime="2011-09-07T18:23:03.8378077-05:00">
              <testStep id="c6aa4f9bc10916d" name="describe contexts" fullName="SampleSpecs/describe contexts" testId="d83d28c301b8165b" isPrimary="true" isTestCase="false" isDynamic="false">
                <codeReference />
                <codeLocation />
                <metadata>
                  <entry key="TestKind">
                    <value>Fixture</value>
                  </entry>
                </metadata>
              </testStep>
              <children>
                <testStepRun startTime="2011-09-07T18:23:03.8298072-05:00" endTime="2011-09-07T18:23:03.8378077-05:00">
                  <testStep id="c005f2f8eefab740" name="describe Account" fullName="SampleSpecs/describe contexts/describe Account" testId="54a6c029c391ede" isPrimary="true" isTestCase="false" isDynamic="false">
                    <codeReference />
                    <codeLocation />
                    <metadata>
                      <entry key="TestKind">
                        <value>Fixture</value>
                      </entry>
                    </metadata>
                  </testStep>
                  <children>
                    <testStepRun startTime="2011-09-07T18:23:03.8318074-05:00" endTime="2011-09-07T18:23:03.8368076-05:00">
                      <testStep id="c53b23ab4946227c" name="when withdrawing cash" fullName="SampleSpecs/describe contexts/describe Account/when withdrawing cash" testId="d6ffc908eadd65bb" isPrimary="true" isTestCase="false" isDynamic="false">
                        <codeReference />
                        <codeLocation />
                        <metadata>
                          <entry key="TestKind">
                            <value>Fixture</value>
                          </entry>
                        </metadata>
                      </testStep>
                      <children>
                        <testStepRun startTime="2011-09-07T18:23:03.8328074-05:00" endTime="2011-09-07T18:23:03.8348075-05:00">
                          <testStep id="c96ae3e89af734f5" name="account is in credit" fullName="SampleSpecs/describe contexts/describe Account/when withdrawing cash/account is in credit" testId="e17d6b49f4161f25" isPrimary="true" isTestCase="false" isDynamic="false">
                            <codeReference />
                            <codeLocation />
                            <metadata>
                              <entry key="TestKind">
                                <value>Fixture</value>
                              </entry>
                            </metadata>
                          </testStep>
                          <children>
                            <testStepRun startTime="2011-09-07T18:23:03.8338075-05:00" endTime="2011-09-07T18:23:03.8338075-05:00">
                              <testStep id="2e0c18f4ee601f40" name="the Account dispenses cash" fullName="SampleSpecs/describe contexts/describe Account/when withdrawing cash/account is in credit/the Account dispenses cash" testId="868cb3d478e3d5d4" isPrimary="true" isTestCase="true" isDynamic="false">
                                <codeReference />
                                <codeLocation />
                                <metadata>
                                  <entry key="TestKind">
                                    <value>Test</value>
                                  </entry>
                                </metadata>
                              </testStep>
                              <children />
                              <result assertCount="0" duration="0.0012186">
                                <outcome status="passed" />
                              </result>
                              <testLog>
                                <streams />
                                <attachments />
                              </testLog>
                            </testStepRun>
                          </children>
                          <result assertCount="0" duration="0.0012374999999999999">
                            <outcome status="passed" />
                          </result>
                          <testLog>
                            <streams />
                            <attachments />
                          </testLog>
                        </testStepRun>
                        <testStepRun startTime="2011-09-07T18:23:03.8348075-05:00" endTime="2011-09-07T18:23:03.8368076-05:00">
                          <testStep id="e507df22dc46205f" name="account is overdrawn" fullName="SampleSpecs/describe contexts/describe Account/when withdrawing cash/account is overdrawn" testId="38502c46a3e3c579" isPrimary="true" isTestCase="false" isDynamic="false">
                            <codeReference />
                            <codeLocation />
                            <metadata>
                              <entry key="TestKind">
                                <value>Fixture</value>
                              </entry>
                            </metadata>
                          </testStep>
                          <children>
                            <testStepRun startTime="2011-09-07T18:23:03.8358076-05:00" endTime="2011-09-07T18:23:03.8368076-05:00">
                              <testStep id="b457335aaa8740a8" name="the Account does not dispense cash" fullName="SampleSpecs/describe contexts/describe Account/when withdrawing cash/account is overdrawn/the Account does not dispense cash" testId="49fcb105de62b6ce" isPrimary="true" isTestCase="true" isDynamic="false">
                                <codeReference />
                                <codeLocation />
                                <metadata>
                                  <entry key="TestKind">
                                    <value>Test</value>
                                  </entry>
                                </metadata>
                              </testStep>
                              <children />
                              <result assertCount="0" duration="0.0009869">
                                <outcome status="passed" />
                              </result>
                              <testLog>
                                <streams />
                                <attachments />
                              </testLog>
                            </testStepRun>
                          </children>
                          <result assertCount="0" duration="0.0010073">
                            <outcome status="passed" />
                          </result>
                          <testLog>
                            <streams />
                            <attachments />
                          </testLog>
                        </testStepRun>
                      </children>
                      <result assertCount="0" duration="0.0022749">
                        <outcome status="passed" />
                      </result>
                      <testLog>
                        <streams />
                        <attachments />
                      </testLog>
                    </testStepRun>
                  </children>
                  <result assertCount="0" duration="0.0022891">
                    <outcome status="passed" />
                  </result>
                  <testLog>
                    <streams />
                    <attachments />
                  </testLog>
                </testStepRun>
              </children>
              <result assertCount="0" duration="0.0023057">
                <outcome status="passed" />
              </result>
              <testLog>
                <streams />
                <attachments />
              </testLog>
            </testStepRun>
            <testStepRun startTime="2011-09-07T18:23:03.8388078-05:00" endTime="2011-09-07T18:23:03.8418079-05:00">
              <testStep id="325daa0c48744834" name="describe expected exception" fullName="SampleSpecs/describe expected exception" testId="319ffd7c1d8f4476" isPrimary="true" isTestCase="false" isDynamic="false">
                <codeReference />
                <codeLocation />
                <metadata>
                  <entry key="TestKind">
                    <value>Fixture</value>
                  </entry>
                </metadata>
              </testStep>
              <children>
                <testStepRun startTime="2011-09-07T18:23:03.8398078-05:00" endTime="2011-09-07T18:23:03.8418079-05:00">
                  <testStep id="f6280fceb95d8cdd" name="given a null string" fullName="SampleSpecs/describe expected exception/given a null string" testId="7801f0aa53fe9496" isPrimary="true" isTestCase="false" isDynamic="false">
                    <codeReference />
                    <codeLocation />
                    <metadata>
                      <entry key="TestKind">
                        <value>Fixture</value>
                      </entry>
                    </metadata>
                  </testStep>
                  <children>
                    <testStepRun startTime="2011-09-07T18:23:03.8408079-05:00" endTime="2011-09-07T18:23:03.8408079-05:00">
                      <testStep id="a8cd34136afa5fba" name="should throw null-ref" fullName="SampleSpecs/describe expected exception/given a null string/should throw null-ref" testId="20f47985055a8e14" isPrimary="true" isTestCase="true" isDynamic="false">
                        <codeReference />
                        <codeLocation />
                        <metadata>
                          <entry key="TestKind">
                            <value>Test</value>
                          </entry>
                        </metadata>
                      </testStep>
                      <children />
                      <result assertCount="0" duration="0.0022537">
                        <outcome status="passed" />
                      </result>
                      <testLog>
                        <streams />
                        <attachments />
                      </testLog>
                    </testStepRun>
                  </children>
                  <result assertCount="0" duration="0.0022695">
                    <outcome status="passed" />
                  </result>
                  <testLog>
                    <streams />
                    <attachments />
                  </testLog>
                </testStepRun>
              </children>
              <result assertCount="0" duration="0.0022895">
                <outcome status="passed" />
              </result>
              <testLog>
                <streams />
                <attachments />
              </testLog>
            </testStepRun>
            <testStepRun startTime="2011-09-07T18:23:03.842808-05:00" endTime="2011-09-07T18:23:03.8478083-05:00">
              <testStep id="d9f5d3d135096e4b" name="describe Extensions" fullName="SampleSpecs/describe Extensions" testId="992c046eea060900" isPrimary="true" isTestCase="false" isDynamic="false">
                <codeReference />
                <codeLocation />
                <metadata>
                  <entry key="TestKind">
                    <value>Fixture</value>
                  </entry>
                </metadata>
              </testStep>
              <children>
                <testStepRun startTime="2011-09-07T18:23:03.843808-05:00" endTime="2011-09-07T18:23:03.8458082-05:00">
                  <testStep id="554c3648a2963976" name="describe Flatten" fullName="SampleSpecs/describe Extensions/describe Flatten" testId="c97391e388532e19" isPrimary="true" isTestCase="false" isDynamic="false">
                    <codeReference />
                    <codeLocation />
                    <metadata>
                      <entry key="TestKind">
                        <value>Fixture</value>
                      </entry>
                    </metadata>
                  </testStep>
                  <children>
                    <testStepRun startTime="2011-09-07T18:23:03.843808-05:00" endTime="2011-09-07T18:23:03.8448081-05:00">
                      <testStep id="f9937cb75e4af01b" name="[&quot;fifty&quot;,&quot;two&quot;] should be fiftytwo" fullName="SampleSpecs/describe Extensions/describe Flatten/[&quot;fifty&quot;,&quot;two&quot;] should be fiftytwo" testId="91dec9a53074eff7" isPrimary="true" isTestCase="true" isDynamic="false">
                        <codeReference />
                        <codeLocation />
                        <metadata>
                          <entry key="TestKind">
                            <value>Test</value>
                          </entry>
                        </metadata>
                      </testStep>
                      <children />
                      <result assertCount="0" duration="0.0037153">
                        <outcome status="passed" />
                      </result>
                      <testLog>
                        <streams />
                        <attachments />
                      </testLog>
                    </testStepRun>
                  </children>
                  <result assertCount="0" duration="0.0037384">
                    <outcome status="passed" />
                  </result>
                  <testLog>
                    <streams />
                    <attachments />
                  </testLog>
                </testStepRun>
                <testStepRun startTime="2011-09-07T18:23:03.8458082-05:00" endTime="2011-09-07T18:23:03.8478083-05:00">
                  <testStep id="3ab83f9eed4a91c5" name="when creating ranges" fullName="SampleSpecs/describe Extensions/when creating ranges" testId="344af36d16f4a591" isPrimary="true" isTestCase="false" isDynamic="false">
                    <codeReference />
                    <codeLocation />
                    <metadata>
                      <entry key="TestKind">
                        <value>Fixture</value>
                      </entry>
                    </metadata>
                  </testStep>
                  <children>
                    <testStepRun startTime="2011-09-07T18:23:03.8468082-05:00" endTime="2011-09-07T18:23:03.8468082-05:00">
                      <testStep id="63e4397cf2cff781" name="1.To(2) should be [1,2]" fullName="SampleSpecs/describe Extensions/when creating ranges/1.To(2) should be [1,2]" testId="ddd7f6915694a164" isPrimary="true" isTestCase="true" isDynamic="false">
                        <codeReference />
                        <codeLocation />
                        <metadata>
                          <entry key="TestKind">
                            <value>Test</value>
                          </entry>
                        </metadata>
                      </testStep>
                      <children />
                      <result assertCount="0" duration="0.0031820999999999998">
                        <outcome status="passed" />
                      </result>
                      <testLog>
                        <streams />
                        <attachments />
                      </testLog>
                    </testStepRun>
                  </children>
                  <result assertCount="0" duration="0.0032102">
                    <outcome status="passed" />
                  </result>
                  <testLog>
                    <streams />
                    <attachments />
                  </testLog>
                </testStepRun>
              </children>
              <result assertCount="0" duration="0.0069945">
                <outcome status="passed" />
              </result>
              <testLog>
                <streams />
                <attachments />
              </testLog>
            </testStepRun>
            <testStepRun startTime="2011-09-07T18:23:03.8488083-05:00" endTime="2011-09-07T18:23:03.8548087-05:00">
              <testStep id="8cb698b48e2b184" name="describe helpers" fullName="SampleSpecs/describe helpers" testId="c4d301807fc827db" isPrimary="true" isTestCase="false" isDynamic="false">
                <codeReference />
                <codeLocation />
                <metadata>
                  <entry key="TestKind">
                    <value>Fixture</value>
                  </entry>
                </metadata>
              </testStep>
              <children>
                <testStepRun startTime="2011-09-07T18:23:03.8488083-05:00" endTime="2011-09-07T18:23:03.8548087-05:00">
                  <testStep id="8f999952c78982b7" name="when making tea" fullName="SampleSpecs/describe helpers/when making tea" testId="3761a71cee522706" isPrimary="true" isTestCase="false" isDynamic="false">
                    <codeReference />
                    <codeLocation />
                    <metadata>
                      <entry key="TestKind">
                        <value>Fixture</value>
                      </entry>
                    </metadata>
                  </testStep>
                  <children>
                    <testStepRun startTime="2011-09-07T18:23:03.8498084-05:00" endTime="2011-09-07T18:23:03.8518085-05:00">
                      <testStep id="10b35f127a3cdb2c" name="that is 210 degrees" fullName="SampleSpecs/describe helpers/when making tea/that is 210 degrees" testId="90d265f03de98d80" isPrimary="true" isTestCase="false" isDynamic="false">
                        <codeReference />
                        <codeLocation />
                        <metadata>
                          <entry key="TestKind">
                            <value>Fixture</value>
                          </entry>
                        </metadata>
                      </testStep>
                      <children>
                        <testStepRun startTime="2011-09-07T18:23:03.8508084-05:00" endTime="2011-09-07T18:23:03.8508084-05:00">
                          <testStep id="5c75e3f0880a2316" name="should be hot" fullName="SampleSpecs/describe helpers/when making tea/that is 210 degrees/should be hot" testId="5a1693aefce14331" isPrimary="true" isTestCase="true" isDynamic="false">
                            <codeReference />
                            <codeLocation />
                            <metadata>
                              <entry key="TestKind">
                                <value>Test</value>
                              </entry>
                            </metadata>
                          </testStep>
                          <children />
                          <result assertCount="0" duration="0.00095999999999999992">
                            <outcome status="passed" />
                          </result>
                          <testLog>
                            <streams />
                            <attachments />
                          </testLog>
                        </testStepRun>
                      </children>
                      <result assertCount="0" duration="0.0009823">
                        <outcome status="passed" />
                      </result>
                      <testLog>
                        <streams />
                        <attachments />
                      </testLog>
                    </testStepRun>
                    <testStepRun startTime="2011-09-07T18:23:03.8528086-05:00" endTime="2011-09-07T18:23:03.8538086-05:00">
                      <testStep id="22c0fc4813ce8ac4" name="that is 90 degrees" fullName="SampleSpecs/describe helpers/when making tea/that is 90 degrees" testId="d93107e6ea7f505e" isPrimary="true" isTestCase="false" isDynamic="false">
                        <codeReference />
                        <codeLocation />
                        <metadata>
                          <entry key="TestKind">
                            <value>Fixture</value>
                          </entry>
                        </metadata>
                      </testStep>
                      <children>
                        <testStepRun startTime="2011-09-07T18:23:03.8528086-05:00" endTime="2011-09-07T18:23:03.8538086-05:00">
                          <testStep id="f87d76505d91d382" name="should be cold" fullName="SampleSpecs/describe helpers/when making tea/that is 90 degrees/should be cold" testId="fe33c294e509943" isPrimary="true" isTestCase="true" isDynamic="false">
                            <codeReference />
                            <codeLocation />
                            <metadata>
                              <entry key="TestKind">
                                <value>Test</value>
                              </entry>
                            </metadata>
                          </testStep>
                          <children />
                          <result assertCount="0" duration="0.0006701">
                            <outcome status="passed" />
                          </result>
                          <testLog>
                            <streams />
                            <attachments />
                          </testLog>
                        </testStepRun>
                      </children>
                      <result assertCount="0" duration="0.00069319999999999994">
                        <outcome status="passed" />
                      </result>
                      <testLog>
                        <streams />
                        <attachments />
                      </testLog>
                    </testStepRun>
                  </children>
                  <result assertCount="0" duration="0.0017055999999999998">
                    <outcome status="passed" />
                  </result>
                  <testLog>
                    <streams />
                    <attachments />
                  </testLog>
                </testStepRun>
              </children>
              <result assertCount="0" duration="0.0017282999999999999">
                <outcome status="passed" />
              </result>
              <testLog>
                <streams />
                <attachments />
              </testLog>
            </testStepRun>
            <testStepRun startTime="2011-09-07T18:23:03.8558087-05:00" endTime="2011-09-07T18:23:03.8678094-05:00">
              <testStep id="65c4c68de6e01c8e" name="describe Math" fullName="SampleSpecs/describe Math" testId="76465f8412a5cf77" isPrimary="true" isTestCase="false" isDynamic="false">
                <codeReference />
                <codeLocation />
                <metadata>
                  <entry key="TestKind">
                    <value>Fixture</value>
                  </entry>
                </metadata>
              </testStep>
              <children>
                <testStepRun startTime="2011-09-07T18:23:03.8568088-05:00" endTime="2011-09-07T18:23:03.8678094-05:00">
                  <testStep id="722b8053ed3d5dc3" name="verify strictly increasing numbers" fullName="SampleSpecs/describe Math/verify strictly increasing numbers" testId="6b192f052fd54cb1" isPrimary="true" isTestCase="false" isDynamic="false">
                    <codeReference />
                    <codeLocation />
                    <metadata>
                      <entry key="TestKind">
                        <value>Fixture</value>
                      </entry>
                    </metadata>
                  </testStep>
                  <children>
                    <testStepRun startTime="2011-09-07T18:23:03.8568088-05:00" endTime="2011-09-07T18:23:03.8578088-05:00">
                      <testStep id="c31c1816c7b6f55" name="2 should be greater than 1" fullName="SampleSpecs/describe Math/verify strictly increasing numbers/2 should be greater than 1" testId="2eea64dd5357faae" isPrimary="true" isTestCase="true" isDynamic="false">
                        <codeReference />
                        <codeLocation />
                        <metadata>
                          <entry key="TestKind">
                            <value>Test</value>
                          </entry>
                        </metadata>
                      </testStep>
                      <children />
                      <result assertCount="0" duration="0.0089707">
                        <outcome status="passed" />
                      </result>
                      <testLog>
                        <streams />
                        <attachments />
                      </testLog>
                    </testStepRun>
                    <testStepRun startTime="2011-09-07T18:23:03.8578088-05:00" endTime="2011-09-07T18:23:03.8588089-05:00">
                      <testStep id="6423009f0eaf066" name="3 should be greater than 2" fullName="SampleSpecs/describe Math/verify strictly increasing numbers/3 should be greater than 2" testId="6cb09e676bf8e335" isPrimary="true" isTestCase="true" isDynamic="false">
                        <codeReference />
                        <codeLocation />
                        <metadata>
                          <entry key="TestKind">
                            <value>Test</value>
                          </entry>
                        </metadata>
                      </testStep>
                      <children />
                      <result assertCount="0" duration="4.65E-05">
                        <outcome status="passed" />
                      </result>
                      <testLog>
                        <streams />
                        <attachments />
                      </testLog>
                    </testStepRun>
                    <testStepRun startTime="2011-09-07T18:23:03.859809-05:00" endTime="2011-09-07T18:23:03.859809-05:00">
                      <testStep id="7ad71d9b61878cd4" name="4 should be greater than 3" fullName="SampleSpecs/describe Math/verify strictly increasing numbers/4 should be greater than 3" testId="60ad9d7753c6a6c9" isPrimary="true" isTestCase="true" isDynamic="false">
                        <codeReference />
                        <codeLocation />
                        <metadata>
                          <entry key="TestKind">
                            <value>Test</value>
                          </entry>
                        </metadata>
                      </testStep>
                      <children />
                      <result assertCount="0" duration="1.2299999999999999E-05">
                        <outcome status="passed" />
                      </result>
                      <testLog>
                        <streams />
                        <attachments />
                      </testLog>
                    </testStepRun>
                    <testStepRun startTime="2011-09-07T18:23:03.860809-05:00" endTime="2011-09-07T18:23:03.860809-05:00">
                      <testStep id="261c33aba46d4437" name="5 should be greater than 4" fullName="SampleSpecs/describe Math/verify strictly increasing numbers/5 should be greater than 4" testId="981ceea99ed5c7fd" isPrimary="true" isTestCase="true" isDynamic="false">
                        <codeReference />
                        <codeLocation />
                        <metadata>
                          <entry key="TestKind">
                            <value>Test</value>
                          </entry>
                        </metadata>
                      </testStep>
                      <children />
                      <result assertCount="0" duration="1.19E-05">
                        <outcome status="passed" />
                      </result>
                      <testLog>
                        <streams />
                        <attachments />
                      </testLog>
                    </testStepRun>
                    <testStepRun startTime="2011-09-07T18:23:03.8628091-05:00" endTime="2011-09-07T18:23:03.8638092-05:00">
                      <testStep id="ad5cef912d17b7db" name="6 should be greater than 5" fullName="SampleSpecs/describe Math/verify strictly increasing numbers/6 should be greater than 5" testId="ed85bd900694ff70" isPrimary="true" isTestCase="true" isDynamic="false">
                        <codeReference />
                        <codeLocation />
                        <metadata>
                          <entry key="TestKind">
                            <value>Test</value>
                          </entry>
                        </metadata>
                      </testStep>
                      <children />
                      <result assertCount="0" duration="1.42E-05">
                        <outcome status="passed" />
                      </result>
                      <testLog>
                        <streams />
                        <attachments />
                      </testLog>
                    </testStepRun>
                    <testStepRun startTime="2011-09-07T18:23:03.8638092-05:00" endTime="2011-09-07T18:23:03.8648092-05:00">
                      <testStep id="d9c09a3eef38169d" name="7 should be greater than 6" fullName="SampleSpecs/describe Math/verify strictly increasing numbers/7 should be greater than 6" testId="c23dde7bd684c865" isPrimary="true" isTestCase="true" isDynamic="false">
                        <codeReference />
                        <codeLocation />
                        <metadata>
                          <entry key="TestKind">
                            <value>Test</value>
                          </entry>
                        </metadata>
                      </testStep>
                      <children />
                      <result assertCount="0" duration="1.15E-05">
                        <outcome status="passed" />
                      </result>
                      <testLog>
                        <streams />
                        <attachments />
                      </testLog>
                    </testStepRun>
                    <testStepRun startTime="2011-09-07T18:23:03.8648092-05:00" endTime="2011-09-07T18:23:03.8658093-05:00">
                      <testStep id="c6e87e4d79f60efb" name="8 should be greater than 7" fullName="SampleSpecs/describe Math/verify strictly increasing numbers/8 should be greater than 7" testId="986fd8d424f863c1" isPrimary="true" isTestCase="true" isDynamic="false">
                        <codeReference />
                        <codeLocation />
                        <metadata>
                          <entry key="TestKind">
                            <value>Test</value>
                          </entry>
                        </metadata>
                      </testStep>
                      <children />
                      <result assertCount="0" duration="1.38E-05">
                        <outcome status="passed" />
                      </result>
                      <testLog>
                        <streams />
                        <attachments />
                      </testLog>
                    </testStepRun>
                    <testStepRun startTime="2011-09-07T18:23:03.8668094-05:00" endTime="2011-09-07T18:23:03.8668094-05:00">
                      <testStep id="3c933ee9b0f555a6" name="9 should be greater than 8" fullName="SampleSpecs/describe Math/verify strictly increasing numbers/9 should be greater than 8" testId="965a546ac0b17d60" isPrimary="true" isTestCase="true" isDynamic="false">
                        <codeReference />
                        <codeLocation />
                        <metadata>
                          <entry key="TestKind">
                            <value>Test</value>
                          </entry>
                        </metadata>
                      </testStep>
                      <children />
                      <result assertCount="0" duration="1.2299999999999999E-05">
                        <outcome status="passed" />
                      </result>
                      <testLog>
                        <streams />
                        <attachments />
                      </testLog>
                    </testStepRun>
                  </children>
                  <result assertCount="0" duration="0.0092005">
                    <outcome status="passed" />
                  </result>
                  <testLog>
                    <streams />
                    <attachments />
                  </testLog>
                </testStepRun>
              </children>
              <result assertCount="0" duration="0.0092213">
                <outcome status="passed" />
              </result>
              <testLog>
                <streams />
                <attachments />
              </testLog>
            </testStepRun>
            <testStepRun startTime="2011-09-07T18:23:03.8688095-05:00" endTime="2011-09-07T18:23:03.8738098-05:00">
              <testStep id="a2c71c2bd54a3d3a" name="describe method level examples" fullName="SampleSpecs/describe method level examples" testId="b6e6adcefc69e183" isPrimary="true" isTestCase="false" isDynamic="false">
                <codeReference />
                <codeLocation />
                <metadata>
                  <entry key="TestKind">
                    <value>Fixture</value>
                  </entry>
                </metadata>
              </testStep>
              <children>
                <testStepRun startTime="2011-09-07T18:23:03.8718096-05:00" endTime="2011-09-07T18:23:03.8718096-05:00">
                  <testStep id="8f34bbc19d38d7d1" name="it should run methods that start with IT as an assertion" fullName="SampleSpecs/describe method level examples/it should run methods that start with IT as an assertion" testId="73b91abc85eff82f" isPrimary="true" isTestCase="true" isDynamic="false">
                    <codeReference />
                    <codeLocation />
                    <metadata>
                      <entry key="TestKind">
                        <value>Test</value>
                      </entry>
                    </metadata>
                  </testStep>
                  <children />
                  <result assertCount="0" duration="0.0022225">
                    <outcome status="passed" />
                  </result>
                  <testLog>
                    <streams />
                    <attachments />
                  </testLog>
                </testStepRun>
                <testStepRun startTime="2011-09-07T18:23:03.8728097-05:00" endTime="2011-09-07T18:23:03.8728097-05:00">
                  <testStep id="609a7a8730cf4762" name="specify that methods that start with SPECIFY should run as assertion" fullName="SampleSpecs/describe method level examples/specify that methods that start with SPECIFY should run as assertion" testId="b4af432f5a3f49a9" isPrimary="true" isTestCase="true" isDynamic="false">
                    <codeReference />
                    <codeLocation />
                    <metadata>
                      <entry key="TestKind">
                        <value>Test</value>
                      </entry>
                    </metadata>
                  </testStep>
                  <children />
                  <result assertCount="0" duration="0.00048689999999999996">
                    <outcome status="passed" />
                  </result>
                  <testLog>
                    <streams />
                    <attachments />
                  </testLog>
                </testStepRun>
              </children>
              <result assertCount="0" duration="0.0027591">
                <outcome status="passed" />
              </result>
              <testLog>
                <streams />
                <attachments />
              </testLog>
            </testStepRun>
            <testStepRun startTime="2011-09-07T18:23:03.8738098-05:00" endTime="2011-09-07T18:23:03.8858104-05:00">
              <testStep id="b6f5ef55d3a26fc3" name="describe pending" fullName="SampleSpecs/describe pending" testId="afbebcdf5497c0eb" isPrimary="true" isTestCase="false" isDynamic="false">
                <codeReference />
                <codeLocation />
                <metadata>
                  <entry key="TestKind">
                    <value>Fixture</value>
                  </entry>
                </metadata>
              </testStep>
              <children>
                <testStepRun startTime="2011-09-07T18:23:03.8748098-05:00" endTime="2011-09-07T18:23:03.8848104-05:00">
                  <testStep id="c25ad22a14ac3c8d" name="when creating pending specifications" fullName="SampleSpecs/describe pending/when creating pending specifications" testId="a7aaeacafcb5390f" isPrimary="true" isTestCase="false" isDynamic="false">
                    <codeReference />
                    <codeLocation />
                    <metadata>
                      <entry key="TestKind">
                        <value>Fixture</value>
                      </entry>
                    </metadata>
                  </testStep>
                  <children>
                    <testStepRun startTime="2011-09-07T18:23:03.8758099-05:00" endTime="2011-09-07T18:23:03.8828103-05:00">
                      <testStep id="9cea14bfd62a637e" name="&quot;&quot; should be &quot;something else&quot;" fullName="SampleSpecs/describe pending/when creating pending specifications/&quot;&quot; should be &quot;something else&quot;" testId="82a90662d7fb7af5" isPrimary="true" isTestCase="true" isDynamic="false">
                        <codeReference />
                        <codeLocation />
                        <metadata>
                          <entry key="TestKind">
                            <value>Test</value>
                          </entry>
                          <entry key="PendingReason">
                            <value>Needs to be implemented</value>
                          </entry>
                        </metadata>
                      </testStep>
                      <children />
                      <result assertCount="0" duration="0.0031755999999999998">
                        <outcome status="skipped" category="pending" />
                      </result>
                      <testLog>
                        <streams />
                        <attachments />
                      </testLog>
                    </testStepRun>
                    <testStepRun startTime="2011-09-07T18:23:03.8838103-05:00" endTime="2011-09-07T18:23:03.8848104-05:00">
                      <testStep id="794912d5516e8daf" name="pending spec" fullName="SampleSpecs/describe pending/when creating pending specifications/pending spec" testId="2697bdf3747b0121" isPrimary="true" isTestCase="true" isDynamic="false">
                        <codeReference />
                        <codeLocation />
                        <metadata>
                          <entry key="TestKind">
                            <value>Test</value>
                          </entry>
                          <entry key="PendingReason">
                            <value>Needs to be implemented</value>
                          </entry>
                        </metadata>
                      </testStep>
                      <children />
                      <result assertCount="0" duration="3.6899999999999996E-05">
                        <outcome status="skipped" category="pending" />
                      </result>
                      <testLog>
                        <streams />
                        <attachments />
                      </testLog>
                    </testStepRun>
                  </children>
                  <result assertCount="0" duration="0.0032607">
                    <outcome status="skipped" category="pending" />
                  </result>
                  <testLog>
                    <streams />
                    <attachments />
                  </testLog>
                </testStepRun>
              </children>
              <result assertCount="0" duration="0.0051094999999999995">
                <outcome status="skipped" category="pending" />
              </result>
              <testLog>
                <streams />
                <attachments />
              </testLog>
            </testStepRun>
            <testStepRun startTime="2011-09-07T18:23:03.8858104-05:00" endTime="2011-09-07T18:23:03.8978111-05:00">
              <testStep id="39973480038c49a8" name="describe PrimeFactors" fullName="SampleSpecs/describe PrimeFactors" testId="ca3ca3bd057d73c5" isPrimary="true" isTestCase="false" isDynamic="false">
                <codeReference />
                <codeLocation />
                <metadata>
                  <entry key="TestKind">
                    <value>Fixture</value>
                  </entry>
                </metadata>
              </testStep>
              <children>
                <testStepRun startTime="2011-09-07T18:23:03.8868105-05:00" endTime="2011-09-07T18:23:03.8968111-05:00">
                  <testStep id="7e1740ae42bc111f" name="when determining prime factors" fullName="SampleSpecs/describe PrimeFactors/when determining prime factors" testId="de573c4f7d9eee18" isPrimary="true" isTestCase="false" isDynamic="false">
                    <codeReference />
                    <codeLocation />
                    <metadata>
                      <entry key="TestKind">
                        <value>Fixture</value>
                      </entry>
                    </metadata>
                  </testStep>
                  <children>
                    <testStepRun startTime="2011-09-07T18:23:03.8868105-05:00" endTime="2011-09-07T18:23:03.8878106-05:00">
                      <testStep id="c921befff6fa922c" name="0 should be []" fullName="SampleSpecs/describe PrimeFactors/when determining prime factors/0 should be []" testId="9dd726b3a85f0aa4" isPrimary="true" isTestCase="true" isDynamic="false">
                        <codeReference />
                        <codeLocation />
                        <metadata>
                          <entry key="TestKind">
                            <value>Test</value>
                          </entry>
                        </metadata>
                      </testStep>
                      <children />
                      <result assertCount="0" duration="0.0016836">
                        <outcome status="passed" />
                      </result>
                      <testLog>
                        <streams />
                        <attachments />
                      </testLog>
                    </testStepRun>
                    <testStepRun startTime="2011-09-07T18:23:03.8878106-05:00" endTime="2011-09-07T18:23:03.8888106-05:00">
                      <testStep id="38ada6b491d3fa69" name="1 should be []" fullName="SampleSpecs/describe PrimeFactors/when determining prime factors/1 should be []" testId="953b40926152e5fb" isPrimary="true" isTestCase="true" isDynamic="false">
                        <codeReference />
                        <codeLocation />
                        <metadata>
                          <entry key="TestKind">
                            <value>Test</value>
                          </entry>
                        </metadata>
                      </testStep>
                      <children />
                      <result assertCount="0" duration="2.3E-05">
                        <outcome status="passed" />
                      </result>
                      <testLog>
                        <streams />
                        <attachments />
                      </testLog>
                    </testStepRun>
                    <testStepRun startTime="2011-09-07T18:23:03.8888106-05:00" endTime="2011-09-07T18:23:03.8898107-05:00">
                      <testStep id="c19d68b28a024962" name="2 should be [2]" fullName="SampleSpecs/describe PrimeFactors/when determining prime factors/2 should be [2]" testId="7865794a4f981e44" isPrimary="true" isTestCase="true" isDynamic="false">
                        <codeReference />
                        <codeLocation />
                        <metadata>
                          <entry key="TestKind">
                            <value>Test</value>
                          </entry>
                        </metadata>
                      </testStep>
                      <children />
                      <result assertCount="0" duration="2.1499999999999997E-05">
                        <outcome status="passed" />
                      </result>
                      <testLog>
                        <streams />
                        <attachments />
                      </testLog>
                    </testStepRun>
                    <testStepRun startTime="2011-09-07T18:23:03.8898107-05:00" endTime="2011-09-07T18:23:03.8908107-05:00">
                      <testStep id="13ab5c1b7c35ac30" name="3 should be [3]" fullName="SampleSpecs/describe PrimeFactors/when determining prime factors/3 should be [3]" testId="a59c36fb0dbe2531" isPrimary="true" isTestCase="true" isDynamic="false">
                        <codeReference />
                        <codeLocation />
                        <metadata>
                          <entry key="TestKind">
                            <value>Test</value>
                          </entry>
                        </metadata>
                      </testStep>
                      <children />
                      <result assertCount="0" duration="1.77E-05">
                        <outcome status="passed" />
                      </result>
                      <testLog>
                        <streams />
                        <attachments />
                      </testLog>
                    </testStepRun>
                    <testStepRun startTime="2011-09-07T18:23:03.8908107-05:00" endTime="2011-09-07T18:23:03.8918108-05:00">
                      <testStep id="789676f1d9b98a18" name="4 should be [2,2]" fullName="SampleSpecs/describe PrimeFactors/when determining prime factors/4 should be [2,2]" testId="77f1092c3c51d161" isPrimary="true" isTestCase="true" isDynamic="false">
                        <codeReference />
                        <codeLocation />
                        <metadata>
                          <entry key="TestKind">
                            <value>Test</value>
                          </entry>
                        </metadata>
                      </testStep>
                      <children />
                      <result assertCount="0" duration="0.0063863">
                        <outcome status="passed" />
                      </result>
                      <testLog>
                        <streams />
                        <attachments />
                      </testLog>
                    </testStepRun>
                    <testStepRun startTime="2011-09-07T18:23:03.8918108-05:00" endTime="2011-09-07T18:23:03.8918108-05:00">
                      <testStep id="66d03767e7d90cc2" name="5 should be [5]" fullName="SampleSpecs/describe PrimeFactors/when determining prime factors/5 should be [5]" testId="8954eb1c66c2bf35" isPrimary="true" isTestCase="true" isDynamic="false">
                        <codeReference />
                        <codeLocation />
                        <metadata>
                          <entry key="TestKind">
                            <value>Test</value>
                          </entry>
                        </metadata>
                      </testStep>
                      <children />
                      <result assertCount="0" duration="3.46E-05">
                        <outcome status="passed" />
                      </result>
                      <testLog>
                        <streams />
                        <attachments />
                      </testLog>
                    </testStepRun>
                    <testStepRun startTime="2011-09-07T18:23:03.8928108-05:00" endTime="2011-09-07T18:23:03.8938109-05:00">
                      <testStep id="d8efa9260fd863a" name="6 should be [2,3]" fullName="SampleSpecs/describe PrimeFactors/when determining prime factors/6 should be [2,3]" testId="a876224567edb0bf" isPrimary="true" isTestCase="true" isDynamic="false">
                        <codeReference />
                        <codeLocation />
                        <metadata>
                          <entry key="TestKind">
                            <value>Test</value>
                          </entry>
                        </metadata>
                      </testStep>
                      <children />
                      <result assertCount="0" duration="4.4999999999999996E-05">
                        <outcome status="passed" />
                      </result>
                      <testLog>
                        <streams />
                        <attachments />
                      </testLog>
                    </testStepRun>
                    <testStepRun startTime="2011-09-07T18:23:03.8938109-05:00" endTime="2011-09-07T18:23:03.894811-05:00">
                      <testStep id="433a57e9f765d477" name="7 should be [7]" fullName="SampleSpecs/describe PrimeFactors/when determining prime factors/7 should be [7]" testId="7965957fbbaa96bf" isPrimary="true" isTestCase="true" isDynamic="false">
                        <codeReference />
                        <codeLocation />
                        <metadata>
                          <entry key="TestKind">
                            <value>Test</value>
                          </entry>
                        </metadata>
                      </testStep>
                      <children />
                      <result assertCount="0" duration="2.0399999999999998E-05">
                        <outcome status="passed" />
                      </result>
                      <testLog>
                        <streams />
                        <attachments />
                      </testLog>
                    </testStepRun>
                    <testStepRun startTime="2011-09-07T18:23:03.894811-05:00" endTime="2011-09-07T18:23:03.895811-05:00">
                      <testStep id="6f91d416e3764970" name="8 should be [2,2,2]" fullName="SampleSpecs/describe PrimeFactors/when determining prime factors/8 should be [2,2,2]" testId="f26682a0413aaed9" isPrimary="true" isTestCase="true" isDynamic="false">
                        <codeReference />
                        <codeLocation />
                        <metadata>
                          <entry key="TestKind">
                            <value>Test</value>
                          </entry>
                        </metadata>
                      </testStep>
                      <children />
                      <result assertCount="0" duration="1.9999999999999998E-05">
                        <outcome status="passed" />
                      </result>
                      <testLog>
                        <streams />
                        <attachments />
                      </testLog>
                    </testStepRun>
                    <testStepRun startTime="2011-09-07T18:23:03.8968111-05:00" endTime="2011-09-07T18:23:03.8968111-05:00">
                      <testStep id="9c2849462f762394" name="9 should be [3,3]" fullName="SampleSpecs/describe PrimeFactors/when determining prime factors/9 should be [3,3]" testId="f825083fd7a3851a" isPrimary="true" isTestCase="true" isDynamic="false">
                        <codeReference />
                        <codeLocation />
                        <metadata>
                          <entry key="TestKind">
                            <value>Test</value>
                          </entry>
                        </metadata>
                      </testStep>
                      <children />
                      <result assertCount="0" duration="2.07E-05">
                        <outcome status="passed" />
                      </result>
                      <testLog>
                        <streams />
                        <attachments />
                      </testLog>
                    </testStepRun>
                  </children>
                  <result assertCount="0" duration="0.008416">
                    <outcome status="passed" />
                  </result>
                  <testLog>
                    <streams />
                    <attachments />
                  </testLog>
                </testStepRun>
              </children>
              <result assertCount="0" duration="0.0084422">
                <outcome status="passed" />
              </result>
              <testLog>
                <streams />
                <attachments />
              </testLog>
            </testStepRun>
            <testStepRun startTime="2011-09-07T18:23:03.8978111-05:00" endTime="2011-09-07T18:23:03.9008113-05:00">
              <testStep id="fd0cb5a64e430ac4" name="describe shoulds" fullName="SampleSpecs/describe shoulds" testId="397e50d0f93efd44" isPrimary="true" isTestCase="false" isDynamic="false">
                <codeReference />
                <codeLocation />
                <metadata>
                  <entry key="TestKind">
                    <value>Fixture</value>
                  </entry>
                </metadata>
              </testStep>
              <children>
                <testStepRun startTime="2011-09-07T18:23:03.8988112-05:00" endTime="2011-09-07T18:23:03.9008113-05:00">
                  <testStep id="c3115b391c3e4bf4" name="given a non empty list" fullName="SampleSpecs/describe shoulds/given a non empty list" testId="a11bac090a2168ab" isPrimary="true" isTestCase="false" isDynamic="false">
                    <codeReference />
                    <codeLocation />
                    <metadata>
                      <entry key="TestKind">
                        <value>Fixture</value>
                      </entry>
                    </metadata>
                  </testStep>
                  <children>
                    <testStepRun startTime="2011-09-07T18:23:03.8998112-05:00" endTime="2011-09-07T18:23:03.8998112-05:00">
                      <testStep id="d26643607a0914bd" name="should not be empty" fullName="SampleSpecs/describe shoulds/given a non empty list/should not be empty" testId="32aa9cf3efe0ddc7" isPrimary="true" isTestCase="true" isDynamic="false">
                        <codeReference />
                        <codeLocation />
                        <metadata>
                          <entry key="TestKind">
                            <value>Test</value>
                          </entry>
                        </metadata>
                      </testStep>
                      <children />
                      <result assertCount="0" duration="0.0015869999999999999">
                        <outcome status="passed" />
                      </result>
                      <testLog>
                        <streams />
                        <attachments />
                      </testLog>
                    </testStepRun>
                  </children>
                  <result assertCount="0" duration="0.0016055">
                    <outcome status="passed" />
                  </result>
                  <testLog>
                    <streams />
                    <attachments />
                  </testLog>
                </testStepRun>
              </children>
              <result assertCount="0" duration="0.0016236">
                <outcome status="passed" />
              </result>
              <testLog>
                <streams />
                <attachments />
              </testLog>
            </testStepRun>
            <testStepRun startTime="2011-09-07T18:23:03.9018114-05:00" endTime="2011-09-07T18:23:04.1078231-05:00">
              <testStep id="b0b50df7b8719f34" name="describe specifications" fullName="SampleSpecs/describe specifications" testId="2d2b8b7024a73b56" isPrimary="true" isTestCase="false" isDynamic="false">
                <codeReference />
                <codeLocation />
                <metadata>
                  <entry key="TestKind">
                    <value>Fixture</value>
                  </entry>
                </metadata>
              </testStep>
              <children>
                <testStepRun startTime="2011-09-07T18:23:03.9028114-05:00" endTime="2011-09-07T18:23:04.105823-05:00">
                  <testStep id="8af5901db9bc5297" name="when creating specifications" fullName="SampleSpecs/describe specifications/when creating specifications" testId="281eea27fdfd2ae4" isPrimary="true" isTestCase="false" isDynamic="false">
                    <codeReference />
                    <codeLocation />
                    <metadata>
                      <entry key="TestKind">
                        <value>Fixture</value>
                      </entry>
                    </metadata>
                  </testStep>
                  <children>
                    <testStepRun startTime="2011-09-07T18:23:03.9028114-05:00" endTime="2011-09-07T18:23:03.9038115-05:00">
                      <testStep id="edd6074689c4d4cb" name="&quot;&quot; should not be null" fullName="SampleSpecs/describe specifications/when creating specifications/&quot;&quot; should not be null" testId="66c10360dcc7cbc4" isPrimary="true" isTestCase="true" isDynamic="false">
                        <codeReference />
                        <codeLocation />
                        <metadata>
                          <entry key="TestKind">
                            <value>Test</value>
                          </entry>
                        </metadata>
                      </testStep>
                      <children />
                      <result assertCount="0" duration="0.0029923999999999997">
                        <outcome status="passed" />
                      </result>
                      <testLog>
                        <streams />
                        <attachments />
                      </testLog>
                    </testStepRun>
                    <testStepRun startTime="2011-09-07T18:23:03.9068116-05:00" endTime="2011-09-07T18:23:03.9078117-05:00">
                      <testStep id="8496c370569d1607" name="1 should be 1" fullName="SampleSpecs/describe specifications/when creating specifications/1 should be 1" testId="eaef06e266998f41" isPrimary="true" isTestCase="true" isDynamic="false">
                        <codeReference />
                        <codeLocation />
                        <metadata>
                          <entry key="TestKind">
                            <value>Test</value>
                          </entry>
                        </metadata>
                      </testStep>
                      <children />
                      <result assertCount="0" duration="0.0003268">
                        <outcome status="passed" />
                      </result>
                      <testLog>
                        <streams />
                        <attachments />
                      </testLog>
                    </testStepRun>
                    <testStepRun startTime="2011-09-07T18:23:03.9078117-05:00" endTime="2011-09-07T18:23:03.9988169-05:00">
                      <testStep id="d48542f05e524f" name="1 should be 2" fullName="SampleSpecs/describe specifications/when creating specifications/1 should be 2" testId="d8827c2e5b3cf407" isPrimary="true" isTestCase="true" isDynamic="false">
                        <codeReference />
                        <codeLocation />
                        <metadata>
                          <entry key="TestKind">
                            <value>Test</value>
                          </entry>
                        </metadata>
                      </testStep>
                      <children />
                      <result assertCount="0" duration="0.24379199999999998">
                        <outcome status="failed" />
                      </result>
                      <testLog>
                        <streams>
                          <stream name="Failures">
                            <body>
                              <contents>
                                <marker class="Exception">
                                  <contents>
                                    <marker class="ExceptionType">
                                      <contents>
                                        <text><![CDATA[NUnit.Framework.AssertionException]]></text>
                                      </contents>
                                      <attributes />
                                    </marker>
                                    <text><![CDATA[: ]]></text>
                                    <marker class="ExceptionMessage">
                                      <contents>
                                        <text><![CDATA[  Expected: 2
  But was:  1
]]></text>
                                      </contents>
                                      <attributes />
                                    </marker>
                                    <text><![CDATA[
]]></text>
                                    <marker class="StackTrace">
                                      <contents>
                                        <text><![CDATA[   at NUnit.Framework.Assert.That(Object actual, IResolveConstraint expression, String message, Object[] args)
   at describe_specifications.<when_creating_specifications>b__4() in ]]></text>
                                        <marker class="CodeLocation">
                                          <contents>
                                            <text><![CDATA[C:\Development\NSpec\SampleSpecs\WebSite\describe_specifications.cs:line 12]]></text>
                                          </contents>
                                          <attributes>
                                            <attribute name="line" value="12" />
                                            <attribute name="path" value="C:\Development\NSpec\SampleSpecs\WebSite\describe_specifications.cs" />
                                          </attributes>
                                        </marker>
                                        <text><![CDATA[
   at NSpec.Domain.Example.Run(nspec nspec) in ]]></text>
                                        <marker class="CodeLocation">
                                          <contents>
                                            <text><![CDATA[C:\Development\NSpec\NSpec\Domain\Example.cs:line 42]]></text>
                                          </contents>
                                          <attributes>
                                            <attribute name="line" value="42" />
                                            <attribute name="path" value="C:\Development\NSpec\NSpec\Domain\Example.cs" />
                                          </attributes>
                                        </marker>
                                        <text><![CDATA[
   at NSpec.Domain.Context.Exercise(Example example, nspec nspec) in ]]></text>
                                        <marker class="CodeLocation">
                                          <contents>
                                            <text><![CDATA[C:\Development\NSpec\NSpec\Domain\Context.cs:line 106]]></text>
                                          </contents>
                                          <attributes>
                                            <attribute name="line" value="106" />
                                            <attribute name="path" value="C:\Development\NSpec\NSpec\Domain\Context.cs" />
                                          </attributes>
                                        </marker>
                                      </contents>
                                      <attributes />
                                    </marker>
                                  </contents>
                                  <attributes />
                                </marker>
                              </contents>
                            </body>
                          </stream>
                        </streams>
                        <attachments />
                      </testLog>
                    </testStepRun>
                    <testStepRun startTime="2011-09-07T18:23:03.999817-05:00" endTime="2011-09-07T18:23:04.0188181-05:00">
                      <testStep id="83a1127bb58c16cc" name="1 should not be 1" fullName="SampleSpecs/describe specifications/when creating specifications/1 should not be 1" testId="ca0ac5449d009d47" isPrimary="true" isTestCase="true" isDynamic="false">
                        <codeReference />
                        <codeLocation />
                        <metadata>
                          <entry key="TestKind">
                            <value>Test</value>
                          </entry>
                        </metadata>
                      </testStep>
                      <children />
                      <result assertCount="0" duration="0.0046426">
                        <outcome status="failed" />
                      </result>
                      <testLog>
                        <streams>
                          <stream name="Failures">
                            <body>
                              <contents>
                                <marker class="Exception">
                                  <contents>
                                    <marker class="ExceptionType">
                                      <contents>
                                        <text><![CDATA[NUnit.Framework.AssertionException]]></text>
                                      </contents>
                                      <attributes />
                                    </marker>
                                    <text><![CDATA[: ]]></text>
                                    <marker class="ExceptionMessage">
                                      <contents>
                                        <text><![CDATA[  Expected: not 1
  But was:  1
]]></text>
                                      </contents>
                                      <attributes />
                                    </marker>
                                    <text><![CDATA[
]]></text>
                                    <marker class="StackTrace">
                                      <contents>
                                        <text><![CDATA[   at NUnit.Framework.Assert.That(Object actual, IResolveConstraint expression, String message, Object[] args)
   at describe_specifications.<when_creating_specifications>b__6() in ]]></text>
                                        <marker class="CodeLocation">
                                          <contents>
                                            <text><![CDATA[C:\Development\NSpec\SampleSpecs\WebSite\describe_specifications.cs:line 14]]></text>
                                          </contents>
                                          <attributes>
                                            <attribute name="line" value="14" />
                                            <attribute name="path" value="C:\Development\NSpec\SampleSpecs\WebSite\describe_specifications.cs" />
                                          </attributes>
                                        </marker>
                                        <text><![CDATA[
   at NSpec.Domain.Example.Run(nspec nspec) in ]]></text>
                                        <marker class="CodeLocation">
                                          <contents>
                                            <text><![CDATA[C:\Development\NSpec\NSpec\Domain\Example.cs:line 42]]></text>
                                          </contents>
                                          <attributes>
                                            <attribute name="line" value="42" />
                                            <attribute name="path" value="C:\Development\NSpec\NSpec\Domain\Example.cs" />
                                          </attributes>
                                        </marker>
                                        <text><![CDATA[
   at NSpec.Domain.Context.Exercise(Example example, nspec nspec) in ]]></text>
                                        <marker class="CodeLocation">
                                          <contents>
                                            <text><![CDATA[C:\Development\NSpec\NSpec\Domain\Context.cs:line 106]]></text>
                                          </contents>
                                          <attributes>
                                            <attribute name="line" value="106" />
                                            <attribute name="path" value="C:\Development\NSpec\NSpec\Domain\Context.cs" />
                                          </attributes>
                                        </marker>
                                      </contents>
                                      <attributes />
                                    </marker>
                                  </contents>
                                  <attributes />
                                </marker>
                              </contents>
                            </body>
                          </stream>
                        </streams>
                        <attachments />
                      </testLog>
                    </testStepRun>
                    <testStepRun startTime="2011-09-07T18:23:04.0208182-05:00" endTime="2011-09-07T18:23:04.0228183-05:00">
                      <testStep id="a94f946b2eab662d" name="1 should not be 2" fullName="SampleSpecs/describe specifications/when creating specifications/1 should not be 2" testId="4e27a3b607e188b" isPrimary="true" isTestCase="true" isDynamic="false">
                        <codeReference />
                        <codeLocation />
                        <metadata>
                          <entry key="TestKind">
                            <value>Test</value>
                          </entry>
                        </metadata>
                      </testStep>
                      <children />
                      <result assertCount="0" duration="0.00072819999999999992">
                        <outcome status="passed" />
                      </result>
                      <testLog>
                        <streams />
                        <attachments />
                      </testLog>
                    </testStepRun>
                    <testStepRun startTime="2011-09-07T18:23:04.0238183-05:00" endTime="2011-09-07T18:23:04.0258185-05:00">
                      <testStep id="e8bf7ae72538ad80" name="enumerable should be empty" fullName="SampleSpecs/describe specifications/when creating specifications/enumerable should be empty" testId="397b0951c9c6aec1" isPrimary="true" isTestCase="true" isDynamic="false">
                        <codeReference />
                        <codeLocation />
                        <metadata>
                          <entry key="TestKind">
                            <value>Test</value>
                          </entry>
                        </metadata>
                      </testStep>
                      <children />
                      <result assertCount="0" duration="0.0004792">
                        <outcome status="passed" />
                      </result>
                      <testLog>
                        <streams />
                        <attachments />
                      </testLog>
                    </testStepRun>
                    <testStepRun startTime="2011-09-07T18:23:04.0278186-05:00" endTime="2011-09-07T18:23:04.0298187-05:00">
                      <testStep id="33c0f2e25f0869fe" name="enumerable should contain 1" fullName="SampleSpecs/describe specifications/when creating specifications/enumerable should contain 1" testId="c5873f046288e320" isPrimary="true" isTestCase="true" isDynamic="false">
                        <codeReference />
                        <codeLocation />
                        <metadata>
                          <entry key="TestKind">
                            <value>Test</value>
                          </entry>
                        </metadata>
                      </testStep>
                      <children />
                      <result assertCount="0" duration="0.0031213">
                        <outcome status="passed" />
                      </result>
                      <testLog>
                        <streams />
                        <attachments />
                      </testLog>
                    </testStepRun>
                    <testStepRun startTime="2011-09-07T18:23:04.0308187-05:00" endTime="2011-09-07T18:23:04.0558202-05:00">
                      <testStep id="380ac6e46422128d" name="enumerable should not contain 1" fullName="SampleSpecs/describe specifications/when creating specifications/enumerable should not contain 1" testId="70fdbab8053c85fa" isPrimary="true" isTestCase="true" isDynamic="false">
                        <codeReference />
                        <codeLocation />
                        <metadata>
                          <entry key="TestKind">
                            <value>Test</value>
                          </entry>
                        </metadata>
                      </testStep>
                      <children />
                      <result assertCount="0" duration="0.0063143">
                        <outcome status="failed" />
                      </result>
                      <testLog>
                        <streams>
                          <stream name="Failures">
                            <body>
                              <contents>
                                <marker class="Exception">
                                  <contents>
                                    <marker class="ExceptionType">
                                      <contents>
                                        <text><![CDATA[NUnit.Framework.AssertionException]]></text>
                                      </contents>
                                      <attributes />
                                    </marker>
                                    <text><![CDATA[: ]]></text>
                                    <marker class="ExceptionMessage">
                                      <contents>
                                        <text><![CDATA[  Expected: not collection containing 1
  But was:  < 1 >
]]></text>
                                      </contents>
                                      <attributes />
                                    </marker>
                                    <text><![CDATA[
]]></text>
                                    <marker class="StackTrace">
                                      <contents>
                                        <text><![CDATA[   at NUnit.Framework.Assert.That(Object actual, IResolveConstraint expression, String message, Object[] args)
   at NSpec.AssertionExtensions.should_not_contain[T](IEnumerable`1 collection, T t) in ]]></text>
                                        <marker class="CodeLocation">
                                          <contents>
                                            <text><![CDATA[C:\Development\NSpec\NSpec\AssertionExtensions.cs:line 110]]></text>
                                          </contents>
                                          <attributes>
                                            <attribute name="line" value="110" />
                                            <attribute name="path" value="C:\Development\NSpec\NSpec\AssertionExtensions.cs" />
                                          </attributes>
                                        </marker>
                                        <text><![CDATA[
   at NSpec.Domain.Example.Run(nspec nspec) in ]]></text>
                                        <marker class="CodeLocation">
                                          <contents>
                                            <text><![CDATA[C:\Development\NSpec\NSpec\Domain\Example.cs:line 42]]></text>
                                          </contents>
                                          <attributes>
                                            <attribute name="line" value="42" />
                                            <attribute name="path" value="C:\Development\NSpec\NSpec\Domain\Example.cs" />
                                          </attributes>
                                        </marker>
                                        <text><![CDATA[
   at NSpec.Domain.Context.Exercise(Example example, nspec nspec) in ]]></text>
                                        <marker class="CodeLocation">
                                          <contents>
                                            <text><![CDATA[C:\Development\NSpec\NSpec\Domain\Context.cs:line 106]]></text>
                                          </contents>
                                          <attributes>
                                            <attribute name="line" value="106" />
                                            <attribute name="path" value="C:\Development\NSpec\NSpec\Domain\Context.cs" />
                                          </attributes>
                                        </marker>
                                      </contents>
                                      <attributes />
                                    </marker>
                                  </contents>
                                  <attributes />
                                </marker>
                              </contents>
                            </body>
                          </stream>
                        </streams>
                        <attachments />
                      </testLog>
                    </testStepRun>
                    <testStepRun startTime="2011-09-07T18:23:04.0568202-05:00" endTime="2011-09-07T18:23:04.0588203-05:00">
                      <testStep id="b23188c4ce9249e5" name="ninja should not be pirate" fullName="SampleSpecs/describe specifications/when creating specifications/ninja should not be pirate" testId="a9f1a078fb726f1d" isPrimary="true" isTestCase="true" isDynamic="false">
                        <codeReference />
                        <codeLocation />
                        <metadata>
                          <entry key="TestKind">
                            <value>Test</value>
                          </entry>
                        </metadata>
                      </testStep>
                      <children />
                      <result assertCount="0" duration="3.81E-05">
                        <outcome status="passed" />
                      </result>
                      <testLog>
                        <streams />
                        <attachments />
                      </testLog>
                    </testStepRun>
                    <testStepRun startTime="2011-09-07T18:23:04.0608205-05:00" endTime="2011-09-07T18:23:04.0838218-05:00">
                      <testStep id="51ed0f999e7c0cf" name="some object should not be null" fullName="SampleSpecs/describe specifications/when creating specifications/some object should not be null" testId="660a2e0efa7f0192" isPrimary="true" isTestCase="true" isDynamic="false">
                        <codeReference />
                        <codeLocation />
                        <metadata>
                          <entry key="TestKind">
                            <value>Test</value>
                          </entry>
                        </metadata>
                      </testStep>
                      <children />
                      <result assertCount="0" duration="0.0018698999999999999">
                        <outcome status="failed" />
                      </result>
                      <testLog>
                        <streams>
                          <stream name="Failures">
                            <body>
                              <contents>
                                <marker class="Exception">
                                  <contents>
                                    <marker class="ExceptionType">
                                      <contents>
                                        <text><![CDATA[NUnit.Framework.AssertionException]]></text>
                                      </contents>
                                      <attributes />
                                    </marker>
                                    <text><![CDATA[: ]]></text>
                                    <marker class="ExceptionMessage">
                                      <contents>
                                        <text><![CDATA[  Expected: not null
  But was:  null
]]></text>
                                      </contents>
                                      <attributes />
                                    </marker>
                                    <text><![CDATA[
]]></text>
                                    <marker class="StackTrace">
                                      <contents>
                                        <text><![CDATA[   at NUnit.Framework.Assert.That(Object actual, IResolveConstraint expression, String message, Object[] args)
   at describe_specifications.<when_creating_specifications>b__9() in ]]></text>
                                        <marker class="CodeLocation">
                                          <contents>
                                            <text><![CDATA[C:\Development\NSpec\SampleSpecs\WebSite\describe_specifications.cs:line 17]]></text>
                                          </contents>
                                          <attributes>
                                            <attribute name="line" value="17" />
                                            <attribute name="path" value="C:\Development\NSpec\SampleSpecs\WebSite\describe_specifications.cs" />
                                          </attributes>
                                        </marker>
                                        <text><![CDATA[
   at NSpec.Domain.Example.Run(nspec nspec) in ]]></text>
                                        <marker class="CodeLocation">
                                          <contents>
                                            <text><![CDATA[C:\Development\NSpec\NSpec\Domain\Example.cs:line 42]]></text>
                                          </contents>
                                          <attributes>
                                            <attribute name="line" value="42" />
                                            <attribute name="path" value="C:\Development\NSpec\NSpec\Domain\Example.cs" />
                                          </attributes>
                                        </marker>
                                        <text><![CDATA[
   at NSpec.Domain.Context.Exercise(Example example, nspec nspec) in ]]></text>
                                        <marker class="CodeLocation">
                                          <contents>
                                            <text><![CDATA[C:\Development\NSpec\NSpec\Domain\Context.cs:line 106]]></text>
                                          </contents>
                                          <attributes>
                                            <attribute name="line" value="106" />
                                            <attribute name="path" value="C:\Development\NSpec\NSpec\Domain\Context.cs" />
                                          </attributes>
                                        </marker>
                                      </contents>
                                      <attributes />
                                    </marker>
                                  </contents>
                                  <attributes />
                                </marker>
                              </contents>
                            </body>
                          </stream>
                        </streams>
                        <attachments />
                      </testLog>
                    </testStepRun>
                    <testStepRun startTime="2011-09-07T18:23:04.0848218-05:00" endTime="2011-09-07T18:23:04.104823-05:00">
                      <testStep id="fc216a76b5275d97" name="true should be false" fullName="SampleSpecs/describe specifications/when creating specifications/true should be false" testId="1075e71a366e00c3" isPrimary="true" isTestCase="true" isDynamic="false">
                        <codeReference />
                        <codeLocation />
                        <metadata>
                          <entry key="TestKind">
                            <value>Test</value>
                          </entry>
                        </metadata>
                      </testStep>
                      <children />
                      <result assertCount="0" duration="0.0012389999999999999">
                        <outcome status="failed" />
                      </result>
                      <testLog>
                        <streams>
                          <stream name="Failures">
                            <body>
                              <contents>
                                <marker class="Exception">
                                  <contents>
                                    <marker class="ExceptionType">
                                      <contents>
                                        <text><![CDATA[NUnit.Framework.AssertionException]]></text>
                                      </contents>
                                      <attributes />
                                    </marker>
                                    <text><![CDATA[: ]]></text>
                                    <marker class="ExceptionMessage">
                                      <contents>
                                        <text><![CDATA[  Expected: False
  But was:  True
]]></text>
                                      </contents>
                                      <attributes />
                                    </marker>
                                    <text><![CDATA[
]]></text>
                                    <marker class="StackTrace">
                                      <contents>
                                        <text><![CDATA[   at NUnit.Framework.Assert.That(Object actual, IResolveConstraint expression, String message, Object[] args)
   at describe_specifications.<when_creating_specifications>b__0() in ]]></text>
                                        <marker class="CodeLocation">
                                          <contents>
                                            <text><![CDATA[C:\Development\NSpec\SampleSpecs\WebSite\describe_specifications.cs:line 8]]></text>
                                          </contents>
                                          <attributes>
                                            <attribute name="line" value="8" />
                                            <attribute name="path" value="C:\Development\NSpec\SampleSpecs\WebSite\describe_specifications.cs" />
                                          </attributes>
                                        </marker>
                                        <text><![CDATA[
   at NSpec.Domain.Example.Run(nspec nspec) in ]]></text>
                                        <marker class="CodeLocation">
                                          <contents>
                                            <text><![CDATA[C:\Development\NSpec\NSpec\Domain\Example.cs:line 42]]></text>
                                          </contents>
                                          <attributes>
                                            <attribute name="line" value="42" />
                                            <attribute name="path" value="C:\Development\NSpec\NSpec\Domain\Example.cs" />
                                          </attributes>
                                        </marker>
                                        <text><![CDATA[
   at NSpec.Domain.Context.Exercise(Example example, nspec nspec) in ]]></text>
                                        <marker class="CodeLocation">
                                          <contents>
                                            <text><![CDATA[C:\Development\NSpec\NSpec\Domain\Context.cs:line 106]]></text>
                                          </contents>
                                          <attributes>
                                            <attribute name="line" value="106" />
                                            <attribute name="path" value="C:\Development\NSpec\NSpec\Domain\Context.cs" />
                                          </attributes>
                                        </marker>
                                      </contents>
                                      <attributes />
                                    </marker>
                                  </contents>
                                  <attributes />
                                </marker>
                              </contents>
                            </body>
                          </stream>
                        </streams>
                        <attachments />
                      </testLog>
                    </testStepRun>
                  </children>
                  <result assertCount="0" duration="0.2657679">
                    <outcome status="failed" />
                  </result>
                  <testLog>
                    <streams />
                    <attachments />
                  </testLog>
                </testStepRun>
              </children>
              <result assertCount="0" duration="0.2657895">
                <outcome status="failed" />
              </result>
              <testLog>
                <streams />
                <attachments />
              </testLog>
            </testStepRun>
            <testStepRun startTime="2011-09-07T18:23:04.1088232-05:00" endTime="2011-09-07T18:23:04.2958339-05:00">
              <testStep id="a9c9e26580a9c1d7" name="describe TicTacToeGame" fullName="SampleSpecs/describe TicTacToeGame" testId="e8a795d3b5775a66" isPrimary="true" isTestCase="false" isDynamic="false">
                <codeReference />
                <codeLocation />
                <metadata>
                  <entry key="TestKind">
                    <value>Fixture</value>
                  </entry>
                </metadata>
              </testStep>
              <children>
                <testStepRun startTime="2011-09-07T18:23:04.1098233-05:00" endTime="2011-09-07T18:23:04.2878334-05:00">
                  <testStep id="c194556b69be61" name="describe a finished TicTacToeGame" fullName="SampleSpecs/describe TicTacToeGame/describe a finished TicTacToeGame" testId="b88d657c464059ab" isPrimary="true" isTestCase="false" isDynamic="false">
                    <codeReference />
                    <codeLocation />
                    <metadata>
                      <entry key="TestKind">
                        <value>Fixture</value>
                      </entry>
                    </metadata>
                  </testStep>
                  <children>
                    <testStepRun startTime="2011-09-07T18:23:04.1108233-05:00" endTime="2011-09-07T18:23:04.1358247-05:00">
                      <testStep id="d3210233a31e30fe" name="describe a draw" fullName="SampleSpecs/describe TicTacToeGame/describe a finished TicTacToeGame/describe a draw" testId="cf289d76706b419f" isPrimary="true" isTestCase="false" isDynamic="false">
                        <codeReference />
                        <codeLocation />
                        <metadata>
                          <entry key="TestKind">
                            <value>Fixture</value>
                          </entry>
                        </metadata>
                      </testStep>
                      <children>
                        <testStepRun startTime="2011-09-07T18:23:04.1118234-05:00" endTime="2011-09-07T18:23:04.1348247-05:00">
                          <testStep id="ea9955cc647779f4" name="all squares taken with no 3 in a row" fullName="SampleSpecs/describe TicTacToeGame/describe a finished TicTacToeGame/describe a draw/all squares taken with no 3 in a row" testId="7d36395bcbdce5f6" isPrimary="true" isTestCase="false" isDynamic="false">
                            <codeReference />
                            <codeLocation />
                            <metadata>
                              <entry key="TestKind">
                                <value>Fixture</value>
                              </entry>
                            </metadata>
                          </testStep>
                          <children>
                            <testStepRun startTime="2011-09-07T18:23:04.1138235-05:00" endTime="2011-09-07T18:23:04.1308245-05:00">
                              <testStep id="1d751ce095bf48e2" name="game Draw should be true" fullName="SampleSpecs/describe TicTacToeGame/describe a finished TicTacToeGame/describe a draw/all squares taken with no 3 in a row/game Draw should be true" testId="fe422ed0b750247c" isPrimary="true" isTestCase="true" isDynamic="false">
                                <codeReference />
                                <codeLocation />
                                <metadata>
                                  <entry key="TestKind">
                                    <value>Test</value>
                                  </entry>
                                </metadata>
                              </testStep>
                              <children />
                              <result assertCount="0" duration="0.0252932">
                                <outcome status="failed" />
                              </result>
                              <testLog>
                                <streams>
                                  <stream name="Failures">
                                    <body>
                                      <contents>
                                        <marker class="Exception">
                                          <contents>
                                            <marker class="ExceptionType">
                                              <contents>
                                                <text><![CDATA[NUnit.Framework.AssertionException]]></text>
                                              </contents>
                                              <attributes />
                                            </marker>
                                            <text><![CDATA[: ]]></text>
                                            <marker class="ExceptionMessage">
                                              <contents>
                                                <text><![CDATA[  Expected: True
  But was:  False
]]></text>
                                              </contents>
                                              <attributes />
                                            </marker>
                                            <text><![CDATA[
]]></text>
                                            <marker class="StackTrace">
                                              <contents>
                                                <text><![CDATA[   at NUnit.Framework.Assert.That(Object actual, IResolveConstraint expression, String message, Object[] args)
   at lambda_method(Closure )
   at NSpec.Domain.Example.Run(nspec nspec) in ]]></text>
                                                <marker class="CodeLocation">
                                                  <contents>
                                                    <text><![CDATA[C:\Development\NSpec\NSpec\Domain\Example.cs:line 42]]></text>
                                                  </contents>
                                                  <attributes>
                                                    <attribute name="line" value="42" />
                                                    <attribute name="path" value="C:\Development\NSpec\NSpec\Domain\Example.cs" />
                                                  </attributes>
                                                </marker>
                                                <text><![CDATA[
   at NSpec.Domain.Context.Exercise(Example example, nspec nspec) in ]]></text>
                                                <marker class="CodeLocation">
                                                  <contents>
                                                    <text><![CDATA[C:\Development\NSpec\NSpec\Domain\Context.cs:line 106]]></text>
                                                  </contents>
                                                  <attributes>
                                                    <attribute name="line" value="106" />
                                                    <attribute name="path" value="C:\Development\NSpec\NSpec\Domain\Context.cs" />
                                                  </attributes>
                                                </marker>
                                              </contents>
                                              <attributes />
                                            </marker>
                                          </contents>
                                          <attributes />
                                        </marker>
                                      </contents>
                                    </body>
                                  </stream>
                                </streams>
                                <attachments />
                              </testLog>
                            </testStepRun>
                            <testStepRun startTime="2011-09-07T18:23:04.1318245-05:00" endTime="2011-09-07T18:23:04.1338246-05:00">
                              <testStep id="f91803b8569724f6" name="game Finished should be true" fullName="SampleSpecs/describe TicTacToeGame/describe a finished TicTacToeGame/describe a draw/all squares taken with no 3 in a row/game Finished should be true" testId="d934049c12a5b3" isPrimary="true" isTestCase="true" isDynamic="false">
                                <codeReference />
                                <codeLocation />
                                <metadata>
                                  <entry key="TestKind">
                                    <value>Test</value>
                                  </entry>
                                </metadata>
                              </testStep>
                              <children />
                              <result assertCount="0" duration="0.00024129999999999998">
                                <outcome status="passed" />
                              </result>
                              <testLog>
                                <streams />
                                <attachments />
                              </testLog>
                            </testStepRun>
                          </children>
                          <result assertCount="0" duration="0.0255746">
                            <outcome status="failed" />
                          </result>
                          <testLog>
                            <streams />
                            <attachments />
                          </testLog>
                        </testStepRun>
                      </children>
                      <result assertCount="0" duration="0.025595">
                        <outcome status="failed" />
                      </result>
                      <testLog>
                        <streams />
                        <attachments />
                      </testLog>
                    </testStepRun>
                    <testStepRun startTime="2011-09-07T18:23:04.1368248-05:00" endTime="2011-09-07T18:23:04.2868334-05:00">
                      <testStep id="9f025940ff4673f0" name="describe a winning game" fullName="SampleSpecs/describe TicTacToeGame/describe a finished TicTacToeGame/describe a winning game" testId="984e272fb83c0394" isPrimary="true" isTestCase="false" isDynamic="false">
                        <codeReference />
                        <codeLocation />
                        <metadata>
                          <entry key="TestKind">
                            <value>Fixture</value>
                          </entry>
                        </metadata>
                      </testStep>
                      <children>
                        <testStepRun startTime="2011-09-07T18:23:04.1378249-05:00" endTime="2011-09-07T18:23:04.1468254-05:00">
                          <testStep id="495b03e90b993712" name="3 o's in column 0" fullName="SampleSpecs/describe TicTacToeGame/describe a finished TicTacToeGame/describe a winning game/3 o's in column 0" testId="baa75897008aaf35" isPrimary="true" isTestCase="false" isDynamic="false">
                            <codeReference />
                            <codeLocation />
                            <metadata>
                              <entry key="TestKind">
                                <value>Fixture</value>
                              </entry>
                            </metadata>
                          </testStep>
                          <children>
                            <testStepRun startTime="2011-09-07T18:23:04.139825-05:00" endTime="2011-09-07T18:23:04.1418251-05:00">
                              <testStep id="7ce721b592080569" name="game Finished should be true" fullName="SampleSpecs/describe TicTacToeGame/describe a finished TicTacToeGame/describe a winning game/3 o's in column 0/game Finished should be true" testId="9ab4a2ba4bd72f55" isPrimary="true" isTestCase="true" isDynamic="false">
                                <codeReference />
                                <codeLocation />
                                <metadata>
                                  <entry key="TestKind">
                                    <value>Test</value>
                                  </entry>
                                </metadata>
                              </testStep>
                              <children />
                              <result assertCount="0" duration="0.0011286">
                                <outcome status="passed" />
                              </result>
                              <testLog>
                                <streams />
                                <attachments />
                              </testLog>
                            </testStepRun>
                            <testStepRun startTime="2011-09-07T18:23:04.1438252-05:00" endTime="2011-09-07T18:23:04.1458253-05:00">
                              <testStep id="f88ea3013243c2ce" name="winner should be o" fullName="SampleSpecs/describe TicTacToeGame/describe a finished TicTacToeGame/describe a winning game/3 o's in column 0/winner should be o" testId="52f3b54cd5368bb" isPrimary="true" isTestCase="true" isDynamic="false">
                                <codeReference />
                                <codeLocation />
                                <metadata>
                                  <entry key="TestKind">
                                    <value>Test</value>
                                  </entry>
                                </metadata>
                              </testStep>
                              <children />
                              <result assertCount="0" duration="0.00040679999999999997">
                                <outcome status="passed" />
                              </result>
                              <testLog>
                                <streams />
                                <attachments />
                              </testLog>
                            </testStepRun>
                          </children>
                          <result assertCount="0" duration="0.0015689">
                            <outcome status="passed" />
                          </result>
                          <testLog>
                            <streams />
                            <attachments />
                          </testLog>
                        </testStepRun>
                        <testStepRun startTime="2011-09-07T18:23:04.1478254-05:00" endTime="2011-09-07T18:23:04.1558259-05:00">
                          <testStep id="f384d3e4a00f0809" name="3 o's in column 1" fullName="SampleSpecs/describe TicTacToeGame/describe a finished TicTacToeGame/describe a winning game/3 o's in column 1" testId="5c7f393fee5a75d1" isPrimary="true" isTestCase="false" isDynamic="false">
                            <codeReference />
                            <codeLocation />
                            <metadata>
                              <entry key="TestKind">
                                <value>Fixture</value>
                              </entry>
                            </metadata>
                          </testStep>
                          <children>
                            <testStepRun startTime="2011-09-07T18:23:04.1498255-05:00" endTime="2011-09-07T18:23:04.1518257-05:00">
                              <testStep id="47c7c388d2ddf063" name="game Finished should be true" fullName="SampleSpecs/describe TicTacToeGame/describe a finished TicTacToeGame/describe a winning game/3 o's in column 1/game Finished should be true" testId="583c20b768e53a29" isPrimary="true" isTestCase="true" isDynamic="false">
                                <codeReference />
                                <codeLocation />
                                <metadata>
                                  <entry key="TestKind">
                                    <value>Test</value>
                                  </entry>
                                </metadata>
                              </testStep>
                              <children />
                              <result assertCount="0" duration="4.5799999999999995E-05">
                                <outcome status="passed" />
                              </result>
                              <testLog>
                                <streams />
                                <attachments />
                              </testLog>
                            </testStepRun>
                            <testStepRun startTime="2011-09-07T18:23:04.1528257-05:00" endTime="2011-09-07T18:23:04.1538258-05:00">
                              <testStep id="ddc97c671b511d1b" name="winner should be o" fullName="SampleSpecs/describe TicTacToeGame/describe a finished TicTacToeGame/describe a winning game/3 o's in column 1/winner should be o" testId="9e992d3a85883543" isPrimary="true" isTestCase="true" isDynamic="false">
                                <codeReference />
                                <codeLocation />
                                <metadata>
                                  <entry key="TestKind">
                                    <value>Test</value>
                                  </entry>
                                </metadata>
                              </testStep>
                              <children />
                              <result assertCount="0" duration="4.85E-05">
                                <outcome status="passed" />
                              </result>
                              <testLog>
                                <streams />
                                <attachments />
                              </testLog>
                            </testStepRun>
                          </children>
                          <result assertCount="0" duration="0.0001274">
                            <outcome status="passed" />
                          </result>
                          <testLog>
                            <streams />
                            <attachments />
                          </testLog>
                        </testStepRun>
                        <testStepRun startTime="2011-09-07T18:23:04.1568259-05:00" endTime="2011-09-07T18:23:04.1638263-05:00">
                          <testStep id="cf8fcb6a93edc2b5" name="3 o's in column 2" fullName="SampleSpecs/describe TicTacToeGame/describe a finished TicTacToeGame/describe a winning game/3 o's in column 2" testId="e9dbb3da38734da8" isPrimary="true" isTestCase="false" isDynamic="false">
                            <codeReference />
                            <codeLocation />
                            <metadata>
                              <entry key="TestKind">
                                <value>Fixture</value>
                              </entry>
                            </metadata>
                          </testStep>
                          <children>
                            <testStepRun startTime="2011-09-07T18:23:04.157826-05:00" endTime="2011-09-07T18:23:04.1598261-05:00">
                              <testStep id="95ba6499e0a65ba" name="game Finished should be true" fullName="SampleSpecs/describe TicTacToeGame/describe a finished TicTacToeGame/describe a winning game/3 o's in column 2/game Finished should be true" testId="9e63483c9c8ec066" isPrimary="true" isTestCase="true" isDynamic="false">
                                <codeReference />
                                <codeLocation />
                                <metadata>
                                  <entry key="TestKind">
                                    <value>Test</value>
                                  </entry>
                                </metadata>
                              </testStep>
                              <children />
                              <result assertCount="0" duration="4.38E-05">
                                <outcome status="passed" />
                              </result>
                              <testLog>
                                <streams />
                                <attachments />
                              </testLog>
                            </testStepRun>
                            <testStepRun startTime="2011-09-07T18:23:04.1608262-05:00" endTime="2011-09-07T18:23:04.1628263-05:00">
                              <testStep id="4f924e313f9a9b7f" name="winner should be o" fullName="SampleSpecs/describe TicTacToeGame/describe a finished TicTacToeGame/describe a winning game/3 o's in column 2/winner should be o" testId="1dfe5f6110587b83" isPrimary="true" isTestCase="true" isDynamic="false">
                                <codeReference />
                                <codeLocation />
                                <metadata>
                                  <entry key="TestKind">
                                    <value>Test</value>
                                  </entry>
                                </metadata>
                              </testStep>
                              <children />
                              <result assertCount="0" duration="4.42E-05">
                                <outcome status="passed" />
                              </result>
                              <testLog>
                                <streams />
                                <attachments />
                              </testLog>
                            </testStepRun>
                          </children>
                          <result assertCount="0" duration="0.0001193">
                            <outcome status="passed" />
                          </result>
                          <testLog>
                            <streams />
                            <attachments />
                          </testLog>
                        </testStepRun>
                        <testStepRun startTime="2011-09-07T18:23:04.1648264-05:00" endTime="2011-09-07T18:23:04.1718268-05:00">
                          <testStep id="5dad4c0e3f04ee12" name="3 o's in row 0" fullName="SampleSpecs/describe TicTacToeGame/describe a finished TicTacToeGame/describe a winning game/3 o's in row 0" testId="f1dda2880f6b60e4" isPrimary="true" isTestCase="false" isDynamic="false">
                            <codeReference />
                            <codeLocation />
                            <metadata>
                              <entry key="TestKind">
                                <value>Fixture</value>
                              </entry>
                            </metadata>
                          </testStep>
                          <children>
                            <testStepRun startTime="2011-09-07T18:23:04.1658265-05:00" endTime="2011-09-07T18:23:04.1678266-05:00">
                              <testStep id="c2b09d4d6a7e1f07" name="game Finished should be true" fullName="SampleSpecs/describe TicTacToeGame/describe a finished TicTacToeGame/describe a winning game/3 o's in row 0/game Finished should be true" testId="7106034b8f1d27e1" isPrimary="true" isTestCase="true" isDynamic="false">
                                <codeReference />
                                <codeLocation />
                                <metadata>
                                  <entry key="TestKind">
                                    <value>Test</value>
                                  </entry>
                                </metadata>
                              </testStep>
                              <children />
                              <result assertCount="0" duration="0.0010858">
                                <outcome status="passed" />
                              </result>
                              <testLog>
                                <streams />
                                <attachments />
                              </testLog>
                            </testStepRun>
                            <testStepRun startTime="2011-09-07T18:23:04.1688266-05:00" endTime="2011-09-07T18:23:04.1708267-05:00">
                              <testStep id="e7819d734d0bd327" name="winner should be o" fullName="SampleSpecs/describe TicTacToeGame/describe a finished TicTacToeGame/describe a winning game/3 o's in row 0/winner should be o" testId="765e0c5befca386c" isPrimary="true" isTestCase="true" isDynamic="false">
                                <codeReference />
                                <codeLocation />
                                <metadata>
                                  <entry key="TestKind">
                                    <value>Test</value>
                                  </entry>
                                </metadata>
                              </testStep>
                              <children />
                              <result assertCount="0" duration="0.00047609999999999997">
                                <outcome status="passed" />
                              </result>
                              <testLog>
                                <streams />
                                <attachments />
                              </testLog>
                            </testStepRun>
                          </children>
                          <result assertCount="0" duration="0.0016001">
                            <outcome status="passed" />
                          </result>
                          <testLog>
                            <streams />
                            <attachments />
                          </testLog>
                        </testStepRun>
                        <testStepRun startTime="2011-09-07T18:23:04.1728269-05:00" endTime="2011-09-07T18:23:04.1818274-05:00">
                          <testStep id="9fd4a4688cccd96f" name="3 o's in row 1" fullName="SampleSpecs/describe TicTacToeGame/describe a finished TicTacToeGame/describe a winning game/3 o's in row 1" testId="c944246e40e80210" isPrimary="true" isTestCase="false" isDynamic="false">
                            <codeReference />
                            <codeLocation />
                            <metadata>
                              <entry key="TestKind">
                                <value>Fixture</value>
                              </entry>
                            </metadata>
                          </testStep>
                          <children>
                            <testStepRun startTime="2011-09-07T18:23:04.174827-05:00" endTime="2011-09-07T18:23:04.1768271-05:00">
                              <testStep id="b380f0458f3ee58d" name="game Finished should be true" fullName="SampleSpecs/describe TicTacToeGame/describe a finished TicTacToeGame/describe a winning game/3 o's in row 1/game Finished should be true" testId="e3c9eeaf48857e43" isPrimary="true" isTestCase="true" isDynamic="false">
                                <codeReference />
                                <codeLocation />
                                <metadata>
                                  <entry key="TestKind">
                                    <value>Test</value>
                                  </entry>
                                </metadata>
                              </testStep>
                              <children />
                              <result assertCount="0" duration="6.69E-05">
                                <outcome status="passed" />
                              </result>
                              <testLog>
                                <streams />
                                <attachments />
                              </testLog>
                            </testStepRun>
                            <testStepRun startTime="2011-09-07T18:23:04.1788272-05:00" endTime="2011-09-07T18:23:04.1808273-05:00">
                              <testStep id="c29c63a8403f2fb5" name="winner should be o" fullName="SampleSpecs/describe TicTacToeGame/describe a finished TicTacToeGame/describe a winning game/3 o's in row 1/winner should be o" testId="56bde77bee67d7c" isPrimary="true" isTestCase="true" isDynamic="false">
                                <codeReference />
                                <codeLocation />
                                <metadata>
                                  <entry key="TestKind">
                                    <value>Test</value>
                                  </entry>
                                </metadata>
                              </testStep>
                              <children />
                              <result assertCount="0" duration="4.77E-05">
                                <outcome status="passed" />
                              </result>
                              <testLog>
                                <streams />
                                <attachments />
                              </testLog>
                            </testStepRun>
                          </children>
                          <result assertCount="0" duration="0.0001493">
                            <outcome status="passed" />
                          </result>
                          <testLog>
                            <streams />
                            <attachments />
                          </testLog>
                        </testStepRun>
                        <testStepRun startTime="2011-09-07T18:23:04.1828274-05:00" endTime="2011-09-07T18:23:04.192828-05:00">
                          <testStep id="ceb690a39932d250" name="3 o's in row 2" fullName="SampleSpecs/describe TicTacToeGame/describe a finished TicTacToeGame/describe a winning game/3 o's in row 2" testId="ed2a2f344e6651d4" isPrimary="true" isTestCase="false" isDynamic="false">
                            <codeReference />
                            <codeLocation />
                            <metadata>
                              <entry key="TestKind">
                                <value>Fixture</value>
                              </entry>
                            </metadata>
                          </testStep>
                          <children>
                            <testStepRun startTime="2011-09-07T18:23:04.1868277-05:00" endTime="2011-09-07T18:23:04.1888278-05:00">
                              <testStep id="56337d3fa7b581" name="game Finished should be true" fullName="SampleSpecs/describe TicTacToeGame/describe a finished TicTacToeGame/describe a winning game/3 o's in row 2/game Finished should be true" testId="e607d902a000d2ef" isPrimary="true" isTestCase="true" isDynamic="false">
                                <codeReference />
                                <codeLocation />
                                <metadata>
                                  <entry key="TestKind">
                                    <value>Test</value>
                                  </entry>
                                </metadata>
                              </testStep>
                              <children />
                              <result assertCount="0" duration="4.23E-05">
                                <outcome status="passed" />
                              </result>
                              <testLog>
                                <streams />
                                <attachments />
                              </testLog>
                            </testStepRun>
                            <testStepRun startTime="2011-09-07T18:23:04.1898278-05:00" endTime="2011-09-07T18:23:04.1918279-05:00">
                              <testStep id="e934167c0866d23e" name="winner should be o" fullName="SampleSpecs/describe TicTacToeGame/describe a finished TicTacToeGame/describe a winning game/3 o's in row 2/winner should be o" testId="68d9175e0fd108f2" isPrimary="true" isTestCase="true" isDynamic="false">
                                <codeReference />
                                <codeLocation />
                                <metadata>
                                  <entry key="TestKind">
                                    <value>Test</value>
                                  </entry>
                                </metadata>
                              </testStep>
                              <children />
                              <result assertCount="0" duration="4.0799999999999996E-05">
                                <outcome status="passed" />
                              </result>
                              <testLog>
                                <streams />
                                <attachments />
                              </testLog>
                            </testStepRun>
                          </children>
                          <result assertCount="0" duration="0.0001143">
                            <outcome status="passed" />
                          </result>
                          <testLog>
                            <streams />
                            <attachments />
                          </testLog>
                        </testStepRun>
                        <testStepRun startTime="2011-09-07T18:23:04.1938281-05:00" endTime="2011-09-07T18:23:04.2018285-05:00">
                          <testStep id="292e5e8a3a38ffed" name="3 o's left to right" fullName="SampleSpecs/describe TicTacToeGame/describe a finished TicTacToeGame/describe a winning game/3 o's left to right" testId="32a2194cf2ec9b04" isPrimary="true" isTestCase="false" isDynamic="false">
                            <codeReference />
                            <codeLocation />
                            <metadata>
                              <entry key="TestKind">
                                <value>Fixture</value>
                              </entry>
                            </metadata>
                          </testStep>
                          <children>
                            <testStepRun startTime="2011-09-07T18:23:04.1958282-05:00" endTime="2011-09-07T18:23:04.1978283-05:00">
                              <testStep id="2584f8a6de6fd27a" name="game Finished should be true" fullName="SampleSpecs/describe TicTacToeGame/describe a finished TicTacToeGame/describe a winning game/3 o's left to right/game Finished should be true" testId="79b15ca6f8e843d9" isPrimary="true" isTestCase="true" isDynamic="false">
                                <codeReference />
                                <codeLocation />
                                <metadata>
                                  <entry key="TestKind">
                                    <value>Test</value>
                                  </entry>
                                </metadata>
                              </testStep>
                              <children />
                              <result assertCount="0" duration="0.0009946">
                                <outcome status="passed" />
                              </result>
                              <testLog>
                                <streams />
                                <attachments />
                              </testLog>
                            </testStepRun>
                            <testStepRun startTime="2011-09-07T18:23:04.1988283-05:00" endTime="2011-09-07T18:23:04.2008285-05:00">
                              <testStep id="83e206d68a18cbfa" name="winner should be o" fullName="SampleSpecs/describe TicTacToeGame/describe a finished TicTacToeGame/describe a winning game/3 o's left to right/winner should be o" testId="588d4f718c0abf29" isPrimary="true" isTestCase="true" isDynamic="false">
                                <codeReference />
                                <codeLocation />
                                <metadata>
                                  <entry key="TestKind">
                                    <value>Test</value>
                                  </entry>
                                </metadata>
                              </testStep>
                              <children />
                              <result assertCount="0" duration="0.00047569999999999996">
                                <outcome status="passed" />
                              </result>
                              <testLog>
                                <streams />
                                <attachments />
                              </testLog>
                            </testStepRun>
                          </children>
                          <result assertCount="0" duration="0.0015092999999999999">
                            <outcome status="passed" />
                          </result>
                          <testLog>
                            <streams />
                            <attachments />
                          </testLog>
                        </testStepRun>
                        <testStepRun startTime="2011-09-07T18:23:04.2028286-05:00" endTime="2011-09-07T18:23:04.2118291-05:00">
                          <testStep id="588d4b1c870f51aa" name="3 o's right to left" fullName="SampleSpecs/describe TicTacToeGame/describe a finished TicTacToeGame/describe a winning game/3 o's right to left" testId="90157279df2304d0" isPrimary="true" isTestCase="false" isDynamic="false">
                            <codeReference />
                            <codeLocation />
                            <metadata>
                              <entry key="TestKind">
                                <value>Fixture</value>
                              </entry>
                            </metadata>
                          </testStep>
                          <children>
                            <testStepRun startTime="2011-09-07T18:23:04.2038286-05:00" endTime="2011-09-07T18:23:04.2068288-05:00">
                              <testStep id="ad3bfa1f6c8c8d9a" name="game Finished should be true" fullName="SampleSpecs/describe TicTacToeGame/describe a finished TicTacToeGame/describe a winning game/3 o's right to left/game Finished should be true" testId="e9ec6e3519540034" isPrimary="true" isTestCase="true" isDynamic="false">
                                <codeReference />
                                <codeLocation />
                                <metadata>
                                  <entry key="TestKind">
                                    <value>Test</value>
                                  </entry>
                                </metadata>
                              </testStep>
                              <children />
                              <result assertCount="0" duration="0.0014604">
                                <outcome status="passed" />
                              </result>
                              <testLog>
                                <streams />
                                <attachments />
                              </testLog>
                            </testStepRun>
                            <testStepRun startTime="2011-09-07T18:23:04.2078289-05:00" endTime="2011-09-07T18:23:04.209829-05:00">
                              <testStep id="81a33899066484a3" name="winner should be o" fullName="SampleSpecs/describe TicTacToeGame/describe a finished TicTacToeGame/describe a winning game/3 o's right to left/winner should be o" testId="34d0ee2bdcc3b477" isPrimary="true" isTestCase="true" isDynamic="false">
                                <codeReference />
                                <codeLocation />
                                <metadata>
                                  <entry key="TestKind">
                                    <value>Test</value>
                                  </entry>
                                </metadata>
                              </testStep>
                              <children />
                              <result assertCount="0" duration="0.0004723">
                                <outcome status="passed" />
                              </result>
                              <testLog>
                                <streams />
                                <attachments />
                              </testLog>
                            </testStepRun>
                          </children>
                          <result assertCount="0" duration="0.0019727">
                            <outcome status="passed" />
                          </result>
                          <testLog>
                            <streams />
                            <attachments />
                          </testLog>
                        </testStepRun>
                        <testStepRun startTime="2011-09-07T18:23:04.2128291-05:00" endTime="2011-09-07T18:23:04.2208296-05:00">
                          <testStep id="7d83c2a6749a084b" name="3 x's in column 0" fullName="SampleSpecs/describe TicTacToeGame/describe a finished TicTacToeGame/describe a winning game/3 x's in column 0" testId="dee322dd09353e07" isPrimary="true" isTestCase="false" isDynamic="false">
                            <codeReference />
                            <codeLocation />
                            <metadata>
                              <entry key="TestKind">
                                <value>Fixture</value>
                              </entry>
                            </metadata>
                          </testStep>
                          <children>
                            <testStepRun startTime="2011-09-07T18:23:04.2138292-05:00" endTime="2011-09-07T18:23:04.2158293-05:00">
                              <testStep id="212867fededf859" name="game Finished should be true" fullName="SampleSpecs/describe TicTacToeGame/describe a finished TicTacToeGame/describe a winning game/3 x's in column 0/game Finished should be true" testId="9497f6c8239995e" isPrimary="true" isTestCase="true" isDynamic="false">
                                <codeReference />
                                <codeLocation />
                                <metadata>
                                  <entry key="TestKind">
                                    <value>Test</value>
                                  </entry>
                                </metadata>
                              </testStep>
                              <children />
                              <result assertCount="0" duration="4.9999999999999996E-05">
                                <outcome status="passed" />
                              </result>
                              <testLog>
                                <streams />
                                <attachments />
                              </testLog>
                            </testStepRun>
                            <testStepRun startTime="2011-09-07T18:23:04.2168294-05:00" endTime="2011-09-07T18:23:04.2188295-05:00">
                              <testStep id="2719a4adadcabfc5" name="winner should be x" fullName="SampleSpecs/describe TicTacToeGame/describe a finished TicTacToeGame/describe a winning game/3 x's in column 0/winner should be x" testId="67a668d0c430c0e3" isPrimary="true" isTestCase="true" isDynamic="false">
                                <codeReference />
                                <codeLocation />
                                <metadata>
                                  <entry key="TestKind">
                                    <value>Test</value>
                                  </entry>
                                </metadata>
                              </testStep>
                              <children />
                              <result assertCount="0" duration="4.65E-05">
                                <outcome status="passed" />
                              </result>
                              <testLog>
                                <streams />
                                <attachments />
                              </testLog>
                            </testStepRun>
                          </children>
                          <result assertCount="0" duration="0.0001289">
                            <outcome status="passed" />
                          </result>
                          <testLog>
                            <streams />
                            <attachments />
                          </testLog>
                        </testStepRun>
                        <testStepRun startTime="2011-09-07T18:23:04.2218297-05:00" endTime="2011-09-07T18:23:04.2308302-05:00">
                          <testStep id="dac86e51a22961be" name="3 x's in column 1" fullName="SampleSpecs/describe TicTacToeGame/describe a finished TicTacToeGame/describe a winning game/3 x's in column 1" testId="d68536e9e32588e5" isPrimary="true" isTestCase="false" isDynamic="false">
                            <codeReference />
                            <codeLocation />
                            <metadata>
                              <entry key="TestKind">
                                <value>Fixture</value>
                              </entry>
                            </metadata>
                          </testStep>
                          <children>
                            <testStepRun startTime="2011-09-07T18:23:04.2238298-05:00" endTime="2011-09-07T18:23:04.2258299-05:00">
                              <testStep id="7958a5d004d5b988" name="game Finished should be true" fullName="SampleSpecs/describe TicTacToeGame/describe a finished TicTacToeGame/describe a winning game/3 x's in column 1/game Finished should be true" testId="f3db97451814f3fb" isPrimary="true" isTestCase="true" isDynamic="false">
                                <codeReference />
                                <codeLocation />
                                <metadata>
                                  <entry key="TestKind">
                                    <value>Test</value>
                                  </entry>
                                </metadata>
                              </testStep>
                              <children />
                              <result assertCount="0" duration="3.96E-05">
                                <outcome status="passed" />
                              </result>
                              <testLog>
                                <streams />
                                <attachments />
                              </testLog>
                            </testStepRun>
                            <testStepRun startTime="2011-09-07T18:23:04.2268299-05:00" endTime="2011-09-07T18:23:04.2298301-05:00">
                              <testStep id="96d6a9ec6e56f830" name="winner should be x" fullName="SampleSpecs/describe TicTacToeGame/describe a finished TicTacToeGame/describe a winning game/3 x's in column 1/winner should be x" testId="a8ac60916005e3ae" isPrimary="true" isTestCase="true" isDynamic="false">
                                <codeReference />
                                <codeLocation />
                                <metadata>
                                  <entry key="TestKind">
                                    <value>Test</value>
                                  </entry>
                                </metadata>
                              </testStep>
                              <children />
                              <result assertCount="0" duration="3.65E-05">
                                <outcome status="passed" />
                              </result>
                              <testLog>
                                <streams />
                                <attachments />
                              </testLog>
                            </testStepRun>
                          </children>
                          <result assertCount="0" duration="0.0001058">
                            <outcome status="passed" />
                          </result>
                          <testLog>
                            <streams />
                            <attachments />
                          </testLog>
                        </testStepRun>
                        <testStepRun startTime="2011-09-07T18:23:04.2318302-05:00" endTime="2011-09-07T18:23:04.2398307-05:00">
                          <testStep id="fb052a6323d62683" name="3 x's in column 2" fullName="SampleSpecs/describe TicTacToeGame/describe a finished TicTacToeGame/describe a winning game/3 x's in column 2" testId="5d46ad217b351ae8" isPrimary="true" isTestCase="false" isDynamic="false">
                            <codeReference />
                            <codeLocation />
                            <metadata>
                              <entry key="TestKind">
                                <value>Fixture</value>
                              </entry>
                            </metadata>
                          </testStep>
                          <children>
                            <testStepRun startTime="2011-09-07T18:23:04.2338304-05:00" endTime="2011-09-07T18:23:04.2348304-05:00">
                              <testStep id="a526b41be1c574d4" name="game Finished should be true" fullName="SampleSpecs/describe TicTacToeGame/describe a finished TicTacToeGame/describe a winning game/3 x's in column 2/game Finished should be true" testId="2f0b26370dc59f13" isPrimary="true" isTestCase="true" isDynamic="false">
                                <codeReference />
                                <codeLocation />
                                <metadata>
                                  <entry key="TestKind">
                                    <value>Test</value>
                                  </entry>
                                </metadata>
                              </testStep>
                              <children />
                              <result assertCount="0" duration="3.65E-05">
                                <outcome status="passed" />
                              </result>
                              <testLog>
                                <streams />
                                <attachments />
                              </testLog>
                            </testStepRun>
                            <testStepRun startTime="2011-09-07T18:23:04.2368305-05:00" endTime="2011-09-07T18:23:04.2388306-05:00">
                              <testStep id="91ef2e3293fdce76" name="winner should be x" fullName="SampleSpecs/describe TicTacToeGame/describe a finished TicTacToeGame/describe a winning game/3 x's in column 2/winner should be x" testId="ceb522c803cd7962" isPrimary="true" isTestCase="true" isDynamic="false">
                                <codeReference />
                                <codeLocation />
                                <metadata>
                                  <entry key="TestKind">
                                    <value>Test</value>
                                  </entry>
                                </metadata>
                              </testStep>
                              <children />
                              <result assertCount="0" duration="3.92E-05">
                                <outcome status="passed" />
                              </result>
                              <testLog>
                                <streams />
                                <attachments />
                              </testLog>
                            </testStepRun>
                          </children>
                          <result assertCount="0" duration="0.00010659999999999999">
                            <outcome status="passed" />
                          </result>
                          <testLog>
                            <streams />
                            <attachments />
                          </testLog>
                        </testStepRun>
                        <testStepRun startTime="2011-09-07T18:23:04.2408308-05:00" endTime="2011-09-07T18:23:04.2488312-05:00">
                          <testStep id="7ec05b9dd41e3d0e" name="3 x's in row 0" fullName="SampleSpecs/describe TicTacToeGame/describe a finished TicTacToeGame/describe a winning game/3 x's in row 0" testId="e770cd56eb869cc0" isPrimary="true" isTestCase="false" isDynamic="false">
                            <codeReference />
                            <codeLocation />
                            <metadata>
                              <entry key="TestKind">
                                <value>Fixture</value>
                              </entry>
                            </metadata>
                          </testStep>
                          <children>
                            <testStepRun startTime="2011-09-07T18:23:04.2418308-05:00" endTime="2011-09-07T18:23:04.2438309-05:00">
                              <testStep id="4e5892834a1c004c" name="game Finished should be true" fullName="SampleSpecs/describe TicTacToeGame/describe a finished TicTacToeGame/describe a winning game/3 x's in row 0/game Finished should be true" testId="765b28f5ab7acc" isPrimary="true" isTestCase="true" isDynamic="false">
                                <codeReference />
                                <codeLocation />
                                <metadata>
                                  <entry key="TestKind">
                                    <value>Test</value>
                                  </entry>
                                </metadata>
                              </testStep>
                              <children />
                              <result assertCount="0" duration="4.31E-05">
                                <outcome status="passed" />
                              </result>
                              <testLog>
                                <streams />
                                <attachments />
                              </testLog>
                            </testStepRun>
                            <testStepRun startTime="2011-09-07T18:23:04.244831-05:00" endTime="2011-09-07T18:23:04.2468311-05:00">
                              <testStep id="ac6e41c74102a83c" name="winner should be x" fullName="SampleSpecs/describe TicTacToeGame/describe a finished TicTacToeGame/describe a winning game/3 x's in row 0/winner should be x" testId="f5adfe809d3118ce" isPrimary="true" isTestCase="true" isDynamic="false">
                                <codeReference />
                                <codeLocation />
                                <metadata>
                                  <entry key="TestKind">
                                    <value>Test</value>
                                  </entry>
                                </metadata>
                              </testStep>
                              <children />
                              <result assertCount="0" duration="4.15E-05">
                                <outcome status="passed" />
                              </result>
                              <testLog>
                                <streams />
                                <attachments />
                              </testLog>
                            </testStepRun>
                          </children>
                          <result assertCount="0" duration="0.0001177">
                            <outcome status="passed" />
                          </result>
                          <testLog>
                            <streams />
                            <attachments />
                          </testLog>
                        </testStepRun>
                        <testStepRun startTime="2011-09-07T18:23:04.2498313-05:00" endTime="2011-09-07T18:23:04.2588318-05:00">
                          <testStep id="c868ae481b765f45" name="3 x's in row 1" fullName="SampleSpecs/describe TicTacToeGame/describe a finished TicTacToeGame/describe a winning game/3 x's in row 1" testId="994b84fdc81396d4" isPrimary="true" isTestCase="false" isDynamic="false">
                            <codeReference />
                            <codeLocation />
                            <metadata>
                              <entry key="TestKind">
                                <value>Fixture</value>
                              </entry>
                            </metadata>
                          </testStep>
                          <children>
                            <testStepRun startTime="2011-09-07T18:23:04.2508313-05:00" endTime="2011-09-07T18:23:04.2528314-05:00">
                              <testStep id="4c5596fbe5c4ec89" name="game Finished should be true" fullName="SampleSpecs/describe TicTacToeGame/describe a finished TicTacToeGame/describe a winning game/3 x's in row 1/game Finished should be true" testId="8523003c0d4a217d" isPrimary="true" isTestCase="true" isDynamic="false">
                                <codeReference />
                                <codeLocation />
                                <metadata>
                                  <entry key="TestKind">
                                    <value>Test</value>
                                  </entry>
                                </metadata>
                              </testStep>
                              <children />
                              <result assertCount="0" duration="3.9999999999999996E-05">
                                <outcome status="passed" />
                              </result>
                              <testLog>
                                <streams />
                                <attachments />
                              </testLog>
                            </testStepRun>
                            <testStepRun startTime="2011-09-07T18:23:04.2538315-05:00" endTime="2011-09-07T18:23:04.2578317-05:00">
                              <testStep id="bf213ec37265fd78" name="winner should be x" fullName="SampleSpecs/describe TicTacToeGame/describe a finished TicTacToeGame/describe a winning game/3 x's in row 1/winner should be x" testId="b7b6b720df8865bf" isPrimary="true" isTestCase="true" isDynamic="false">
                                <codeReference />
                                <codeLocation />
                                <metadata>
                                  <entry key="TestKind">
                                    <value>Test</value>
                                  </entry>
                                </metadata>
                              </testStep>
                              <children />
                              <result assertCount="0" duration="4.0799999999999996E-05">
                                <outcome status="passed" />
                              </result>
                              <testLog>
                                <streams />
                                <attachments />
                              </testLog>
                            </testStepRun>
                          </children>
                          <result assertCount="0" duration="0.0001135">
                            <outcome status="passed" />
                          </result>
                          <testLog>
                            <streams />
                            <attachments />
                          </testLog>
                        </testStepRun>
                        <testStepRun startTime="2011-09-07T18:23:04.2598318-05:00" endTime="2011-09-07T18:23:04.2678323-05:00">
                          <testStep id="ac00a1987e299891" name="3 x's in row 2" fullName="SampleSpecs/describe TicTacToeGame/describe a finished TicTacToeGame/describe a winning game/3 x's in row 2" testId="7751773a35b9faf2" isPrimary="true" isTestCase="false" isDynamic="false">
                            <codeReference />
                            <codeLocation />
                            <metadata>
                              <entry key="TestKind">
                                <value>Fixture</value>
                              </entry>
                            </metadata>
                          </testStep>
                          <children>
                            <testStepRun startTime="2011-09-07T18:23:04.261832-05:00" endTime="2011-09-07T18:23:04.2638321-05:00">
                              <testStep id="f280e4bee17945de" name="game Finished should be true" fullName="SampleSpecs/describe TicTacToeGame/describe a finished TicTacToeGame/describe a winning game/3 x's in row 2/game Finished should be true" testId="809e9b769ad11ac1" isPrimary="true" isTestCase="true" isDynamic="false">
                                <codeReference />
                                <codeLocation />
                                <metadata>
                                  <entry key="TestKind">
                                    <value>Test</value>
                                  </entry>
                                </metadata>
                              </testStep>
                              <children />
                              <result assertCount="0" duration="4.15E-05">
                                <outcome status="passed" />
                              </result>
                              <testLog>
                                <streams />
                                <attachments />
                              </testLog>
                            </testStepRun>
                            <testStepRun startTime="2011-09-07T18:23:04.2648321-05:00" endTime="2011-09-07T18:23:04.2668322-05:00">
                              <testStep id="197cbbfe3c4c19c8" name="winner should be x" fullName="SampleSpecs/describe TicTacToeGame/describe a finished TicTacToeGame/describe a winning game/3 x's in row 2/winner should be x" testId="f783cf26f123318e" isPrimary="true" isTestCase="true" isDynamic="false">
                                <codeReference />
                                <codeLocation />
                                <metadata>
                                  <entry key="TestKind">
                                    <value>Test</value>
                                  </entry>
                                </metadata>
                              </testStep>
                              <children />
                              <result assertCount="0" duration="4.38E-05">
                                <outcome status="passed" />
                              </result>
                              <testLog>
                                <streams />
                                <attachments />
                              </testLog>
                            </testStepRun>
                          </children>
                          <result assertCount="0" duration="0.00011889999999999999">
                            <outcome status="passed" />
                          </result>
                          <testLog>
                            <streams />
                            <attachments />
                          </testLog>
                        </testStepRun>
                        <testStepRun startTime="2011-09-07T18:23:04.2688324-05:00" endTime="2011-09-07T18:23:04.2768328-05:00">
                          <testStep id="fcc929adf4e01c1c" name="3 x's left to right" fullName="SampleSpecs/describe TicTacToeGame/describe a finished TicTacToeGame/describe a winning game/3 x's left to right" testId="a7559e523e937229" isPrimary="true" isTestCase="false" isDynamic="false">
                            <codeReference />
                            <codeLocation />
                            <metadata>
                              <entry key="TestKind">
                                <value>Fixture</value>
                              </entry>
                            </metadata>
                          </testStep>
                          <children>
                            <testStepRun startTime="2011-09-07T18:23:04.2708325-05:00" endTime="2011-09-07T18:23:04.2718325-05:00">
                              <testStep id="ea5eb3dcda0c23b8" name="game Finished should be true" fullName="SampleSpecs/describe TicTacToeGame/describe a finished TicTacToeGame/describe a winning game/3 x's left to right/game Finished should be true" testId="568b54075e0addb8" isPrimary="true" isTestCase="true" isDynamic="false">
                                <codeReference />
                                <codeLocation />
                                <metadata>
                                  <entry key="TestKind">
                                    <value>Test</value>
                                  </entry>
                                </metadata>
                              </testStep>
                              <children />
                              <result assertCount="0" duration="4.34E-05">
                                <outcome status="passed" />
                              </result>
                              <testLog>
                                <streams />
                                <attachments />
                              </testLog>
                            </testStepRun>
                            <testStepRun startTime="2011-09-07T18:23:04.2728326-05:00" endTime="2011-09-07T18:23:04.2748327-05:00">
                              <testStep id="d49e4e07a6e4698f" name="winner should be x" fullName="SampleSpecs/describe TicTacToeGame/describe a finished TicTacToeGame/describe a winning game/3 x's left to right/winner should be x" testId="af589e88bb2fde34" isPrimary="true" isTestCase="true" isDynamic="false">
                                <codeReference />
                                <codeLocation />
                                <metadata>
                                  <entry key="TestKind">
                                    <value>Test</value>
                                  </entry>
                                </metadata>
                              </testStep>
                              <children />
                              <result assertCount="0" duration="4.65E-05">
                                <outcome status="passed" />
                              </result>
                              <testLog>
                                <streams />
                                <attachments />
                              </testLog>
                            </testStepRun>
                          </children>
                          <result assertCount="0" duration="0.0001239">
                            <outcome status="passed" />
                          </result>
                          <testLog>
                            <streams />
                            <attachments />
                          </testLog>
                        </testStepRun>
                        <testStepRun startTime="2011-09-07T18:23:04.2778329-05:00" endTime="2011-09-07T18:23:04.2848333-05:00">
                          <testStep id="c9415ed1f4de57f9" name="3 x's right to left" fullName="SampleSpecs/describe TicTacToeGame/describe a finished TicTacToeGame/describe a winning game/3 x's right to left" testId="ab69eceff7360e3e" isPrimary="true" isTestCase="false" isDynamic="false">
                            <codeReference />
                            <codeLocation />
                            <metadata>
                              <entry key="TestKind">
                                <value>Fixture</value>
                              </entry>
                            </metadata>
                          </testStep>
                          <children>
                            <testStepRun startTime="2011-09-07T18:23:04.2788329-05:00" endTime="2011-09-07T18:23:04.280833-05:00">
                              <testStep id="9ec8733d674661cd" name="game Finished should be true" fullName="SampleSpecs/describe TicTacToeGame/describe a finished TicTacToeGame/describe a winning game/3 x's right to left/game Finished should be true" testId="787285fc12c9a115" isPrimary="true" isTestCase="true" isDynamic="false">
                                <codeReference />
                                <codeLocation />
                                <metadata>
                                  <entry key="TestKind">
                                    <value>Test</value>
                                  </entry>
                                </metadata>
                              </testStep>
                              <children />
                              <result assertCount="0" duration="4.27E-05">
                                <outcome status="passed" />
                              </result>
                              <testLog>
                                <streams />
                                <attachments />
                              </testLog>
                            </testStepRun>
                            <testStepRun startTime="2011-09-07T18:23:04.2818331-05:00" endTime="2011-09-07T18:23:04.2838332-05:00">
                              <testStep id="ecdf2d8b83ca8236" name="winner should be x" fullName="SampleSpecs/describe TicTacToeGame/describe a finished TicTacToeGame/describe a winning game/3 x's right to left/winner should be x" testId="70d271cde24b1e87" isPrimary="true" isTestCase="true" isDynamic="false">
                                <codeReference />
                                <codeLocation />
                                <metadata>
                                  <entry key="TestKind">
                                    <value>Test</value>
                                  </entry>
                                </metadata>
                              </testStep>
                              <children />
                              <result assertCount="0" duration="4.1899999999999995E-05">
                                <outcome status="passed" />
                              </result>
                              <testLog>
                                <streams />
                                <attachments />
                              </testLog>
                            </testStepRun>
                          </children>
                          <result assertCount="0" duration="0.0001197">
                            <outcome status="passed" />
                          </result>
                          <testLog>
                            <streams />
                            <attachments />
                          </testLog>
                        </testStepRun>
                      </children>
                      <result assertCount="0" duration="0.0082828">
                        <outcome status="passed" />
                      </result>
                      <testLog>
                        <streams />
                        <attachments />
                      </testLog>
                    </testStepRun>
                  </children>
                  <result assertCount="0" duration="0.0339086">
                    <outcome status="failed" />
                  </result>
                  <testLog>
                    <streams />
                    <attachments />
                  </testLog>
                </testStepRun>
                <testStepRun startTime="2011-09-07T18:23:04.2888335-05:00" endTime="2011-09-07T18:23:04.2948338-05:00">
                  <testStep id="4ee54aa4042b97e8" name="when players try to take the same square" fullName="SampleSpecs/describe TicTacToeGame/when players try to take the same square" testId="1afb45630f93d263" isPrimary="true" isTestCase="false" isDynamic="false">
                    <codeReference />
                    <codeLocation />
                    <metadata>
                      <entry key="TestKind">
                        <value>Fixture</value>
                      </entry>
                    </metadata>
                  </testStep>
                  <children>
                    <testStepRun startTime="2011-09-07T18:23:04.2918337-05:00" endTime="2011-09-07T18:23:04.2938338-05:00">
                      <testStep id="19a723ebf0fe5b06" name="should throw exception" fullName="SampleSpecs/describe TicTacToeGame/when players try to take the same square/should throw exception" testId="7670d55ba780dd90" isPrimary="true" isTestCase="true" isDynamic="false">
                        <codeReference />
                        <codeLocation />
                        <metadata>
                          <entry key="TestKind">
                            <value>Test</value>
                          </entry>
                        </metadata>
                      </testStep>
                      <children />
                      <result assertCount="0" duration="0.0012998999999999999">
                        <outcome status="passed" />
                      </result>
                      <testLog>
                        <streams />
                        <attachments />
                      </testLog>
                    </testStepRun>
                  </children>
                  <result assertCount="0" duration="0.001321">
                    <outcome status="passed" />
                  </result>
                  <testLog>
                    <streams />
                    <attachments />
                  </testLog>
                </testStepRun>
              </children>
              <result assertCount="0" duration="0.0352655">
                <outcome status="failed" />
              </result>
              <testLog>
                <streams />
                <attachments />
              </testLog>
            </testStepRun>
            <testStepRun startTime="2011-09-07T18:23:04.296834-05:00" endTime="2011-09-07T18:23:04.3228354-05:00">
              <testStep id="a0b9e798821d0679" name="describe VendingMachine" fullName="SampleSpecs/describe VendingMachine" testId="2100b1fadf83dcb1" isPrimary="true" isTestCase="false" isDynamic="false">
                <codeReference />
                <codeLocation />
                <metadata>
                  <entry key="TestKind">
                    <value>Fixture</value>
                  </entry>
                </metadata>
              </testStep>
              <children>
                <testStepRun startTime="2011-09-07T18:23:04.297834-05:00" endTime="2011-09-07T18:23:04.3098347-05:00">
                  <testStep id="3dfafee99bf535e5" name="when buying an item" fullName="SampleSpecs/describe VendingMachine/when buying an item" testId="59cf0b1cf57b5f51" isPrimary="true" isTestCase="false" isDynamic="false">
                    <codeReference />
                    <codeLocation />
                    <metadata>
                      <entry key="TestKind">
                        <value>Fixture</value>
                      </entry>
                    </metadata>
                  </testStep>
                  <children>
                    <testStepRun startTime="2011-09-07T18:23:04.2998341-05:00" endTime="2011-09-07T18:23:04.3078346-05:00">
                      <testStep id="30788ea2834989c" name="vending maching has inventory" fullName="SampleSpecs/describe VendingMachine/when buying an item/vending maching has inventory" testId="e5d1a65734a6eeae" isPrimary="true" isTestCase="false" isDynamic="false">
                        <codeReference />
                        <codeLocation />
                        <metadata>
                          <entry key="TestKind">
                            <value>Fixture</value>
                          </entry>
                        </metadata>
                      </testStep>
                      <children>
                        <testStepRun startTime="2011-09-07T18:23:04.3018342-05:00" endTime="2011-09-07T18:23:04.3038344-05:00">
                          <testStep id="e64d63cbba9d19" name="should decrement inventory" fullName="SampleSpecs/describe VendingMachine/when buying an item/vending maching has inventory/should decrement inventory" testId="eb232347020c6e22" isPrimary="true" isTestCase="true" isDynamic="false">
                            <codeReference />
                            <codeLocation />
                            <metadata>
                              <entry key="TestKind">
                                <value>Test</value>
                              </entry>
                            </metadata>
                          </testStep>
                          <children />
                          <result assertCount="0" duration="0.0141214">
                            <outcome status="passed" />
                          </result>
                          <testLog>
                            <streams />
                            <attachments />
                          </testLog>
                        </testStepRun>
                        <testStepRun startTime="2011-09-07T18:23:04.3048344-05:00" endTime="2011-09-07T18:23:04.3068345-05:00">
                          <testStep id="9d1609da07aac300" name="should increment cash in machine" fullName="SampleSpecs/describe VendingMachine/when buying an item/vending maching has inventory/should increment cash in machine" testId="c44ca3fcecf3ac1d" isPrimary="true" isTestCase="true" isDynamic="false">
                            <codeReference />
                            <codeLocation />
                            <metadata>
                              <entry key="TestKind">
                                <value>Test</value>
                              </entry>
                            </metadata>
                          </testStep>
                          <children />
                          <result assertCount="0" duration="0.0004076">
                            <outcome status="passed" />
                          </result>
                          <testLog>
                            <streams />
                            <attachments />
                          </testLog>
                        </testStepRun>
                      </children>
                      <result assertCount="0" duration="0.0145802">
                        <outcome status="passed" />
                      </result>
                      <testLog>
                        <streams />
                        <attachments />
                      </testLog>
                    </testStepRun>
                  </children>
                  <result assertCount="0" duration="0.014596399999999999">
                    <outcome status="passed" />
                  </result>
                  <testLog>
                    <streams />
                    <attachments />
                  </testLog>
                </testStepRun>
                <testStepRun startTime="2011-09-07T18:23:04.3108348-05:00" endTime="2011-09-07T18:23:04.3208353-05:00">
                  <testStep id="64b8a8fe5182c51b" name="when stocking vending machine with chips" fullName="SampleSpecs/describe VendingMachine/when stocking vending machine with chips" testId="98bafe13d923cc73" isPrimary="true" isTestCase="false" isDynamic="false">
                    <codeReference />
                    <codeLocation />
                    <metadata>
                      <entry key="TestKind">
                        <value>Fixture</value>
                      </entry>
                    </metadata>
                  </testStep>
                  <children>
                    <testStepRun startTime="2011-09-07T18:23:04.3118348-05:00" endTime="2011-09-07T18:23:04.3138349-05:00">
                      <testStep id="b607b3c7d4353c75" name="should contain chips with count of 1" fullName="SampleSpecs/describe VendingMachine/when stocking vending machine with chips/should contain chips with count of 1" testId="d427d14434453c19" isPrimary="true" isTestCase="true" isDynamic="false">
                        <codeReference />
                        <codeLocation />
                        <metadata>
                          <entry key="TestKind">
                            <value>Test</value>
                          </entry>
                        </metadata>
                      </testStep>
                      <children />
                      <result assertCount="0" duration="0.0016332">
                        <outcome status="passed" />
                      </result>
                      <testLog>
                        <streams />
                        <attachments />
                      </testLog>
                    </testStepRun>
                    <testStepRun startTime="2011-09-07T18:23:04.314835-05:00" endTime="2011-09-07T18:23:04.3198353-05:00">
                      <testStep id="baf0a1fda023bc46" name="multiple chips added" fullName="SampleSpecs/describe VendingMachine/when stocking vending machine with chips/multiple chips added" testId="596bde05186ab980" isPrimary="true" isTestCase="false" isDynamic="false">
                        <codeReference />
                        <codeLocation />
                        <metadata>
                          <entry key="TestKind">
                            <value>Fixture</value>
                          </entry>
                        </metadata>
                      </testStep>
                      <children>
                        <testStepRun startTime="2011-09-07T18:23:04.3168351-05:00" endTime="2011-09-07T18:23:04.3188352-05:00">
                          <testStep id="5319a4e7f503f6d9" name="should increment chip inventory with count of 2" fullName="SampleSpecs/describe VendingMachine/when stocking vending machine with chips/multiple chips added/should increment chip inventory with count of 2" testId="5da28d037499cb3c" isPrimary="true" isTestCase="true" isDynamic="false">
                            <codeReference />
                            <codeLocation />
                            <metadata>
                              <entry key="TestKind">
                                <value>Test</value>
                              </entry>
                            </metadata>
                          </testStep>
                          <children />
                          <result assertCount="0" duration="0.0007429">
                            <outcome status="passed" />
                          </result>
                          <testLog>
                            <streams />
                            <attachments />
                          </testLog>
                        </testStepRun>
                      </children>
                      <result assertCount="0" duration="0.000759">
                        <outcome status="passed" />
                      </result>
                      <testLog>
                        <streams />
                        <attachments />
                      </testLog>
                    </testStepRun>
                  </children>
                  <result assertCount="0" duration="0.0024296">
                    <outcome status="passed" />
                  </result>
                  <testLog>
                    <streams />
                    <attachments />
                  </testLog>
                </testStepRun>
              </children>
              <result assertCount="0" duration="0.0170592">
                <outcome status="passed" />
              </result>
              <testLog>
                <streams />
                <attachments />
              </testLog>
            </testStepRun>
            <testStepRun startTime="2011-09-07T18:23:04.3238355-05:00" endTime="2011-09-07T18:23:04.350837-05:00">
              <testStep id="9743fea80ca061c1" name="given a subcontext that fails" fullName="SampleSpecs/given a subcontext that fails" testId="acb822e52434c43a" isPrimary="true" isTestCase="false" isDynamic="false">
                <codeReference />
                <codeLocation />
                <metadata>
                  <entry key="TestKind">
                    <value>Fixture</value>
                  </entry>
                </metadata>
              </testStep>
              <children>
                <testStepRun startTime="2011-09-07T18:23:04.3248356-05:00" endTime="2011-09-07T18:23:04.349837-05:00">
                  <testStep id="45f890a457d68bf7" name="when totaling failures" fullName="SampleSpecs/given a subcontext that fails/when totaling failures" testId="80577293c28628b2" isPrimary="true" isTestCase="false" isDynamic="false">
                    <codeReference />
                    <codeLocation />
                    <metadata>
                      <entry key="TestKind">
                        <value>Fixture</value>
                      </entry>
                    </metadata>
                  </testStep>
                  <children>
                    <testStepRun startTime="2011-09-07T18:23:04.3268357-05:00" endTime="2011-09-07T18:23:04.3488369-05:00">
                      <testStep id="f66d0c0a0b8da81f" name="should count this failure" fullName="SampleSpecs/given a subcontext that fails/when totaling failures/should count this failure" testId="68023eaedc19bf2" isPrimary="true" isTestCase="true" isDynamic="false">
                        <codeReference />
                        <codeLocation />
                        <metadata>
                          <entry key="TestKind">
                            <value>Test</value>
                          </entry>
                        </metadata>
                      </testStep>
                      <children />
                      <result assertCount="0" duration="0.0013005999999999998">
                        <outcome status="failed" />
                      </result>
                      <testLog>
                        <streams>
                          <stream name="Failures">
                            <body>
                              <contents>
                                <marker class="Exception">
                                  <contents>
                                    <marker class="ExceptionType">
                                      <contents>
                                        <text><![CDATA[NUnit.Framework.AssertionException]]></text>
                                      </contents>
                                      <attributes />
                                    </marker>
                                    <text><![CDATA[: ]]></text>
                                    <marker class="ExceptionMessage">
                                      <contents>
                                        <text><![CDATA[  Expected: 2
  But was:  1
]]></text>
                                      </contents>
                                      <attributes />
                                    </marker>
                                    <text><![CDATA[
]]></text>
                                    <marker class="StackTrace">
                                      <contents>
                                        <text><![CDATA[   at NUnit.Framework.Assert.That(Object actual, IResolveConstraint expression, String message, Object[] args)
   at SampleSpecs.Bug.given_a_subcontext_that_fails.<when_totaling_failures>b__0() in ]]></text>
                                        <marker class="CodeLocation">
                                          <contents>
                                            <text><![CDATA[C:\Development\NSpec\SampleSpecs\Bug\given_a_subcontext_that_fails.cs:line 13]]></text>
                                          </contents>
                                          <attributes>
                                            <attribute name="line" value="13" />
                                            <attribute name="path" value="C:\Development\NSpec\SampleSpecs\Bug\given_a_subcontext_that_fails.cs" />
                                          </attributes>
                                        </marker>
                                        <text><![CDATA[
   at NSpec.Domain.Example.Run(nspec nspec) in ]]></text>
                                        <marker class="CodeLocation">
                                          <contents>
                                            <text><![CDATA[C:\Development\NSpec\NSpec\Domain\Example.cs:line 42]]></text>
                                          </contents>
                                          <attributes>
                                            <attribute name="line" value="42" />
                                            <attribute name="path" value="C:\Development\NSpec\NSpec\Domain\Example.cs" />
                                          </attributes>
                                        </marker>
                                        <text><![CDATA[
   at NSpec.Domain.Context.Exercise(Example example, nspec nspec) in ]]></text>
                                        <marker class="CodeLocation">
                                          <contents>
                                            <text><![CDATA[C:\Development\NSpec\NSpec\Domain\Context.cs:line 106]]></text>
                                          </contents>
                                          <attributes>
                                            <attribute name="line" value="106" />
                                            <attribute name="path" value="C:\Development\NSpec\NSpec\Domain\Context.cs" />
                                          </attributes>
                                        </marker>
                                      </contents>
                                      <attributes />
                                    </marker>
                                  </contents>
                                  <attributes />
                                </marker>
                              </contents>
                            </body>
                          </stream>
                        </streams>
                        <attachments />
                      </testLog>
                    </testStepRun>
                  </children>
                  <result assertCount="0" duration="0.0013241">
                    <outcome status="failed" />
                  </result>
                  <testLog>
                    <streams />
                    <attachments />
                  </testLog>
                </testStepRun>
              </children>
              <result assertCount="0" duration="0.0013453">
                <outcome status="failed" />
              </result>
              <testLog>
                <streams />
                <attachments />
              </testLog>
            </testStepRun>
            <testStepRun startTime="2011-09-07T18:23:04.3518371-05:00" endTime="2011-09-07T18:23:04.3638378-05:00">
              <testStep id="a5e1254dad4b3d19" name="given the sequence starts with 1" fullName="SampleSpecs/given the sequence starts with 1" testId="52cd9a595cb91045" isPrimary="true" isTestCase="false" isDynamic="false">
                <codeReference />
                <codeLocation />
                <metadata>
                  <entry key="TestKind">
                    <value>Fixture</value>
                  </entry>
                </metadata>
              </testStep>
              <children>
                <testStepRun startTime="2011-09-07T18:23:04.3538372-05:00" endTime="2011-09-07T18:23:04.3628377-05:00">
                  <testStep id="114d183f8a33d1b3" name="given the sequence continues with 2" fullName="SampleSpecs/given the sequence starts with 1/given the sequence continues with 2" testId="c317817b095683b0" isPrimary="true" isTestCase="false" isDynamic="false">
                    <codeReference />
                    <codeLocation />
                    <metadata>
                      <entry key="TestKind">
                        <value>Fixture</value>
                      </entry>
                    </metadata>
                  </testStep>
                  <children>
                    <testStepRun startTime="2011-09-07T18:23:04.3548373-05:00" endTime="2011-09-07T18:23:04.3618377-05:00">
                      <testStep id="63e77e571181a179" name="given the sequence continues with 3" fullName="SampleSpecs/given the sequence starts with 1/given the sequence continues with 2/given the sequence continues with 3" testId="43a85024c469e08e" isPrimary="true" isTestCase="false" isDynamic="false">
                        <codeReference />
                        <codeLocation />
                        <metadata>
                          <entry key="TestKind">
                            <value>Fixture</value>
                          </entry>
                        </metadata>
                      </testStep>
                      <children>
                        <testStepRun startTime="2011-09-07T18:23:04.3568374-05:00" endTime="2011-09-07T18:23:04.3598376-05:00">
                          <testStep id="1674e60ee6935857" name="sequence should be &quot;123&quot;" fullName="SampleSpecs/given the sequence starts with 1/given the sequence continues with 2/given the sequence continues with 3/sequence should be &quot;123&quot;" testId="266befe1225b3928" isPrimary="true" isTestCase="true" isDynamic="false">
                            <codeReference />
                            <codeLocation />
                            <metadata>
                              <entry key="TestKind">
                                <value>Test</value>
                              </entry>
                            </metadata>
                          </testStep>
                          <children />
                          <result assertCount="0" duration="0.0022340999999999997">
                            <outcome status="passed" />
                          </result>
                          <testLog>
                            <streams />
                            <attachments />
                          </testLog>
                        </testStepRun>
                      </children>
                      <result assertCount="0" duration="0.0022521999999999998">
                        <outcome status="passed" />
                      </result>
                      <testLog>
                        <streams />
                        <attachments />
                      </testLog>
                    </testStepRun>
                  </children>
                  <result assertCount="0" duration="0.0022699">
                    <outcome status="passed" />
                  </result>
                  <testLog>
                    <streams />
                    <attachments />
                  </testLog>
                </testStepRun>
              </children>
              <result assertCount="0" duration="0.0022864">
                <outcome status="passed" />
              </result>
              <testLog>
                <streams />
                <attachments />
              </testLog>
            </testStepRun>
            <testStepRun startTime="2011-09-07T18:23:04.3648378-05:00" endTime="2011-09-07T18:23:04.4158408-05:00">
              <testStep id="5a6ce6dbfd00cecb" name="grandparents run first" fullName="SampleSpecs/grandparents run first" testId="d0f8e8632dfb9acb" isPrimary="true" isTestCase="false" isDynamic="false">
                <codeReference />
                <codeLocation />
                <metadata>
                  <entry key="TestKind">
                    <value>Fixture</value>
                  </entry>
                </metadata>
              </testStep>
              <children>
                <testStepRun startTime="2011-09-07T18:23:04.366838-05:00" endTime="2011-09-07T18:23:04.4138406-05:00">
                  <testStep id="3a398cbf0b74b932" name="describe NSpec" fullName="SampleSpecs/grandparents run first/describe NSpec" testId="24dd3a90ba2bb835" isPrimary="true" isTestCase="false" isDynamic="false">
                    <codeReference />
                    <codeLocation />
                    <metadata>
                      <entry key="TestKind">
                        <value>Fixture</value>
                      </entry>
                    </metadata>
                  </testStep>
                  <children>
                    <testStepRun startTime="2011-09-07T18:23:04.3688381-05:00" endTime="2011-09-07T18:23:04.4128406-05:00">
                      <testStep id="d1c94851f335f801" name="something that works in rspec but not nspec" fullName="SampleSpecs/grandparents run first/describe NSpec/something that works in rspec but not nspec" testId="b53219bba8028ff9" isPrimary="true" isTestCase="false" isDynamic="false">
                        <codeReference />
                        <codeLocation />
                        <metadata>
                          <entry key="TestKind">
                            <value>Fixture</value>
                          </entry>
                        </metadata>
                      </testStep>
                      <children>
                        <testStepRun startTime="2011-09-07T18:23:04.3698381-05:00" endTime="2011-09-07T18:23:04.3898393-05:00">
                          <testStep id="a4dded9becac5f80" name="another sibling context" fullName="SampleSpecs/grandparents run first/describe NSpec/something that works in rspec but not nspec/another sibling context" testId="d4f19b19963f8bd1" isPrimary="true" isTestCase="false" isDynamic="false">
                            <codeReference />
                            <codeLocation />
                            <metadata>
                              <entry key="TestKind">
                                <value>Fixture</value>
                              </entry>
                            </metadata>
                          </testStep>
                          <children>
                            <testStepRun startTime="2011-09-07T18:23:04.3718382-05:00" endTime="2011-09-07T18:23:04.3888392-05:00">
                              <testStep id="b691ea6e67a69c5" name="ints Count should be Convert 1" fullName="SampleSpecs/grandparents run first/describe NSpec/something that works in rspec but not nspec/another sibling context/ints Count should be Convert 1" testId="24e943357f642451" isPrimary="true" isTestCase="true" isDynamic="false">
                                <codeReference />
                                <codeLocation />
                                <metadata>
                                  <entry key="TestKind">
                                    <value>Test</value>
                                  </entry>
                                </metadata>
                              </testStep>
                              <children />
                              <result assertCount="0" duration="0.0015493">
                                <outcome status="failed" />
                              </result>
                              <testLog>
                                <streams>
                                  <stream name="Failures">
                                    <body>
                                      <contents>
                                        <marker class="Exception">
                                          <contents>
                                            <marker class="ExceptionType">
                                              <contents>
                                                <text><![CDATA[NUnit.Framework.AssertionException]]></text>
                                              </contents>
                                              <attributes />
                                            </marker>
                                            <text><![CDATA[: ]]></text>
                                            <marker class="ExceptionMessage">
                                              <contents>
                                                <text><![CDATA[  Expected: 1
  But was:  2
]]></text>
                                              </contents>
                                              <attributes />
                                            </marker>
                                            <text><![CDATA[
]]></text>
                                            <marker class="StackTrace">
                                              <contents>
                                                <text><![CDATA[   at NUnit.Framework.Assert.That(Object actual, IResolveConstraint expression, String message, Object[] args)
   at lambda_method(Closure )
   at NSpec.Domain.Example.Run(nspec nspec) in ]]></text>
                                                <marker class="CodeLocation">
                                                  <contents>
                                                    <text><![CDATA[C:\Development\NSpec\NSpec\Domain\Example.cs:line 42]]></text>
                                                  </contents>
                                                  <attributes>
                                                    <attribute name="line" value="42" />
                                                    <attribute name="path" value="C:\Development\NSpec\NSpec\Domain\Example.cs" />
                                                  </attributes>
                                                </marker>
                                                <text><![CDATA[
   at NSpec.Domain.Context.Exercise(Example example, nspec nspec) in ]]></text>
                                                <marker class="CodeLocation">
                                                  <contents>
                                                    <text><![CDATA[C:\Development\NSpec\NSpec\Domain\Context.cs:line 106]]></text>
                                                  </contents>
                                                  <attributes>
                                                    <attribute name="line" value="106" />
                                                    <attribute name="path" value="C:\Development\NSpec\NSpec\Domain\Context.cs" />
                                                  </attributes>
                                                </marker>
                                              </contents>
                                              <attributes />
                                            </marker>
                                          </contents>
                                          <attributes />
                                        </marker>
                                      </contents>
                                    </body>
                                  </stream>
                                </streams>
                                <attachments />
                              </testLog>
                            </testStepRun>
                          </children>
                          <result assertCount="0" duration="0.001567">
                            <outcome status="failed" />
                          </result>
                          <testLog>
                            <streams />
                            <attachments />
                          </testLog>
                        </testStepRun>
                        <testStepRun startTime="2011-09-07T18:23:04.3908393-05:00" endTime="2011-09-07T18:23:04.4118405-05:00">
                          <testStep id="2e387d68c233e39a" name="sibling context" fullName="SampleSpecs/grandparents run first/describe NSpec/something that works in rspec but not nspec/sibling context" testId="594c38f80d0b6b1b" isPrimary="true" isTestCase="false" isDynamic="false">
                            <codeReference />
                            <codeLocation />
                            <metadata>
                              <entry key="TestKind">
                                <value>Fixture</value>
                              </entry>
                            </metadata>
                          </testStep>
                          <children>
                            <testStepRun startTime="2011-09-07T18:23:04.3928394-05:00" endTime="2011-09-07T18:23:04.4098404-05:00">
                              <testStep id="c7206fbf9003bb51" name="ints Count should be Convert 1" fullName="SampleSpecs/grandparents run first/describe NSpec/something that works in rspec but not nspec/sibling context/ints Count should be Convert 1" testId="2d1d4456b249148f" isPrimary="true" isTestCase="true" isDynamic="false">
                                <codeReference />
                                <codeLocation />
                                <metadata>
                                  <entry key="TestKind">
                                    <value>Test</value>
                                  </entry>
                                </metadata>
                              </testStep>
                              <children />
                              <result assertCount="0" duration="0.0008395">
                                <outcome status="failed" />
                              </result>
                              <testLog>
                                <streams>
                                  <stream name="Failures">
                                    <body>
                                      <contents>
                                        <marker class="Exception">
                                          <contents>
                                            <marker class="ExceptionType">
                                              <contents>
                                                <text><![CDATA[NUnit.Framework.AssertionException]]></text>
                                              </contents>
                                              <attributes />
                                            </marker>
                                            <text><![CDATA[: ]]></text>
                                            <marker class="ExceptionMessage">
                                              <contents>
                                                <text><![CDATA[  Expected: 1
  But was:  2
]]></text>
                                              </contents>
                                              <attributes />
                                            </marker>
                                            <text><![CDATA[
]]></text>
                                            <marker class="StackTrace">
                                              <contents>
                                                <text><![CDATA[   at NUnit.Framework.Assert.That(Object actual, IResolveConstraint expression, String message, Object[] args)
   at lambda_method(Closure )
   at NSpec.Domain.Example.Run(nspec nspec) in ]]></text>
                                                <marker class="CodeLocation">
                                                  <contents>
                                                    <text><![CDATA[C:\Development\NSpec\NSpec\Domain\Example.cs:line 42]]></text>
                                                  </contents>
                                                  <attributes>
                                                    <attribute name="line" value="42" />
                                                    <attribute name="path" value="C:\Development\NSpec\NSpec\Domain\Example.cs" />
                                                  </attributes>
                                                </marker>
                                                <text><![CDATA[
   at NSpec.Domain.Context.Exercise(Example example, nspec nspec) in ]]></text>
                                                <marker class="CodeLocation">
                                                  <contents>
                                                    <text><![CDATA[C:\Development\NSpec\NSpec\Domain\Context.cs:line 106]]></text>
                                                  </contents>
                                                  <attributes>
                                                    <attribute name="line" value="106" />
                                                    <attribute name="path" value="C:\Development\NSpec\NSpec\Domain\Context.cs" />
                                                  </attributes>
                                                </marker>
                                              </contents>
                                              <attributes />
                                            </marker>
                                          </contents>
                                          <attributes />
                                        </marker>
                                      </contents>
                                    </body>
                                  </stream>
                                </streams>
                                <attachments />
                              </testLog>
                            </testStepRun>
                          </children>
                          <result assertCount="0" duration="0.0008564">
                            <outcome status="failed" />
                          </result>
                          <testLog>
                            <streams />
                            <attachments />
                          </testLog>
                        </testStepRun>
                      </children>
                      <result assertCount="0" duration="0.0024530999999999997">
                        <outcome status="failed" />
                      </result>
                      <testLog>
                        <streams />
                        <attachments />
                      </testLog>
                    </testStepRun>
                  </children>
                  <result assertCount="0" duration="0.0024657999999999998">
                    <outcome status="failed" />
                  </result>
                  <testLog>
                    <streams />
                    <attachments />
                  </testLog>
                </testStepRun>
              </children>
              <result assertCount="0" duration="0.0024816">
                <outcome status="failed" />
              </result>
              <testLog>
                <streams />
                <attachments />
              </testLog>
            </testStepRun>
            <testStepRun startTime="2011-09-07T18:23:04.4168408-05:00" endTime="2011-09-07T18:23:04.4398421-05:00">
              <testStep id="b91b7fbaef8af500" name="multiple befores" fullName="SampleSpecs/multiple befores" testId="c4dcc52987263a59" isPrimary="true" isTestCase="false" isDynamic="false">
                <codeReference />
                <codeLocation />
                <metadata>
                  <entry key="TestKind">
                    <value>Fixture</value>
                  </entry>
                </metadata>
              </testStep>
              <children>
                <testStepRun startTime="2011-09-07T18:23:04.4188409-05:00" endTime="2011-09-07T18:23:04.4388421-05:00">
                  <testStep id="1aa46b8c817f2f05" name="list manipulation" fullName="SampleSpecs/multiple befores/list manipulation" testId="c3f91ea36c2ae1af" isPrimary="true" isTestCase="false" isDynamic="false">
                    <codeReference />
                    <codeLocation />
                    <metadata>
                      <entry key="TestKind">
                        <value>Fixture</value>
                      </entry>
                    </metadata>
                  </testStep>
                  <children>
                    <testStepRun startTime="2011-09-07T18:23:04.419841-05:00" endTime="2011-09-07T18:23:04.4218411-05:00">
                      <testStep id="ff958c097880040a" name="the ints collection should not be null" fullName="SampleSpecs/multiple befores/list manipulation/the ints collection should not be null" testId="cde1eb4f97830828" isPrimary="true" isTestCase="true" isDynamic="false">
                        <codeReference />
                        <codeLocation />
                        <metadata>
                          <entry key="TestKind">
                            <value>Test</value>
                          </entry>
                        </metadata>
                      </testStep>
                      <children />
                      <result assertCount="0" duration="0.00090759999999999994">
                        <outcome status="passed" />
                      </result>
                      <testLog>
                        <streams />
                        <attachments />
                      </testLog>
                    </testStepRun>
                    <testStepRun startTime="2011-09-07T18:23:04.4228412-05:00" endTime="2011-09-07T18:23:04.437842-05:00">
                      <testStep id="b4322c49d383b057" name="one item in list" fullName="SampleSpecs/multiple befores/list manipulation/one item in list" testId="8da18aae5dbe12c6" isPrimary="true" isTestCase="false" isDynamic="false">
                        <codeReference />
                        <codeLocation />
                        <metadata>
                          <entry key="TestKind">
                            <value>Fixture</value>
                          </entry>
                        </metadata>
                      </testStep>
                      <children>
                        <testStepRun startTime="2011-09-07T18:23:04.4248413-05:00" endTime="2011-09-07T18:23:04.4278414-05:00">
                          <testStep id="7d6fd28fac75a782" name="should contain the number 99" fullName="SampleSpecs/multiple befores/list manipulation/one item in list/should contain the number 99" testId="eb55ad50191f51b2" isPrimary="true" isTestCase="true" isDynamic="false">
                            <codeReference />
                            <codeLocation />
                            <metadata>
                              <entry key="TestKind">
                                <value>Test</value>
                              </entry>
                            </metadata>
                          </testStep>
                          <children />
                          <result assertCount="0" duration="0.0005912">
                            <outcome status="passed" />
                          </result>
                          <testLog>
                            <streams />
                            <attachments />
                          </testLog>
                        </testStepRun>
                        <testStepRun startTime="2011-09-07T18:23:04.4288415-05:00" endTime="2011-09-07T18:23:04.4298416-05:00">
                          <testStep id="f7b6ceb189f3146d" name="should have 1 item in list" fullName="SampleSpecs/multiple befores/list manipulation/one item in list/should have 1 item in list" testId="8233d02e247a0000" isPrimary="true" isTestCase="true" isDynamic="false">
                            <codeReference />
                            <codeLocation />
                            <metadata>
                              <entry key="TestKind">
                                <value>Test</value>
                              </entry>
                            </metadata>
                          </testStep>
                          <children />
                          <result assertCount="0" duration="0.0003964">
                            <outcome status="passed" />
                          </result>
                          <testLog>
                            <streams />
                            <attachments />
                          </testLog>
                        </testStepRun>
                        <testStepRun startTime="2011-09-07T18:23:04.4308416-05:00" endTime="2011-09-07T18:23:04.436842-05:00">
                          <testStep id="e6a5c161b17970c0" name="another item in list" fullName="SampleSpecs/multiple befores/list manipulation/one item in list/another item in list" testId="58acf1bd06b5d035" isPrimary="true" isTestCase="false" isDynamic="false">
                            <codeReference />
                            <codeLocation />
                            <metadata>
                              <entry key="TestKind">
                                <value>Fixture</value>
                              </entry>
                            </metadata>
                          </testStep>
                          <children>
                            <testStepRun startTime="2011-09-07T18:23:04.4318417-05:00" endTime="2011-09-07T18:23:04.4328417-05:00">
                              <testStep id="1bc8526759a84673" name="should contain the number 26" fullName="SampleSpecs/multiple befores/list manipulation/one item in list/another item in list/should contain the number 26" testId="334b4a6f5aba984e" isPrimary="true" isTestCase="true" isDynamic="false">
                                <codeReference />
                                <codeLocation />
                                <metadata>
                                  <entry key="TestKind">
                                    <value>Test</value>
                                  </entry>
                                </metadata>
                              </testStep>
                              <children />
                              <result assertCount="0" duration="0.0005831">
                                <outcome status="passed" />
                              </result>
                              <testLog>
                                <streams />
                                <attachments />
                              </testLog>
                            </testStepRun>
                            <testStepRun startTime="2011-09-07T18:23:04.4338418-05:00" endTime="2011-09-07T18:23:04.4358419-05:00">
                              <testStep id="512f24f3c3c5486f" name="should have 2 items in list" fullName="SampleSpecs/multiple befores/list manipulation/one item in list/another item in list/should have 2 items in list" testId="1bdf63286a88ba56" isPrimary="true" isTestCase="true" isDynamic="false">
                                <codeReference />
                                <codeLocation />
                                <metadata>
                                  <entry key="TestKind">
                                    <value>Test</value>
                                  </entry>
                                </metadata>
                              </testStep>
                              <children />
                              <result assertCount="0" duration="0.0003595">
                                <outcome status="passed" />
                              </result>
                              <testLog>
                                <streams />
                                <attachments />
                              </testLog>
                            </testStepRun>
                          </children>
                          <result assertCount="0" duration="0.00096999999999999994">
                            <outcome status="passed" />
                          </result>
                          <testLog>
                            <streams />
                            <attachments />
                          </testLog>
                        </testStepRun>
                      </children>
                      <result assertCount="0" duration="0.001995">
                        <outcome status="passed" />
                      </result>
                      <testLog>
                        <streams />
                        <attachments />
                      </testLog>
                    </testStepRun>
                  </children>
                  <result assertCount="0" duration="0.0029357999999999997">
                    <outcome status="passed" />
                  </result>
                  <testLog>
                    <streams />
                    <attachments />
                  </testLog>
                </testStepRun>
              </children>
              <result assertCount="0" duration="0.0029562">
                <outcome status="passed" />
              </result>
              <testLog>
                <streams />
                <attachments />
              </testLog>
            </testStepRun>
            <testStepRun startTime="2011-09-07T18:23:04.4398421-05:00" endTime="2011-09-07T18:23:04.4478426-05:00">
              <testStep id="3919ce3cc0d7af88" name="my first spec" fullName="SampleSpecs/my first spec" testId="42b47a81ea634eaf" isPrimary="true" isTestCase="false" isDynamic="false">
                <codeReference />
                <codeLocation />
                <metadata>
                  <entry key="TestKind">
                    <value>Fixture</value>
                  </entry>
                </metadata>
              </testStep>
              <children>
                <testStepRun startTime="2011-09-07T18:23:04.4418422-05:00" endTime="2011-09-07T18:23:04.4458425-05:00">
                  <testStep id="2420a83f4216f4b7" name="given the world has not come to an end" fullName="SampleSpecs/my first spec/given the world has not come to an end" testId="44ecf0b1f30a1d" isPrimary="true" isTestCase="false" isDynamic="false">
                    <codeReference />
                    <codeLocation />
                    <metadata>
                      <entry key="TestKind">
                        <value>Fixture</value>
                      </entry>
                    </metadata>
                  </testStep>
                  <children>
                    <testStepRun startTime="2011-09-07T18:23:04.4428423-05:00" endTime="2011-09-07T18:23:04.4448424-05:00">
                      <testStep id="6f72cf12a0cf6ed7" name="Hello World should be Hello World" fullName="SampleSpecs/my first spec/given the world has not come to an end/Hello World should be Hello World" testId="2c09a028a76e6e97" isPrimary="true" isTestCase="true" isDynamic="false">
                        <codeReference />
                        <codeLocation />
                        <metadata>
                          <entry key="TestKind">
                            <value>Test</value>
                          </entry>
                        </metadata>
                      </testStep>
                      <children />
                      <result assertCount="0" duration="0.0003371">
                        <outcome status="passed" />
                      </result>
                      <testLog>
                        <streams />
                        <attachments />
                      </testLog>
                    </testStepRun>
                  </children>
                  <result assertCount="0" duration="0.0003602">
                    <outcome status="passed" />
                  </result>
                  <testLog>
                    <streams />
                    <attachments />
                  </testLog>
                </testStepRun>
              </children>
              <result assertCount="0" duration="0.0003795">
                <outcome status="passed" />
              </result>
              <testLog>
                <streams />
                <attachments />
              </testLog>
            </testStepRun>
            <testStepRun startTime="2011-09-07T18:23:04.4478426-05:00" endTime="2011-09-07T18:23:04.4738441-05:00">
              <testStep id="481a405729968f4b" name="prime kata" fullName="SampleSpecs/prime kata" testId="38907db7369778f5" isPrimary="true" isTestCase="false" isDynamic="false">
                <codeReference />
                <codeLocation />
                <metadata>
                  <entry key="TestKind">
                    <value>Fixture</value>
                  </entry>
                </metadata>
              </testStep>
              <children>
                <testStepRun startTime="2011-09-07T18:23:04.4488426-05:00" endTime="2011-09-07T18:23:04.472844-05:00">
                  <testStep id="3e64d82f978ed08e" name="prime factors" fullName="SampleSpecs/prime kata/prime factors" testId="aa16732e2f98677f" isPrimary="true" isTestCase="false" isDynamic="false">
                    <codeReference />
                    <codeLocation />
                    <metadata>
                      <entry key="TestKind">
                        <value>Fixture</value>
                      </entry>
                    </metadata>
                  </testStep>
                  <children>
                    <testStepRun startTime="2011-09-07T18:23:04.4508428-05:00" endTime="2011-09-07T18:23:04.4528429-05:00">
                      <testStep id="bf1b9699e5b71ef5" name="1 should be []" fullName="SampleSpecs/prime kata/prime factors/1 should be []" testId="f92c150dc0e5d77e" isPrimary="true" isTestCase="true" isDynamic="false">
                        <codeReference />
                        <codeLocation />
                        <metadata>
                          <entry key="TestKind">
                            <value>Test</value>
                          </entry>
                        </metadata>
                      </testStep>
                      <children />
                      <result assertCount="0" duration="0.0014642">
                        <outcome status="passed" />
                      </result>
                      <testLog>
                        <streams />
                        <attachments />
                      </testLog>
                    </testStepRun>
                    <testStepRun startTime="2011-09-07T18:23:04.4528429-05:00" endTime="2011-09-07T18:23:04.454843-05:00">
                      <testStep id="9e78f3134dede23e" name="2 should be [2]" fullName="SampleSpecs/prime kata/prime factors/2 should be [2]" testId="d17d7e9a0ba9f1d3" isPrimary="true" isTestCase="true" isDynamic="false">
                        <codeReference />
                        <codeLocation />
                        <metadata>
                          <entry key="TestKind">
                            <value>Test</value>
                          </entry>
                        </metadata>
                      </testStep>
                      <children />
                      <result assertCount="0" duration="2.77E-05">
                        <outcome status="passed" />
                      </result>
                      <testLog>
                        <streams />
                        <attachments />
                      </testLog>
                    </testStepRun>
                    <testStepRun startTime="2011-09-07T18:23:04.454843-05:00" endTime="2011-09-07T18:23:04.4568431-05:00">
                      <testStep id="8830423031c776cf" name="3 should be [3]" fullName="SampleSpecs/prime kata/prime factors/3 should be [3]" testId="3d6f267251c072e0" isPrimary="true" isTestCase="true" isDynamic="false">
                        <codeReference />
                        <codeLocation />
                        <metadata>
                          <entry key="TestKind">
                            <value>Test</value>
                          </entry>
                        </metadata>
                      </testStep>
                      <children />
                      <result assertCount="0" duration="1.77E-05">
                        <outcome status="passed" />
                      </result>
                      <testLog>
                        <streams />
                        <attachments />
                      </testLog>
                    </testStepRun>
                    <testStepRun startTime="2011-09-07T18:23:04.4568431-05:00" endTime="2011-09-07T18:23:04.4588432-05:00">
                      <testStep id="d2d47a5f5e72ab02" name="4 should be [2,2]" fullName="SampleSpecs/prime kata/prime factors/4 should be [2,2]" testId="4464bbcf28ee0f7f" isPrimary="true" isTestCase="true" isDynamic="false">
                        <codeReference />
                        <codeLocation />
                        <metadata>
                          <entry key="TestKind">
                            <value>Test</value>
                          </entry>
                        </metadata>
                      </testStep>
                      <children />
                      <result assertCount="0" duration="2.23E-05">
                        <outcome status="passed" />
                      </result>
                      <testLog>
                        <streams />
                        <attachments />
                      </testLog>
                    </testStepRun>
                    <testStepRun startTime="2011-09-07T18:23:04.4598433-05:00" endTime="2011-09-07T18:23:04.4628434-05:00">
                      <testStep id="5b134a76e2d23662" name="5 should be [5]" fullName="SampleSpecs/prime kata/prime factors/5 should be [5]" testId="eb2d8aa411f435cd" isPrimary="true" isTestCase="true" isDynamic="false">
                        <codeReference />
                        <codeLocation />
                        <metadata>
                          <entry key="TestKind">
                            <value>Test</value>
                          </entry>
                        </metadata>
                      </testStep>
                      <children />
                      <result assertCount="0" duration="1.61E-05">
                        <outcome status="passed" />
                      </result>
                      <testLog>
                        <streams />
                        <attachments />
                      </testLog>
                    </testStepRun>
                    <testStepRun startTime="2011-09-07T18:23:04.4638435-05:00" endTime="2011-09-07T18:23:04.4658436-05:00">
                      <testStep id="b0e7e87e41291bf0" name="6 should be [2,3]" fullName="SampleSpecs/prime kata/prime factors/6 should be [2,3]" testId="a6bc55039e8e4964" isPrimary="true" isTestCase="true" isDynamic="false">
                        <codeReference />
                        <codeLocation />
                        <metadata>
                          <entry key="TestKind">
                            <value>Test</value>
                          </entry>
                        </metadata>
                      </testStep>
                      <children />
                      <result assertCount="0" duration="2.07E-05">
                        <outcome status="passed" />
                      </result>
                      <testLog>
                        <streams />
                        <attachments />
                      </testLog>
                    </testStepRun>
                    <testStepRun startTime="2011-09-07T18:23:04.4658436-05:00" endTime="2011-09-07T18:23:04.4678437-05:00">
                      <testStep id="b5c74a8f52899abf" name="7 should be [7]" fullName="SampleSpecs/prime kata/prime factors/7 should be [7]" testId="f89c725396ccb150" isPrimary="true" isTestCase="true" isDynamic="false">
                        <codeReference />
                        <codeLocation />
                        <metadata>
                          <entry key="TestKind">
                            <value>Test</value>
                          </entry>
                        </metadata>
                      </testStep>
                      <children />
                      <result assertCount="0" duration="1.4599999999999999E-05">
                        <outcome status="passed" />
                      </result>
                      <testLog>
                        <streams />
                        <attachments />
                      </testLog>
                    </testStepRun>
                    <testStepRun startTime="2011-09-07T18:23:04.4688438-05:00" endTime="2011-09-07T18:23:04.4698438-05:00">
                      <testStep id="570d2102c7648626" name="8 should be [2,2,2]" fullName="SampleSpecs/prime kata/prime factors/8 should be [2,2,2]" testId="9d556092cd1e2be6" isPrimary="true" isTestCase="true" isDynamic="false">
                        <codeReference />
                        <codeLocation />
                        <metadata>
                          <entry key="TestKind">
                            <value>Test</value>
                          </entry>
                        </metadata>
                      </testStep>
                      <children />
                      <result assertCount="0" duration="1.2299999999999999E-05">
                        <outcome status="passed" />
                      </result>
                      <testLog>
                        <streams />
                        <attachments />
                      </testLog>
                    </testStepRun>
                    <testStepRun startTime="2011-09-07T18:23:04.4708439-05:00" endTime="2011-09-07T18:23:04.471844-05:00">
                      <testStep id="6cdf78a5a5f40138" name="9 should be [3,3]" fullName="SampleSpecs/prime kata/prime factors/9 should be [3,3]" testId="b18144258ab181f1" isPrimary="true" isTestCase="true" isDynamic="false">
                        <codeReference />
                        <codeLocation />
                        <metadata>
                          <entry key="TestKind">
                            <value>Test</value>
                          </entry>
                        </metadata>
                      </testStep>
                      <children />
                      <result assertCount="0" duration="9.6E-06">
                        <outcome status="passed" />
                      </result>
                      <testLog>
                        <streams />
                        <attachments />
                      </testLog>
                    </testStepRun>
                  </children>
                  <result assertCount="0" duration="0.0016906">
                    <outcome status="passed" />
                  </result>
                  <testLog>
                    <streams />
                    <attachments />
                  </testLog>
                </testStepRun>
              </children>
              <result assertCount="0" duration="0.0017013">
                <outcome status="passed" />
              </result>
              <testLog>
                <streams />
                <attachments />
              </testLog>
            </testStepRun>
            <testStepRun startTime="2011-09-07T18:23:04.4748441-05:00" endTime="2011-09-07T18:23:04.4858448-05:00">
              <testStep id="85531cb05cea973a" name="SomeSharedSpec" fullName="SampleSpecs/SomeSharedSpec" testId="18a6c6097b7203bb" isPrimary="true" isTestCase="false" isDynamic="false">
                <codeReference />
                <codeLocation />
                <metadata>
                  <entry key="TestKind">
                    <value>Fixture</value>
                  </entry>
                </metadata>
              </testStep>
              <children>
                <testStepRun startTime="2011-09-07T18:23:04.4758442-05:00" endTime="2011-09-07T18:23:04.4848447-05:00">
                  <testStep id="ae7ea9782519deea" name="when inherting from some shared spec" fullName="SampleSpecs/SomeSharedSpec/when inherting from some shared spec" testId="7e18567dddae6176" isPrimary="true" isTestCase="false" isDynamic="false">
                    <codeReference />
                    <codeLocation />
                    <metadata>
                      <entry key="TestKind">
                        <value>Fixture</value>
                      </entry>
                    </metadata>
                  </testStep>
                  <children>
                    <testStepRun startTime="2011-09-07T18:23:04.4768442-05:00" endTime="2011-09-07T18:23:04.4828446-05:00">
                      <testStep id="2969aa52132a7818" name="should still run tests" fullName="SampleSpecs/SomeSharedSpec/when inherting from some shared spec/should still run tests" testId="7ccdb451cb40c451" isPrimary="true" isTestCase="false" isDynamic="false">
                        <codeReference />
                        <codeLocation />
                        <metadata>
                          <entry key="TestKind">
                            <value>Fixture</value>
                          </entry>
                        </metadata>
                      </testStep>
                      <children>
                        <testStepRun startTime="2011-09-07T18:23:04.4798444-05:00" endTime="2011-09-07T18:23:04.4808445-05:00">
                          <testStep id="e3883918479a4013" name="Test should be Test" fullName="SampleSpecs/SomeSharedSpec/when inherting from some shared spec/should still run tests/Test should be Test" testId="8dc77c1be6741153" isPrimary="true" isTestCase="true" isDynamic="false">
                            <codeReference />
                            <codeLocation />
                            <metadata>
                              <entry key="TestKind">
                                <value>Test</value>
                              </entry>
                            </metadata>
                          </testStep>
                          <children />
                          <result assertCount="0" duration="9.6E-06">
                            <outcome status="passed" />
                          </result>
                          <testLog>
                            <streams />
                            <attachments />
                          </testLog>
                        </testStepRun>
                      </children>
                      <result assertCount="0" duration="2.19E-05">
                        <outcome status="passed" />
                      </result>
                      <testLog>
                        <streams />
                        <attachments />
                      </testLog>
                    </testStepRun>
                  </children>
                  <result assertCount="0" duration="4.6899999999999995E-05">
                    <outcome status="passed" />
                  </result>
                  <testLog>
                    <streams />
                    <attachments />
                  </testLog>
                </testStepRun>
              </children>
              <result assertCount="0" duration="5.9199999999999996E-05">
                <outcome status="passed" />
              </result>
              <testLog>
                <streams />
                <attachments />
              </testLog>
            </testStepRun>
            <testStepRun startTime="2011-09-07T18:23:04.4868448-05:00" endTime="2011-09-07T18:23:04.5158465-05:00">
              <testStep id="79755ea227c5d563" name="VendingMachineSpec" fullName="SampleSpecs/VendingMachineSpec" testId="ed51bdbe3742233" isPrimary="true" isTestCase="false" isDynamic="false">
                <codeReference />
                <codeLocation />
                <metadata>
                  <entry key="TestKind">
                    <value>Fixture</value>
                  </entry>
                </metadata>
              </testStep>
              <children>
                <testStepRun startTime="2011-09-07T18:23:04.4878449-05:00" endTime="2011-09-07T18:23:04.5148464-05:00">
                  <testStep id="355297e6878abd77" name="given new vending machine" fullName="SampleSpecs/VendingMachineSpec/given new vending machine" testId="1319d473065c576d" isPrimary="true" isTestCase="false" isDynamic="false">
                    <codeReference />
                    <codeLocation />
                    <metadata>
                      <entry key="TestKind">
                        <value>Fixture</value>
                      </entry>
                    </metadata>
                  </testStep>
                  <children>
                    <testStepRun startTime="2011-09-07T18:23:04.489845-05:00" endTime="2011-09-07T18:23:04.4918451-05:00">
                      <testStep id="29a6f70d9766ed46" name="getting item A1 should throw ItemNotRegistered" fullName="SampleSpecs/VendingMachineSpec/given new vending machine/getting item A1 should throw ItemNotRegistered" testId="c2f89885821f8e60" isPrimary="true" isTestCase="true" isDynamic="false">
                        <codeReference />
                        <codeLocation />
                        <metadata>
                          <entry key="TestKind">
                            <value>Test</value>
                          </entry>
                        </metadata>
                      </testStep>
                      <children />
                      <result assertCount="0" duration="0.0015735">
                        <outcome status="passed" />
                      </result>
                      <testLog>
                        <streams />
                        <attachments />
                      </testLog>
                    </testStepRun>
                    <testStepRun startTime="2011-09-07T18:23:04.4928452-05:00" endTime="2011-09-07T18:23:04.4948453-05:00">
                      <testStep id="4900bbd6ceb3b3be" name="machine Items should be empty" fullName="SampleSpecs/VendingMachineSpec/given new vending machine/machine Items should be empty" testId="d082b65801a6d9a8" isPrimary="true" isTestCase="true" isDynamic="false">
                        <codeReference />
                        <codeLocation />
                        <metadata>
                          <entry key="TestKind">
                            <value>Test</value>
                          </entry>
                        </metadata>
                      </testStep>
                      <children />
                      <result assertCount="0" duration="0.0001404">
                        <outcome status="passed" />
                      </result>
                      <testLog>
                        <streams />
                        <attachments />
                      </testLog>
                    </testStepRun>
                    <testStepRun startTime="2011-09-07T18:23:04.4958453-05:00" endTime="2011-09-07T18:23:04.5138464-05:00">
                      <testStep id="e5a9735c7b103bc" name="given doritos are registered in A1 for 50 cents" fullName="SampleSpecs/VendingMachineSpec/given new vending machine/given doritos are registered in A1 for 50 cents" testId="5a2bbf5b351e2f92" isPrimary="true" isTestCase="false" isDynamic="false">
                        <codeReference />
                        <codeLocation />
                        <metadata>
                          <entry key="TestKind">
                            <value>Fixture</value>
                          </entry>
                        </metadata>
                      </testStep>
                      <children>
                        <testStepRun startTime="2011-09-07T18:23:04.4988455-05:00" endTime="2011-09-07T18:23:04.5008456-05:00">
                          <testStep id="2cce55c118ca4ec8" name="machine Item A1 Name should be doritos" fullName="SampleSpecs/VendingMachineSpec/given new vending machine/given doritos are registered in A1 for 50 cents/machine Item A1 Name should be doritos" testId="a4889486f498cc39" isPrimary="true" isTestCase="true" isDynamic="false">
                            <codeReference />
                            <codeLocation />
                            <metadata>
                              <entry key="TestKind">
                                <value>Test</value>
                              </entry>
                            </metadata>
                          </testStep>
                          <children />
                          <result assertCount="0" duration="0.0031922">
                            <outcome status="passed" />
                          </result>
                          <testLog>
                            <streams />
                            <attachments />
                          </testLog>
                        </testStepRun>
                        <testStepRun startTime="2011-09-07T18:23:04.5018457-05:00" endTime="2011-09-07T18:23:04.5038458-05:00">
                          <testStep id="e793805fb896c7f5" name="machine Item A1 Price should be Convert 0 5" fullName="SampleSpecs/VendingMachineSpec/given new vending machine/given doritos are registered in A1 for 50 cents/machine Item A1 Price should be Convert 0 5" testId="67236236bfa31a0b" isPrimary="true" isTestCase="true" isDynamic="false">
                            <codeReference />
                            <codeLocation />
                            <metadata>
                              <entry key="TestKind">
                                <value>Test</value>
                              </entry>
                            </metadata>
                          </testStep>
                          <children />
                          <result assertCount="0" duration="0.0026144">
                            <outcome status="passed" />
                          </result>
                          <testLog>
                            <streams />
                            <attachments />
                          </testLog>
                        </testStepRun>
                        <testStepRun startTime="2011-09-07T18:23:04.5048459-05:00" endTime="2011-09-07T18:23:04.506846-05:00">
                          <testStep id="931d222ea70064cd" name="machine Items Count should be Convert 1" fullName="SampleSpecs/VendingMachineSpec/given new vending machine/given doritos are registered in A1 for 50 cents/machine Items Count should be Convert 1" testId="93287732965626c8" isPrimary="true" isTestCase="true" isDynamic="false">
                            <codeReference />
                            <codeLocation />
                            <metadata>
                              <entry key="TestKind">
                                <value>Test</value>
                              </entry>
                            </metadata>
                          </testStep>
                          <children />
                          <result assertCount="0" duration="6.23E-05">
                            <outcome status="passed" />
                          </result>
                          <testLog>
                            <streams />
                            <attachments />
                          </testLog>
                        </testStepRun>
                        <testStepRun startTime="2011-09-07T18:23:04.507846-05:00" endTime="2011-09-07T18:23:04.5118463-05:00">
                          <testStep id="87ea771e6aa37e1c" name="given a second item is registered" fullName="SampleSpecs/VendingMachineSpec/given new vending machine/given doritos are registered in A1 for 50 cents/given a second item is registered" testId="15536fc5289ae5e6" isPrimary="true" isTestCase="false" isDynamic="false">
                            <codeReference />
                            <codeLocation />
                            <metadata>
                              <entry key="TestKind">
                                <value>Fixture</value>
                              </entry>
                            </metadata>
                          </testStep>
                          <children>
                            <testStepRun startTime="2011-09-07T18:23:04.5088461-05:00" endTime="2011-09-07T18:23:04.5108462-05:00">
                              <testStep id="46649c41d7672804" name="machine Items Count should be Convert 2" fullName="SampleSpecs/VendingMachineSpec/given new vending machine/given doritos are registered in A1 for 50 cents/given a second item is registered/machine Items Count should be Convert 2" testId="cb33a4a97696c2fa" isPrimary="true" isTestCase="true" isDynamic="false">
                                <codeReference />
                                <codeLocation />
                                <metadata>
                                  <entry key="TestKind">
                                    <value>Test</value>
                                  </entry>
                                </metadata>
                              </testStep>
                              <children />
                              <result assertCount="0" duration="0.00051269999999999994">
                                <outcome status="passed" />
                              </result>
                              <testLog>
                                <streams />
                                <attachments />
                              </testLog>
                            </testStepRun>
                          </children>
                          <result assertCount="0" duration="0.0005327">
                            <outcome status="passed" />
                          </result>
                          <testLog>
                            <streams />
                            <attachments />
                          </testLog>
                        </testStepRun>
                      </children>
                      <result assertCount="0" duration="0.0064782999999999993">
                        <outcome status="passed" />
                      </result>
                      <testLog>
                        <streams />
                        <attachments />
                      </testLog>
                    </testStepRun>
                  </children>
                  <result assertCount="0" duration="0.0082274">
                    <outcome status="passed" />
                  </result>
                  <testLog>
                    <streams />
                    <attachments />
                  </testLog>
                </testStepRun>
              </children>
              <result assertCount="0" duration="0.0082373999999999989">
                <outcome status="passed" />
              </result>
              <testLog>
                <streams />
                <attachments />
              </testLog>
            </testStepRun>
          </children>
          <result assertCount="0" duration="0.46924879999999997">
            <outcome status="failed" />
          </result>
          <testLog>
            <streams />
            <attachments />
          </testLog>
        </testStepRun>
      </children>
      <result assertCount="8" duration="5.9534794999999994">
        <outcome status="failed" />
      </result>
      <testLog>
        <streams />
        <attachments />
      </testLog>
    </testStepRun>
    <statistics assertCount="8" duration="5.9603665999999995" runCount="152" passedCount="143" failedCount="9" inconclusiveCount="0" skippedCount="2" testCount="154" stepCount="275">
      <outcomeSummaries>
        <outcomeSummary count="143">
          <outcome status="passed" />
        </outcomeSummary>
        <outcomeSummary count="2">
          <outcome status="skipped" category="pending" />
        </outcomeSummary>
        <outcomeSummary count="9">
          <outcome status="failed" />
        </outcomeSummary>
      </outcomeSummaries>
    </statistics>
  </testPackageRun>
  <logEntries>
    <logEntry severity="info" message="Host started at 9/7/2011 6:22:58 PM." />
    <logEntry severity="info" message="Running under CLR v4.0.30319 runtime." />
    <logEntry severity="debug" message="Listening for connections on IPC port: 'IsolatedProcessHost.6aa317654c3c35c9'" />
    <logEntry severity="debug" message="Disabled plugin 'Gallio.VisualStudio.Shell90': The plugin enable condition was not satisfied.  Please note that this is the intended behavior for plugins that must be hosted inside third party applications in order to work.  Enable condition: '${process:DEVENV.EXE_V9.0} or ${process:VSTESTHOST.EXE_V9.0} or ${process:MSTEST.EXE_V9.0} or ${framework:NET35}'." />
    <logEntry severity="debug" message="Disabled plugin 'Gallio.VisualStudio.Tip90': The plugin depends on another disabled plugin: 'Gallio.VisualStudio.Shell90'." />
    <logEntry severity="info" message="Host stopped at 9/7/2011 6:23:01 PM." />
    <logEntry severity="info" message="Host process exited with code: 0" />
    <logEntry severity="info" message="Host started at 9/7/2011 6:23:01 PM." />
    <logEntry severity="info" message="Running under CLR v4.0.30319 runtime." />
    <logEntry severity="debug" message="Listening for connections on IPC port: 'IsolatedProcessHost.790641fd4bdc96bb'" />
    <logEntry severity="debug" message="Disabled plugin 'Gallio.VisualStudio.Shell90': The plugin enable condition was not satisfied.  Please note that this is the intended behavior for plugins that must be hosted inside third party applications in order to work.  Enable condition: '${process:DEVENV.EXE_V9.0} or ${process:VSTESTHOST.EXE_V9.0} or ${process:MSTEST.EXE_V9.0} or ${framework:NET35}'." />
    <logEntry severity="debug" message="Disabled plugin 'Gallio.VisualStudio.Tip90': The plugin depends on another disabled plugin: 'Gallio.VisualStudio.Shell90'." />
    <logEntry severity="info" message="Host stopped at 9/7/2011 6:23:04 PM." />
    <logEntry severity="info" message="Host process exited with code: 0" />
  </logEntries>
</report>